1
1
1
1
1
1
1
1
1
2
3
4
5
6
7
8
9
9
1
3
6
10
6
13
9
18
1
6
16
16
22
35
35
44
62
1
1
7
23
39
61
96
131
175
237
1
2
39
100
196
327
502
739
1
3
3
3
42
142
327
829
1568
1
4
7
10
52
194
194
521
1350
2918
1
5
12
22
74
268
462
983
2333
5251
5
17
268
730
1713
4046
9297
1
1
1
1
1
1
1
1
2
1
2
3
4
5
6
7
8
8
3
1
3
6
5
11
8
16
3
3
9
9
14
25
25
33
49
3
0
3
12
21
35
60
85
118
167
3
0
21
56
116
201
319
486
3
0
0
0
21
77
201
520
1006
3
0
0
0
21
98
98
299
819
1825
3
0
0
0
21
119
217
516
1335
3160
0
0
119
336
852
2187
5347
1
1
1
1
1
1
1
1
3
2
1
2
3
4
5
6
7
7
6
3
1
3
4
9
7
14
6
1
4
4
8
17
17
24
38
7
1
1
5
9
17
34
51
75
113
8
1
9
26
60
111
186
299
9
1
0
0
9
35
111
297
596
10
1
0
0
9
44
44
155
452
1048
11
1
0
0
9
53
97
252
704
1752
1
0
53
150
402
1106
2858
1
1
1
1
1
1
1
1
4
3
2
1
2
3
4
5
6
6
10
6
3
1
3
7
6
12
10
4
1
1
4
11
11
17
29
15
5
5
1
2
6
17
28
45
74
20
5
2
8
25
53
98
172
25
5
0
0
2
10
53
151
323
30
5
0
0
2
12
12
65
216
539
35
5
0
0
2
14
26
91
307
846
5
0
14
40
131
438
1284
1
1
1
1
1
1
1
1
5
4
3
2
1
2
3
4
5
5
14
9
5
2
2
5
5
10
14
7
2
0
2
7
7
12
22
23
9
9
2
0
2
9
16
28
50
32
9
0
2
11
27
55
105
41
9
0
0
0
2
27
82
187
50
9
0
0
0
2
2
29
111
298
59
9
0
0
0
2
4
33
144
442
9
0
2
6
39
183
625
1
1
1
1
1
1
1
1
6
5
4
3
2
1
2
3
4
4
18
12
7
3
1
3
4
8
18
11
4
1
1
4
4
8
16
35
17
17
6
2
1
5
9
17
33
52
17
3
1
6
15
32
65
73
21
4
4
4
1
15
47
112
107
34
13
9
5
1
1
16
63
175
169
62
28
15
6
1
2
18
81
256
90
28
1
3
21
102
358
1
1
1
1
1
1
1
1
7
6
5
4
3
2
1
2
3
3
22
15
9
4
3
1
3
6
22
17
8
4
4
1
1
4
10
56
34
34
17
9
5
1
2
6
16
90
34
15
6
1
3
9
25
145
55
21
21
21
6
3
12
37
269
124
69
48
27
6
0
3
15
52
543
274
150
81
33
6
0
3
18
70
424
150
6
0
3
21
91
1
1
1
1
1
1
1
1
8
7
6
5
4
3
2
1
2
2
26
18
11
5
5
2
2
4
26
23
12
7
7
2
0
2
6
77
51
51
28
16
9
2
0
2
8
128
51
27
11
2
0
2
10
217
89
38
38
38
11
0
2
12
431
214
125
87
49
11
0
0
2
14
917
486
272
147
60
11
0
0
2
16
758
272
11
0
0
2
18
1
1
1
1
1
1
1
1
9
8
7
6
5
4
3
2
1
1
30
21
13
6
7
3
1
2
30
30
17
11
11
4
1
1
3
105
75
75
45
28
17
6
2
1
4
180
75
54
26
9
3
1
5
335
155
80
80
80
26
4
1
6
761
426
271
191
111
31
5
5
1
7
1802
1041
615
344
153
42
11
6
1
8
1656
615
60
18
7
1
9
1
2
3
4
5
6
7
8
9
1
1
1
1
1
1
1
1
1
1
2
3
4
1
2
1
2
1
3
7
7
8
10
10
11
13
1
1
4
11
18
26
36
46
57
70
1
2
18
44
80
126
183
253
1
3
3
3
21
65
126
309
562
1
4
7
10
31
96
96
222
531
1093
1
5
12
22
53
149
245
467
998
2091
5
17
149
394
861
1859
3950
2
1
2
3
4
5
6
7
8
1
1
1
1
1
1
1
1
1
2
1
2
3
1
2
1
2
2
2
5
5
6
8
8
9
11
2
0
2
7
12
18
26
34
43
54
2
0
12
30
56
90
133
187
2
0
0
0
12
42
90
223
410
2
0
0
0
12
54
54
144
367
777
2
0
0
0
12
66
120
264
631
1408
0
0
66
186
450
1081
2489
3
2
1
2
3
4
5
6
7
1
1
1
1
1
1
1
1
1
3
2
1
2
1
2
1
2
3
1
3
3
4
6
6
7
9
4
1
1
4
7
11
17
23
30
39
5
1
7
18
35
58
88
127
6
1
0
0
7
25
58
146
273
7
1
0
0
7
32
32
90
236
509
8
1
0
0
7
39
71
161
397
906
1
0
39
110
271
668
1574
4
3
2
1
2
3
4
5
6
1
1
1
1
1
1
1
1
1
4
3
2
1
1
2
1
2
4
3
1
1
2
4
4
5
7
8
4
4
1
2
4
8
12
17
24
12
4
2
6
14
26
43
67
16
4
0
0
2
8
26
69
136
20
4
0
0
2
10
10
36
105
241
24
4
0
0
2
12
22
58
163
404
4
0
12
34
92
255
659
5
4
3
2
1
2
3
4
5
1
1
1
1
1
1
1
1
1
4
3
2
1
1
2
1
2
4
3
1
0
1
3
3
4
6
8
4
4
1
0
1
4
7
11
17
12
4
0
1
5
12
23
40
16
4
0
0
0
1
12
35
75
20
4
0
0
0
1
1
13
48
123
24
4
0
0
0
1
2
15
63
186
4
0
1
3
18
81
267
6
5
4
3
2
1
2
3
4
1
1
1
1
1
1
1
1
1
4
3
2
1
1
2
1
2
4
4
2
1
1
3
3
4
6
12
8
8
4
2
1
4
7
11
17
20
8
3
1
5
12
23
40
32
12
4
4
4
1
12
35
75
57
25
13
9
5
1
1
13
48
123
110
53
28
15
6
1
2
15
63
186
81
28
1
3
18
81
267
7
6
5
4
3
2
1
2
3
1
1
1
1
1
1
1
1
1
4
3
2
1
2
1
1
2
4
6
4
3
3
1
1
2
4
21
17
17
11
7
4
1
2
4
8
38
17
12
5
1
3
7
15
72
34
17
17
17
5
3
10
25
162
90
56
39
22
5
0
3
13
38
374
212
122
66
27
5
0
3
16
54
334
122
5
0
3
19
73
8
7
6
5
4
3
2
1
2
1
1
1
1
1
1
1
1
1
4
3
2
1
2
1
1
2
4
6
4
3
3
1
0
1
3
21
17
17
11
7
4
1
0
1
4
38
17
12
5
1
0
1
5
72
34
17
17
17
5
0
1
6
162
90
56
39
22
5
0
0
1
7
374
212
122
66
27
5
0
0
1
8
334
122
5
0
0
1
9
9
8
7
6
5
4
3
2
1
1
1
1
1
1
1
1
1
1
4
3
2
1
2
1
1
2
4
7
5
4
4
2
1
1
3
28
24
24
17
12
8
4
2
1
4
52
24
27
15
7
3
1
5
118
66
42
42
42
15
4
1
6
330
212
146
104
62
20
5
5
1
7
885
555
343
197
93
31
11
6
1
8
898
343
49
18
7
1
9
9
8
7
6
5
4
3
2
1
1
1
1
1
1
1
1
1
1
4
3
2
1
2
1
2
1
4
9
7
6
6
4
3
3
1
43
39
39
30
23
17
11
7
4
1
82
39
63
40
23
12
5
1
224
142
103
103
103
40
18
6
1
740
516
374
271
168
65
25
25
7
1
2192
1452
936
562
291
123
58
33
8
1
2388
936
223
100
42
9
1
1
3
6
10
14
18
22
26
30
1
2
3
4
4
4
4
4
4
4
1
1
1
0
0
0
0
1
1
2
2
2
2
2
2
2
1
1
2
4
6
8
10
12
14
16
1
2
6
14
24
36
50
66
1
3
3
3
9
23
36
86
152
1
4
7
10
19
42
42
78
164
316
1
5
12
22
41
83
125
203
367
683
5
17
83
208
411
778
1461
3
1
3
6
9
12
15
18
21
2
1
2
3
3
3
3
3
3
3
1
1
1
0
0
0
0
1
1
2
2
2
2
2
2
2
1
0
1
3
5
7
9
11
13
15
1
0
5
12
21
32
45
60
1
0
0
0
5
17
32
77
137
1
0
0
0
5
22
22
54
131
268
1
0
0
0
5
27
49
103
234
502
0
0
27
76
179
413
915
6
3
1
3
5
7
9
11
13
3
2
1
2
2
2
2
2
2
2
1
1
1
0
0
0
0
1
1
2
2
2
2
2
2
2
2
1
1
3
5
7
9
11
13
15
3
1
5
12
21
32
45
60
4
1
0
0
5
17
32
77
137
5
1
0
0
5
22
22
54
131
268
6
1
0
0
5
27
49
103
234
502
1
0
27
76
179
413
915
10
6
3
1
2
3
4
5
6
4
3
2
1
1
1
1
1
1
1
1
1
1
0
0
0
0
1
2
1
1
1
1
1
1
1
4
3
3
1
2
3
4
5
6
7
7
3
2
5
9
14
20
27
10
3
0
0
2
7
14
34
61
13
3
0
0
2
9
9
23
57
118
16
3
0
0
2
11
20
43
100
218
3
0
11
31
74
174
392
6
5
4
3
2
1
3
5
7
1
1
1
1
1
1
2
2
2
2
0
0
0
0
1
0
0
0
1
1
1
1
2
2
2
2
4
4
4
3
2
1
3
5
7
9
8
4
3
1
4
9
16
25
16
8
4
4
4
1
9
25
50
37
21
13
9
5
1
1
10
35
85
86
49
28
15
6
1
2
12
47
132
77
28
1
3
15
62
194
13
11
9
7
5
3
1
2
3
2
2
2
2
2
2
1
1
1
1
0
0
0
0
1
0
0
0
2
2
2
2
1
1
1
1
9
9
9
7
5
3
1
2
3
4
18
9
9
4
1
3
6
10
40
22
13
13
13
4
3
9
19
105
65
43
30
17
4
0
3
12
31
264
159
94
51
21
4
0
3
15
46
253
94
4
0
3
18
64
9
8
7
6
5
4
3
2
1
1
1
1
1
1
1
1
1
1
2
0
0
0
0
0
0
1
0
1
1
1
1
1
1
1
2
7
7
7
6
5
4
3
2
1
3
14
7
15
10
6
3
1
4
46
32
25
25
25
10
4
1
5
168
122
90
65
40
15
5
5
1
6
511
343
221
131
66
26
11
6
1
7
564
221
44
18
7
1
8
18
16
14
12
10
8
6
4
2
2
2
2
2
2
2
2
2
2
1
0
0
0
0
0
0
1
0
2
2
2
2
2
2
2
1
15
15
15
13
11
9
7
5
3
1
30
15
36
25
16
9
4
1
106
76
61
61
61
25
14
5
1
410
304
228
167
106
45
20
20
6
1
1307
897
593
365
198
92
47
27
7
1
1490
593
174
82
35
8
1
1
3
6
10
14
18
22
26
30
1
2
3
4
4
4
4
4
4
4
1
1
1
1
0
0
0
0
0
0
0
0
0
0
0
0
1
1
1
1
1
1
1
1
1
1
1
2
1
2
3
4
5
6
1
3
3
3
4
6
4
9
15
1
4
7
10
14
20
20
24
33
48
1
5
12
22
36
56
76
100
133
181
5
17
56
132
232
365
546
6
3
1
4
7
11
17
23
30
3
2
1
3
3
4
6
6
7
9
1
1
1
2
1
2
1
2
0
1
1
1
1
1
1
1
1
1
1
2
3
4
5
6
7
8
2
1
3
7
12
18
25
33
3
1
0
0
3
10
18
43
76
4
1
0
0
3
13
13
31
74
150
5
1
0
0
3
16
29
60
134
284
1
0
16
45
105
239
523
16
9
4
1
2
4
8
12
17
7
5
3
1
1
2
4
4
5
7
2
2
2
1
1
2
1
2
0
1
1
1
1
1
1
1
2
2
2
1
2
3
4
5
6
7
4
2
2
5
9
14
20
27
6
2
0
0
2
7
14
34
61
8
2
0
0
2
9
9
23
57
118
10
2
0
0
2
11
20
43
100
218
2
0
11
31
74
174
392
16
9
4
1
0
1
4
7
11
7
5
3
1
0
1
3
3
4
6
2
2
2
1
1
2
1
2
0
1
1
1
1
1
1
1
3
3
3
2
1
2
3
4
5
6
6
3
1
3
6
10
15
21
10
4
1
1
1
4
10
25
46
17
7
3
2
1
5
5
15
40
86
30
13
6
3
1
6
11
26
66
152
19
6
6
17
43
109
261
22
14
8
4
2
1
4
7
11
8
6
4
2
1
1
3
3
4
6
2
2
2
1
1
2
1
2
0
1
1
1
1
1
1
1
4
4
4
3
2
1
2
3
4
5
8
4
3
1
3
6
10
15
16
8
4
4
4
1
6
16
31
37
21
13
9
5
1
1
7
23
54
86
49
28
15
6
1
2
9
32
86
77
28
1
3
12
44
130
35
25
17
11
7
4
1
2
4
10
8
6
4
3
3
1
1
2
4
2
2
2
1
2
1
1
2
0
1
1
1
1
1
1
1
5
5
5
4
3
2
1
2
3
4
10
5
6
3
1
3
6
10
24
14
9
9
9
3
3
9
19
68
44
30
21
12
3
0
3
12
31
178
110
66
36
15
3
0
3
15
46
176
66
3
0
3
18
64
35
25
17
11
7
4
1
0
1
10
8
6
4
3
3
1
0
1
3
2
2
2
1
2
1
1
2
0
1
1
1
1
1
1
1
6
6
6
5
4
3
2
1
2
3
12
6
10
6
3
1
3
6
34
22
16
16
16
6
1
4
10
111
77
55
39
23
7
1
1
5
15
314
203
126
71
32
9
2
1
6
21
329
126
12
3
1
7
28
44
33
24
17
12
8
4
2
1
11
9
7
5
4
4
2
1
1
3
2
2
2
1
2
1
1
2
0
1
1
1
1
1
1
1
7
7
7
6
5
4
3
2
1
2
14
7
15
10
6
3
1
3
46
32
25
25
25
10
4
1
4
168
122
90
65
40
15
5
5
1
5
511
343
221
131
66
26
11
6
1
6
564
221
44
18
7
1
7
62
49
38
29
22
16
10
6
3
13
11
9
7
6
6
4
3
3
1
2
2
2
1
2
1
2
1
0
1
1
1
1
1
1
1
8
8
8
7
6
5
4
3
2
1
16
8
21
15
10
6
3
1
60
44
36
36
36
15
10
4
1
242
182
138
102
66
30
15
15
5
1
796
554
372
234
132
66
36
21
6
1
926
372
130
64
28
7
1
1
3
7
15
23
35
56
77
105
1
2
4
8
8
12
21
21
28
43
1
1
2
4
4
9
7
15
1
1
2
3
4
5
6
7
8
1
1
1
1
1
1
1
1
1
1
2
1
2
3
4
5
6
1
3
3
3
4
6
4
9
15
1
4
7
10
14
20
20
24
33
48
1
5
12
22
36
56
76
100
133
181
5
17
56
132
232
365
546
1
0
1
5
9
17
34
51
75
1
0
1
4
4
8
17
17
24
39
1
0
1
3
4
9
7
15
1
1
2
3
4
5
6
7
8
1
1
1
1
1
1
1
1
1
2
1
1
2
3
4
5
6
3
1
1
1
2
4
4
9
15
4
1
2
3
5
9
9
13
22
37
5
1
3
6
11
20
29
42
64
101
1
4
20
49
91
155
256
7
3
1
5
9
17
34
51
75
4
2
1
4
4
8
17
17
24
39
2
1
1
3
4
9
7
15
1
1
2
3
4
5
6
7
8
1
1
1
1
1
1
1
1
1
2
1
1
2
3
4
5
6
3
1
0
0
1
3
4
9
15
4
1
0
0
1
4
4
8
17
32
5
1
0
0
1
5
9
17
34
66
1
0
5
14
31
65
131
23
12
5
1
2
6
17
28
45
11
7
4
1
1
4
11
11
17
30
4
3
3
1
3
7
6
13
1
2
1
2
3
4
5
6
7
1
1
1
1
1
1
1
1
1
2
1
1
2
3
4
5
6
3
1
0
0
1
3
4
9
15
4
1
0
0
1
4
4
8
17
32
5
1
0
0
1
5
9
17
34
66
1
0
5
14
31
65
131
39
21
9
2
0
2
9
16
28
18
12
7
2
0
2
7
7
12
23
6
5
5
2
2
5
5
11
1
3
2
1
2
3
4
5
6
1
1
1
1
1
1
1
1
1
2
1
1
2
3
4
5
6
4
2
1
1
1
3
4
9
15
9
5
3
2
1
4
4
8
17
32
20
11
6
3
1
5
9
17
34
66
17
6
5
14
31
65
131
61
35
17
6
2
1
5
9
17
26
18
11
4
1
1
4
4
8
17
8
7
7
3
1
3
4
9
1
4
3
2
1
2
3
4
5
1
1
1
1
1
1
1
1
1
2
1
2
1
2
3
4
5
6
4
3
3
3
1
3
7
12
20
14
10
7
4
1
1
4
11
23
56
36
22
12
5
1
2
6
17
40
58
22
1
3
9
26
66
96
60
34
17
9
5
1
2
6
36
26
17
8
4
4
1
1
4
11
10
9
9
4
3
1
3
7
1
5
4
3
2
1
2
3
4
1
1
1
1
1
1
1
1
1
2
1
3
2
1
2
3
4
8
6
5
5
5
2
2
5
9
31
23
17
12
7
2
0
2
7
16
92
61
38
21
9
2
0
2
9
25
99
38
2
0
2
11
36
131
85
51
28
16
9
2
0
2
46
34
23
12
7
7
2
0
2
7
12
11
11
5
5
2
2
5
1
6
5
4
3
2
1
2
3
1
1
1
1
1
1
1
1
1
2
1
4
3
2
1
2
3
10
8
7
7
7
3
1
3
6
43
33
25
18
11
4
1
1
4
10
136
93
60
35
17
6
2
1
5
15
153
60
9
3
1
6
21
175
118
75
45
28
17
6
2
1
57
43
30
17
11
11
4
1
1
4
14
13
13
6
7
3
1
3
1
7
6
5
4
3
2
1
2
1
1
1
1
1
1
1
1
1
2
1
5
4
3
2
1
2
12
10
9
9
9
4
3
1
3
57
45
35
26
17
8
4
4
1
4
197
140
95
60
34
17
9
5
1
5
235
95
32
15
6
1
6
237
167
113
74
50
33
16
8
4
70
54
39
24
17
17
8
4
4
1
16
15
15
7
9
4
3
1
1
8
7
6
5
4
3
2
1
1
1
1
1
1
1
1
1
1
2
1
6
5
4
3
2
1
14
12
11
11
11
5
6
3
1
74
60
48
37
26
15
10
10
4
1
285
211
151
103
66
40
25
15
5
1
362
151
86
46
21
6
1
1
3
8
20
32
52
90
128
180
1
2
5
12
12
20
38
38
52
82
1
1
3
7
8
18
14
30
1
2
4
6
8
10
12
14
16
1
2
2
2
2
2
2
2
2
2
1
0
0
0
0
0
0
1
2
2
2
2
2
0
0
0
1
3
5
7
9
11
11
11
11
11
1
4
9
16
25
36
47
58
69
80
4
13
36
83
141
210
290
2
0
1
5
9
17
34
51
75
2
0
1
4
4
8
17
17
24
39
2
0
1
3
4
9
7
15
2
1
2
3
4
5
6
7
8
2
1
1
1
1
1
1
1
1
1
1
0
0
0
0
0
0
2
1
1
1
1
1
0
0
0
3
1
2
3
4
5
5
5
5
5
4
1
3
6
10
15
20
25
30
35
1
4
15
35
60
90
125
39
21
9
2
0
3
15
27
54
18
12
7
2
0
3
12
12
27
63
6
5
5
2
3
9
15
36
1
3
2
1
3
6
10
15
21
1
1
1
1
1
2
3
4
5
6
0
0
1
1
1
1
1
1
1
1
1
1
2
1
2
3
5
4
3
2
1
3
3
4
6
9
15
10
6
3
1
4
7
11
17
26
16
6
4
11
22
39
65
100
56
26
8
2
1
6
11
26
44
30
18
6
1
1
5
5
15
40
14
12
12
5
1
4
10
25
2
7
5
3
1
3
6
10
15
2
2
2
2
2
1
2
3
4
5
0
0
1
1
1
1
1
2
2
2
2
2
1
1
2
3
11
9
7
5
3
1
1
2
4
7
36
25
16
9
4
1
2
4
8
15
41
16
1
3
7
15
30
196
116
60
25
11
6
1
2
9
80
56
35
14
5
5
1
1
7
23
24
21
21
9
4
1
6
16
3
12
9
6
3
1
3
6
10
3
3
3
3
3
2
1
2
3
4
0
0
1
1
1
1
1
2
2
2
2
2
1
1
2
3
11
9
7
5
3
1
0
1
3
6
36
25
16
9
4
1
0
1
4
10
41
16
1
0
1
5
15
327
201
111
53
27
15
3
0
3
126
90
58
26
12
12
3
0
3
12
36
32
32
14
9
3
3
9
4
18
14
10
6
3
1
3
6
4
4
4
4
4
3
2
1
2
3
0
0
1
1
1
1
1
2
2
2
2
2
1
1
2
3
12
10
8
6
4
2
1
1
3
6
44
32
22
14
8
4
2
1
4
10
54
22
7
3
1
5
15
502
319
186
98
55
32
9
2
1
183
133
88
43
23
23
7
1
1
5
50
45
45
20
16
6
1
4
5
25
20
15
10
6
3
1
3
5
5
5
5
5
4
3
2
1
2
0
0
1
1
1
1
1
2
2
2
2
2
1
2
1
2
14
12
10
8
6
4
3
3
1
3
61
47
35
25
17
11
7
4
1
4
82
35
23
12
5
1
5
739
486
299
172
105
65
25
10
5
253
187
127
67
40
40
15
5
5
1
66
60
60
27
25
10
4
1
6
33
27
21
15
10
6
3
1
6
6
6
6
6
5
4
3
2
1
0
0
1
1
1
1
1
2
2
2
2
2
1
3
2
1
17
15
13
11
9
7
6
6
3
1
88
71
56
43
32
23
16
10
4
1
127
56
54
31
15
5
1
1
3
9
25
41
73
145
217
335
1
2
6
16
16
32
72
72
118
224
1
1
4
10
16
40
46
106
1
3
6
10
16
24
34
46
60
1
3
3
3
4
6
8
10
12
14
1
2
1
2
2
2
2
2
1
1
1
1
1
0
0
0
1
2
3
4
5
6
6
6
6
6
1
3
6
10
15
21
27
33
39
45
3
9
21
48
81
120
165
3
0
1
5
9
21
55
89
155
3
0
1
4
4
12
34
34
66
142
3
0
1
3
8
22
32
76
3
1
2
4
8
14
22
32
44
3
1
1
1
2
4
6
8
10
12
2
1
1
2
2
2
2
2
1
1
1
1
1
0
0
0
2
1
2
3
4
5
5
5
5
5
3
1
3
6
10
15
20
25
30
35
1
4
15
35
60
90
125
3
0
0
0
0
4
21
38
80
3
0
0
0
0
4
17
17
42
103
3
0
0
0
4
13
25
61
3
0
0
1
4
9
16
25
36
3
1
0
0
1
3
5
7
9
11
2
1
1
2
2
2
2
2
1
1
1
1
1
0
0
0
3
2
1
2
3
4
4
4
4
4
6
3
1
3
6
10
14
18
22
26
4
1
10
24
42
64
90
3
0
0
0
0
4
21
38
80
3
0
0
0
0
4
17
17
42
103
3
0
0
0
4
13
25
61
3
0
0
1
4
9
16
25
36
3
1
0
0
1
3
5
7
9
11
2
1
1
2
2
2
2
2
1
1
1
1
1
0
0
0
4
3
2
1
2
3
3
3
3
3
10
6
3
1
3
6
9
12
15
18
9
3
6
15
27
42
60
42
21
9
2
0
4
21
38
80
21
12
7
2
0
4
17
17
42
103
9
5
5
2
4
13
25
61
4
3
2
1
4
9
16
25
36
4
2
1
1
1
3
5
7
9
11
2
1
1
2
2
2
2
2
1
1
1
1
1
0
0
0
5
4
3
2
1
2
2
2
2
2
15
10
6
3
1
3
5
7
9
11
16
6
3
8
15
24
35
142
77
35
10
2
1
6
11
26
65
42
25
8
1
1
5
5
15
40
23
17
17
7
1
4
10
25
6
10
7
4
1
3
6
10
15
6
4
3
3
3
1
2
3
4
5
2
1
2
1
1
1
1
1
1
1
1
1
1
0
0
0
6
5
4
3
2
1
1
1
1
1
21
15
10
6
3
1
2
3
4
5
25
10
1
3
6
10
15
327
201
111
53
27
15
3
0
4
126
90
58
26
12
12
3
0
4
18
36
32
32
14
9
3
4
14
4
18
14
10
6
3
1
4
10
4
4
4
4
4
3
2
1
3
6
0
0
1
1
1
1
2
3
0
0
0
0
0
0
1
1
1
1
1
1
1
1
1
1
2
3
8
7
6
5
4
3
2
1
3
6
13
6
6
3
1
4
10
829
520
297
151
82
47
12
2
1
309
223
146
69
35
35
10
1
1
6
86
77
77
34
25
9
1
5
9
43
34
25
16
9
4
1
4
9
9
9
9
9
7
5
3
1
3
0
0
2
2
2
2
1
2
0
0
0
0
0
0
1
1
2
2
2
2
2
2
2
2
1
2
17
15
13
11
9
7
5
3
1
3
28
13
16
9
4
1
4
1568
1006
596
323
187
112
37
12
6
562
410
273
136
75
75
25
6
6
1
152
137
137
61
50
19
5
1
15
76
61
46
31
19
10
4
1
15
15
15
15
15
12
9
6
3
1
0
0
3
3
3
3
2
1
0
0
0
0
0
0
1
1
3
3
3
3
3
3
3
3
2
1
27
24
21
18
15
12
9
6
3
1
45
21
31
19
10
4
1
1
3
10
30
50
107
269
431
761
1
2
7
20
20
57
162
162
330
740
1
1
5
13
37
105
168
410
1
4
8
17
37
68
111
168
242
1
4
4
4
9
20
31
43
57
74
1
3
5
11
11
12
14
17
1
2
3
4
5
6
1
2
3
1
1
1
1
1
1
1
1
1
1
2
3
4
5
6
7
8
9
10
2
5
6
13
21
30
40
4
0
1
5
9
34
124
214
426
4
0
1
4
4
25
90
90
212
516
4
0
1
3
21
65
122
304
4
1
2
7
21
44
77
122
182
4
1
1
1
5
14
23
33
45
60
3
1
4
9
9
10
12
15
2
1
2
3
4
5
1
2
3
1
1
1
1
1
1
1
1
1
2
1
2
3
4
5
6
7
8
9
1
3
5
11
18
26
35
7
0
0
0
0
13
69
125
271
7
0
0
0
0
13
56
56
146
374
7
0
0
0
13
43
90
228
7
0
0
3
13
30
55
90
138
7
2
0
0
3
10
17
25
35
48
5
2
3
7
7
8
10
13
3
2
1
2
3
4
1
2
3
1
1
1
1
1
1
1
1
1
3
2
1
2
3
4
5
6
7
8
3
1
4
9
15
22
30
10
0
0
0
0
9
48
87
191
10
0
0
0
0
9
39
39
104
271
10
0
0
0
9
30
65
167
10
0
0
2
9
21
39
65
102
10
3
0
0
2
7
12
18
26
37
7
3
2
5
5
6
8
11
4
3
2
1
2
3
1
2
3
1
1
1
1
1
1
1
1
1
4
3
2
1
2
3
4
5
6
7
5
2
3
7
12
18
25
52
21
9
2
0
5
27
49
111
31
12
7
2
0
5
22
22
62
168
19
5
5
2
5
17
40
106
14
3
2
1
5
12
23
40
66
14
5
1
1
1
4
7
11
17
26
9
4
1
3
3
4
6
9
5
4
3
2
1
2
1
2
3
1
1
1
1
1
1
1
1
1
5
4
3
2
1
2
3
4
5
6
7
3
2
5
9
14
20
194
98
44
12
2
1
6
11
31
96
54
32
10
1
1
5
5
20
65
42
22
22
9
1
4
15
45
20
13
9
5
1
3
7
15
30
20
9
4
4
4
1
2
4
8
15
11
5
3
1
1
2
4
7
6
5
4
3
2
1
1
2
3
1
1
1
1
1
1
1
1
1
6
5
4
3
2
1
2
3
4
5
9
4
1
3
6
10
15
194
98
44
12
2
1
0
0
5
96
54
32
10
1
1
0
0
5
25
42
22
22
9
1
0
5
20
20
13
9
5
1
0
1
5
15
20
9
4
4
4
1
0
1
4
10
11
5
3
1
0
1
3
6
6
5
4
3
2
1
1
2
3
1
1
1
1
1
1
1
1
1
7
6
5
4
3
2
1
2
3
4
11
5
3
1
3
6
10
521
299
155
65
29
16
3
0
5
222
144
90
36
13
13
3
0
5
25
78
54
54
23
10
3
5
20
24
31
23
15
7
3
1
5
15
24
13
8
8
8
4
2
1
4
10
11
5
4
2
1
1
3
6
6
5
4
3
2
1
1
2
3
1
1
1
1
1
1
1
1
1
8
7
6
5
4
3
2
1
2
3
13
6
6
3
1
3
6
1350
819
452
216
111
63
15
2
1
531
367
236
105
48
48
13
1
1
7
164
131
131
57
35
12
1
6
33
74
57
40
23
12
5
1
5
33
22
17
17
17
11
7
4
1
4
11
5
6
4
3
3
1
3
6
5
4
3
2
1
2
1
2
1
1
1
1
1
1
1
1
1
9
8
7
6
5
4
3
2
1
2
15
7
10
6
3
1
3
2918
1825
1048
539
298
175
52
14
7
1093
777
509
241
123
123
38
7
7
1
316
268
268
118
85
31
6
1
48
150
118
86
54
31
15
5
1
48
37
32
32
32
23
16
10
4
1
11
5
9
7
6
6
3
1
6
5
4
3
2
1
3
2
1
1
1
1
1
1
1
1
1
1
10
9
8
7
6
5
4
3
2
1
17
8
15
10
6
3
1
1
3
11
35
59
169
543
917
1802
1
2
8
24
24
110
374
374
885
2192
1
1
6
16
86
264
511
1307
1
5
10
30
86
178
314
511
796
1
5
5
5
20
56
92
136
197
285
1
4
15
36
36
44
61
88
1
3
6
10
15
21
8
17
27
1
2
3
4
5
6
7
8
9
10
1
1
1
1
1
1
1
1
1
1
2
1
2
3
4
5
5
0
1
5
9
62
274
486
1041
5
0
1
4
4
53
212
212
555
1452
5
0
1
3
49
159
343
897
5
1
2
13
49
110
203
343
554
5
1
1
1
11
36
61
93
140
211
4
1
10
25
25
32
47
71
3
1
3
6
10
15
7
15
24
2
1
2
3
4
5
6
7
8
9
1
1
1
1
1
1
1
1
1
1
2
1
2
3
4
5
12
0
0
0
0
28
150
272
615
12
0
0
0
0
28
122
122
343
936
12
0
0
0
28
94
221
593
12
0
0
6
28
66
126
221
372
12
3
0
0
6
22
38
60
95
151
9
3
6
16
16
22
35
56
6
3
1
3
6
10
6
13
21
3
2
1
2
3
4
5
6
7
8
1
1
1
1
1
1
1
1
1
2
1
1
2
3
4
5
22
0
0
0
0
15
81
147
344
22
0
0
0
0
15
66
66
197
562
22
0
0
0
15
51
131
365
22
0
0
3
15
36
71
131
234
22
6
0
0
3
12
21
35
60
103
16
6
3
9
9
14
25
43
10
6
3
1
3
6
5
11
18
4
3
2
1
2
3
4
5
6
7
1
1
1
1
1
1
1
1
1
2
1
1
2
3
4
5
74
21
9
2
0
6
33
60
153
53
12
7
2
0
6
27
27
93
291
41
5
5
2
6
21
66
198
36
3
2
1
6
15
32
66
132
36
11
1
1
1
5
9
17
34
66
25
10
1
4
4
8
17
32
15
10
6
3
1
3
4
9
15
5
4
3
2
1
2
3
4
5
6
1
1
1
1
1
1
1
1
1
2
1
1
2
3
4
5
268
119
53
14
2
1
6
11
42
149
66
39
12
1
1
5
5
31
123
83
27
27
11
1
4
26
92
56
16
11
6
1
3
9
26
66
56
20
5
5
5
1
2
6
17
40
36
15
4
1
1
4
11
23
21
15
10
6
3
1
3
7
12
6
5
4
3
2
1
2
3
4
5
1
1
1
1
1
1
1
1
1
2
1
1
2
3
4
5
462
217
97
26
4
2
0
0
11
245
120
71
22
2
2
0
0
11
58
125
49
49
20
2
0
11
47
76
29
20
11
2
0
2
11
36
76
29
9
9
9
2
0
2
9
25
47
20
7
2
0
2
7
16
27
20
14
9
5
2
2
5
9
7
6
5
4
3
2
1
2
3
4
1
1
1
1
1
1
1
1
1
2
1
2
1
2
3
4
983
516
252
91
33
18
3
0
6
467
264
161
58
15
15
3
0
6
33
203
103
103
43
12
3
6
27
100
60
43
26
9
3
1
6
21
100
42
17
17
17
6
2
1
5
15
58
25
11
4
1
1
4
10
33
25
18
12
7
3
1
3
6
8
7
6
5
4
3
2
1
2
3
1
1
1
1
1
1
1
1
1
2
1
3
2
1
2
3
2333
1335
704
307
144
81
18
2
1
998
631
397
163
63
63
16
1
1
8
367
234
234
100
47
15
1
7
133
134
100
66
32
15
6
1
6
133
64
34
34
34
17
9
5
1
5
69
30
17
8
4
4
1
4
39
30
22
15
9
4
3
1
3
9
8
7
6
5
4
3
2
1
2
1
1
1
1
1
1
1
1
1
2
1
4
3
2
1
2
5251
3160
1752
846
442
256
70
16
8
2091
1408
906
404
186
186
54
8
8
1
683
502
502
218
132
46
7
1
181
284
218
152
86
46
21
6
1
181
101
66
66
66
40
25
15
5
1
80
35
26
15
10
10
4
1
45
35
26
18
11
5
6
3
1
10
9
8
7
6
5
4
3
2
1
1
1
1
1
1
1
1
1
1
2
1
5
4
3
2
1
5
0
1
5
9
90
424
758
1656
5
0
1
4
4
81
334
334
898
2388
5
0
1
3
77
253
564
1490
5
1
2
19
77
176
329
564
926
5
1
1
1
17
58
99
153
235
362
4
1
16
41
41
54
82
127
3
1
4
9
16
25
13
28
45
2
1
3
5
7
9
11
13
15
17
1
1
2
2
2
2
2
2
2
2
1
0
0
0
0
0
17
0
0
0
0
28
150
272
615
17
0
0
0
0
28
122
122
343
936
17
0
0
0
28
94
221
593
17
0
0
6
28
66
126
221
372
17
4
0
0
6
22
38
60
95
151
13
4
6
16
16
22
35
56
9
4
1
3
6
10
6
13
21
5
3
1
2
3
4
5
6
7
8
2
2
1
1
1
1
1
1
1
1
1
0
0
0
0
0
268
119
53
14
2
1
6
11
60
149
66
39
12
1
1
5
5
49
223
83
27
27
11
1
4
44
174
56
16
11
6
1
3
12
44
130
56
20
5
5
5
1
2
9
32
86
36
15
4
1
1
7
23
54
21
15
10
6
3
1
6
16
31
6
5
4
3
2
1
3
6
10
15
1
1
1
1
1
1
2
3
4
5
0
0
1
1
1
1
730
336
150
40
6
3
0
0
18
394
186
110
34
3
3
0
0
18
100
208
76
76
31
3
0
18
82
132
45
31
17
3
0
3
18
64
132
49
14
14
14
3
0
3
15
46
83
35
11
3
0
3
12
31
48
35
24
15
8
3
3
9
19
13
11
9
7
5
3
1
3
6
10
2
2
2
2
2
2
1
2
3
4
0
0
1
1
1
1
1713
852
402
131
39
21
3
0
7
861
450
271
92
18
18
3
0
7
42
411
179
179
74
15
3
7
35
232
105
74
43
12
3
1
7
28
232
91
31
31
31
9
2
1
6
21
141
60
22
7
1
1
5
15
81
60
42
27
15
6
1
4
10
21
18
15
12
9
6
3
1
3
6
3
3
3
3
3
3
2
1
2
3
0
0
1
1
1
1
4046
2187
1106
438
183
102
21
2
1
1859
1081
668
255
81
81
19
1
1
9
778
413
413
174
62
18
1
8
365
239
174
109
44
18
7
1
7
365
155
65
65
65
26
11
6
1
6
210
90
39
15
5
5
1
5
120
90
64
42
24
10
4
1
4
30
26
22
18
14
10
6
3
1
3
4
4
4
4
4
4
3
2
1
2
0
0
1
1
1
1
9297
5347
2858
1284
625
358
91
18
9
3950
2489
1574
659
267
267
73
9
9
1
1461
915
915
392
194
64
8
1
546
523
392
261
130
64
28
7
1
546
256
131
131
131
66
36
21
6
1
290
125
65
30
15
15
5
1
165
125
90
60
35
15
10
4
1
40
35
30
25
20
15
10
6
3
1
5
5
5
5
5
5
4
3
2
1
0
0
1
1
1
1
