227538718
65030785
358794264
218789990
357052189
118271506
839987948
939894447
736684552
74323911
846923436
15714241
731543172
626363673
954098534
287650743
563955832
766860727
127138468
973561158
184812476
624503040
323261081
285650369
619573412
74492707
26538916
335973463
550286196
837133687
61539394
34558704
210608684
695084130
896386186
702184960
45413791
267192704
468612658
216778924
406450760
211756247
124757439
61694670
571342875
479320908
171150329
140559678
498726187
53857773
495168091
114270708
972666338
173968046
766814486
665943758
369528960
105149039
97517135
953896654
519774271
805130567
328676297
771111351
84843771
913518180
220484644
563446471
149154800
501721846
748923176
726541770
588538962
294802555
71087195
970531081
141067029
207733003
570193629
541527888
168681503
480803392
381767408
615230022
491350199
236164914
609986665
902155969
424779665
542141580
463919156
406130412
573245984
947346654
921145806
365244150
713358868
257933109
632025877
382335331
690150703
421125315
354229736
379485342
121438575
932382219
532296911
889852322
371016568
518534409
30673533
802040950
501602753
130294201
229658345
638871528
536314429
136172254
654654230
760185152
838783619
99217488
318683780
579912732
928825413
114700768
141523707
103849407
756362128
656144260
943550077
884122797
290071998
401567685
805137741
431466306
588579205
651413459
820005945
830697644
872304150
19323156
459687996
419837134
659391637
29199720
344555506
113489626
110875715
623033561
611094990
606252099
976380115
981094350
23814111
475941889
3830421
369701451
828839390
736554959
98226435
696912971
662455987
2364113
629354001
535601013
582008115
933859820
23419315
561952694
301124470
751395684
189615866
2085067
40701576
837797216
627678410
18445264
493850435
827678999
606290441
588492358
886190776
262570714
679598170
632905540
389472980
143483166
278414586
826642486
320538811
292387265
197174518
473773999
629179348
304146475
734969772
884062498
607994525
364633979
269289294
662091412
708993100
839341796
44815948
578364003
650829745
809716563
209491910
666998708
859379688
254503574
623557714
176706976
831632716
564794539
433744487
997394593
278014555
658769318
162931741
317818451
599867672
569234235
358823231
600355388
406614284
484483010
759606860
514164575
628791722
21609843
145182055
430539611
525345813
493396671
732257564
466839182
188977001
480292099
479611251
222471337
532663599
132963833
230159817
411756448
43725705
83010328
886594068
607001023
359237704
414341213
97582615
98950896
268865837
265354218
223771877
930053556
531831923
659389049
946105261
464533928
946090705
60565756
736678098
599814699
889807144
519400312
722933526
911380324
73583585
826222565
710477824
589401890
280514509
215627269
882182445
94449969
552169920
814126821
846926606
627063940
77018373
109672175
270081701
164811149
977248235
696145082
123346396
24657150
44682792
959492665
222412611
985715826
530088395
329826802
678024651
718485377
753702665
396085353
169382958
961227933
578957082
967180313
368262999
144888548
668816160
268225640
709052461
374575508
779836676
575444544
730835288
397459388
751138037
498602176
402615521
607946162
652288834
423673598
92249840
476220799
766906550
306650951
617118669
102319073
920884526
640893776
765102612
733147365
146583369
943372726
711376649
896962150
668837868
465940551
669120783
560569626
523199305
420152368
97591231
834823273
277270418
127247796
180363516
663095543
36078486
887730501
986078352
875298136
396400348
470667816
450205778
555251604
563234644
889086648
673713673
598520113
665954990
314903922
466585954
584565624
565894184
261824368
345101093
625203527
204013995
955835144
81157038
164009143
234939187
830247682
445927386
382328043
458876836
725769703
811303886
833479605
100787181
52001583
219125200
62088207
739347797
632668597
638598569
882633271
125813312
56705190
45007605
407453622
517831198
890105907
299531437
716448114
709205051
237380059
942562109
585275708
575206434
994770029
697397090
181205264
952772176
128839872
167079557
509521889
907391987
733716821
210869353
274709228
840370767
947683842
469225768
447489615
540055594
973416961
395368484
933133269
162354841
693984817
162180427
133162153
506836156
872093293
867821168
857602404
457247813
945123636
819601973
524958443
923596468
47251365
554045616
598258456
867739293
322463942
420224991
848328868
674380612
112646129
547387409
1629707
402113880
216141886
386719532
2784251
459968372
448728005
708678120
938421044
140969464
162798556
893085214
82190992
819564983
580209606
836026050
182387085
74274
688374166
466737233
499262943
380317772
348360855
52872704
516834459
791611164
101918949
810804022
420525154
314006711
344104920
143287625
9852012
465199185
602051209
765237209
350215667
418161180
974001331
833407050
853228957
441235795
474845315
168434088
503703693
691517686
807447407
839501324
830341664
922664277
543740793
994548937
641549597
470725824
143825675
83381101
373660588
876568679
672285441
63708508
270338521
565218000
135389222
299301309
760030307
158198801
246177653
758089970
40035215
486316128
228351617
73844245
123848695
823849314
870064204
565841531
596903631
837574874
337444169
669592501
496639807
90113456
572800724
412745723
904632557
75005763
736111839
686811879
156207015
546047632
923372562
978372829
105815128
787182219
666737519
539676221
871273669
923217965
424704374
103668382
206988160
863074680
690549876
304415702
819820864
259939330
749483394
10658691
672671806
817664052
872003925
996953334
399317616
380339650
156979557
402583573
642080602
854267657
97478969
440518864
187963154
669862694
628921698
727841997
670524307
405613885
779005723
918987310
87393895
583824791
640581393
999875003
710643870
862495993
443790284
928423781
73941669
954464925
348633810
534708438
48571432
574008250
747693812
426135144
667502470
255566036
199696872
616411313
706942377
214996920
264001315
331623101
123598766
239765482
945910071
466887873
268388078
854003945
328742890
274795805
407081013
734696050
35840332
926231849
68309719
414827385
621256363
278760838
82221264
417833717
631412847
655528874
103920169
244882736
958584827
993909357
461607399
287277331
985050242
939663367
372006754
363349738
648972551
748009588
243253674
891859213
507101232
113308737
839044963
671412136
137133123
184610852
598514821
163756671
816369440
555938644
525606617
1897946
947061878
86174353
653414736
110128819
991896910
52244658
982516293
491207178
187015826
276595889
946877902
738030367
136045622
449267459
969218424
318380393
680873518
706967931
426106890
857887480
580703256
54810207
812956232
270944938
128600469
480946001
860174410
374992834
440358536
197093702
771702742
787764801
902948755
976487938
478106323
359370583
59771415
816548726
686607837
962204701
724121789
656862860
984461753
442732918
168526920
776479918
744352335
158331178
682148833
266753150
108442887
203179063
212721473
183410215
649828114
845447165
439031581
134790809
165610138
196498861
898987083
706074670
424222403
958206374
139122940
402060895
556611010
250465592
870735273
291115874
245255354
345060319
243415855
557163780
990338694
130062664
132296477
855327770
296153236
574648313
414448521
19408222
166778105
204143241
606588679
362633258
402134490
8845839
377877192
276238162
429595236
670264778
15538317
174780871
94939279
497473058
522981293
609953706
474172047
200433007
808587830
732938957
219867932
93713641
504896491
482081030
405909144
181284593
435955367
640367064
117892159
454697663
574078929
2304748
449885830
143930045
556355585
973423638
282508066
795541127
718332035
112697929
265009075
800591015
644197988
36748677
558944644
505387595
690913636
366268650
472786429
93586546
990551684
173771327
803002695
732593711
732544229
374337703
664401099
310953449
539116785
91960642
204786106
428433819
749507105
947152567
674460229
815133573
569388693
804066929
351203211
326703264
325690236
197853702
322660515
904375836
157998471
123993849
43852676
699934253
114299662
115036815
268332401
887841062
718209662
126266355
904017413
153195618
725380335
438270230
319503407
535597349
115914894
258400948
686757288
956268898
482980140
360768734
556017643
572312112
481149976
678555625
284820062
494001406
915948984
166879889
481639418
415625413
918048853
422890802
5019280
674030932
348239538
538179433
81010560
345353333
677449043
868678520
44349909
592264212
21089308
700372527
61007461
13900283
29321166
582404550
516865004
17964661
76394628
508276267
365114892
742849342
324249645
485329953
886391716
148635732
693446160
238929028
994053578
787703204
565051269
679475406
304152557
741848891
868836051
718667926
238475149
197586461
531656661
242480060
868757224
493294096
737755868
538192687
96855564
312512527
776271941
133064788
513028082
651663538
38347120
74236143
229335638
526975390
958602483
730710551
500319176
625731726
492236846
908285879
280488568
206010412
100773762
989821805
891839621
349958748
226132243
614544482
664572882
216468636
190354140
828227858
408291389
468011364
398827269
353214134
928951734
95284202
266797798
234025486
158249723
723148438
704243902
630416121
379927894
865456727
845043746
140799924
175595073
370717226
23634855
84719489
739242442
39158113
377302024
404216475
610583636
573060965
706129463
970562123
535886101
322119468
690236643
493254101
124863653
273796920
741109396
766987471
553340947
458315708
445919798
192215856
132983375
338192403
147136928
275839856
429137069
407443474
401781810
3634549
42263052
859146601
148630626
848625243
52089542
363122323
897858155
647812846
577597139
427559082
71037666
722411561
375658449
84908540
250204509
212523287
447107064
181831199
770499589
205506396
226618309
673173657
398002907
478022807
209719332
645804495
277861800
22254708
103890435
739956916
653573794
196094708
20709887
277696597
10713442
517270708
532750314
103049224
436275317
671788734
941467608
701293220
364267563
638128745
766486964
896220088
551385555
691041999
578006639
725738979
238786109
18925836
189185078
753404454
601032956
836575051
353324021
151591818
107983654
751301761
77771005
537918873
431332851
628519243
567331770
557577181
53890379
27746644
360672734
521578292
113019689
214310522
2167672
777071777
53557698
924302718
86597610
65345923
694966559
227891448
328327713
232073521
654949020
309668100
382434695
904789979
358220728
357532335
439747723
602034450
955173390
546632307
23639166
620660814
408401456
245938974
154074714
173044550
114275702
465930386
493990140
842536295
42280638
364645197
582460805
148594509
113619784
148950628
147269211
424257888
523458440
625920659
717974112
451145280
237269562
96282135
515224839
737998259
196644940
862793647
987181191
891729030
402452748
62113034
167563367
985581417
345539460
657317752
57982363
925307182
505288140
14099960
544833025
169801903
415852929
203117570
756283709
90155931
286920313
392851292
103472930
38582095
724909852
622350961
951489853
629732579
666913527
751108197
750007352
73381529
242281241
62659652
953722969
773234376
122932507
611782343
816431206
346192241
634085004
123957440
362039048
636275013
240352750
354699838
76262158
69753381
346387669
918567131
46924804
709610535
605851425
359405594
163390555
773146383
253230199
221682636
332402933
33467406
559217699
401109927
382801195
592101700
432850304
750382880
291449478
66731023
303864596
168767284
271799729
913003536
245373023
465631518
945329373
900106828
674331342
846733739
746861432
684768789
297054103
692518049
105046798
884018369
540758439
501876860
83318445
725093802
170365333
269561583
113528356
32877101
697312403
963772160
955372334
533936447
121168071
300800888
144162194
356123077
239698667
256549027
578973689
656867041
49305961
485991746
387518432
460991010
497392573
699498506
526213052
194261430
59282092
307780830
105449747
855544763
81425700
492849056
263512508
301868832
176925498
723020194
980544511
113176730
574962944
404806423
411873989
875744858
726594640
627752961
107475347
312048237
747882736
226770676
989082500
871803572
866907271
778550938
156932029
221216484
442311149
312045761
21044798
77897979
664994225
472662384
41185012
416437743
38797065
160462922
334309228
614084296
748922760
932529606
234315372
847794290
561274481
974456548
667965211
324348051
784112799
622439349
745672783
602479414
159533647
955120509
412776295
689955104
348594303
537588692
238096431
942745308
814432857
932776658
401320534
784297675
563939058
116551137
561053573
801897414
590698060
233757234
927632983
527957153
96064836
281799972
808892998
484120501
242738543
442969507
223759477
759131255
117199324
15358541
291322411
478041010
404431144
297041925
670141372
462144438
941912907
517209119
662806814
508897231
145977353
777333441
226156455
997004217
671748928
371384040
291332659
236520649
736259337
647650058
124478852
684656704
245661447
664275104
756800551
259630878
276026871
496880818
532690572
788081619
174752591
610051110
558566191
152468529
144234015
883413959
529346494
111791142
824872736
140187997
84414128
535487756
433410086
645645202
598898179
589481899
329482135
688695120
891953868
574346362
2120435
885540667
816427193
63320053
349446581
968907258
669237016
969550721
32181018
7517278
715235994
806352192
788024087
810603138
244876017
852971544
641963540
754354713
836224241
789415881
81893029
467098515
990318922
437964835
368407897
5528785
498286545
302582136
753878736
739249433
331875551
999305039
452091394
277434276
282043731
847854270
285121682
273158066
907017632
252526514
637946459
214790795
192362746
642080214
404698943
357895908
664378940
491282110
723399520
639889981
153398304
245780657
629597045
959649043
782113477
909170815
24634681
887564381
519260759
906223878
479568979
41144181
976266579
446479995
87230085
955280510
623718696
120931810
613995045
39897202
507620837
841071416
64482995
539566422
214588827
653743178
101557152
887672511
165487167
865769432
157493698
481767562
956033960
996324714
911998885
275491404
395188565
690896650
575364304
219774382
502516518
508865204
430243069
93342664
382760683
43756494
363498525
734961181
682565778
718347234
498405384
852122322
495173439
565685653
729018662
5859174
689819451
852091355
292119072
934593477
699699759
864764990
953683344
756664227
987098387
294044314
509062947
681818410
286036565
207919030
830481896
247949775
853889307
177533498
796516308
688395439
426408418
696674129
51133268
630378943
484774324
920439446
826484434
994712949
89123937
601080164
995743697
116206232
563442872
883236474
799120858
683732047
674475607
559389605
386748762
270387671
973495735
278055109
570068832
333503394
309772429
251310031
181078584
357026766
664845641
868985201
381217645
269664571
36965786
424306089
65624748
845579564
902170952
874080162
290132742
650538401
690855946
945032829
503921734
921726887
796149843
383033885
451994076
495396702
87406442
72021598
474980004
196599893
97382518
863651907
672887396
715618216
377786790
998549142
453748846
938177204
58776237
16741164
942301863
309475354
630056059
682766092
592602579
824819790
277126677
30696070
550351765
212190900
523778886
509510318
421177264
234755946
865107268
690574629
653971449
466178138
401700292
505459066
873239394
180983490
707236568
398704580
108678623
720839742
360664358
889872345
793849288
683975278
346623205
236233038
646029421
145518203
121029948
702091534
265921328
349713296
131843426
777354440
855244900
12561836
26669237
127446595
182349020
176137857
930038949
899446812
467619111
720784926
81779347
819819389
842925244
213190560
416837760
585257358
642523113
330776573
259009335
925881355
869082029
221277769
934739870
288823692
866179846
82889188
448933322
988280002
967093295
501045469
107842746
756042291
850427705
387692096
95790303
632045587
320584049
302394090
57868204
31469382
663708014
826224192
386369552
958766643
766852427
319094044
719431611
352411921
196566880
296930156
776745156
25786742
182693786
656573430
252617046
576324551
201111345
915298404
316556688
501450022
614599426
490335305
847349269
932818294
775892226
799456781
638571026
715481722
825277382
598826399
422216752
479228092
539354386
367039430
217409962
973049052
357011312
199494162
183850706
253795888
449841912
116420780
560821599
643904982
259614776
265442101
889642824
356959674
907191947
552594468
107991014
363189018
319623863
103488464
784381361
887735462
761926081
975287857
312623766
411070251
555109680
965139713
744207149
391256870
445467196
227141118
415663810
704694918
522111440
585887730
427547397
570733544
842299693
913249544
893329587
572174864
248402879
761348632
819108767
791905385
724007934
247745139
154112557
753594906
916196287
620465125
682656716
471637512
793108165
259055641
570885590
71727689
130510414
368045215
410790959
634053439
932706872
739051480
303279810
259146257
175196747
382579371
891322467
934320353
451682586
355711344
410656133
116624844
223058161
464590960
703001503
667018497
329320248
638755957
667166412
45338208
978880817
971402382
547120019
908998300
858998311
302041099
56223731
527699391
667757400
873210280
105821997
722509907
692883735
869117636
584388639
738539094
701040684
658248985
817470236
346207403
229338581
596239573
152668654
181370484
564508212
384925332
907063375
522496810
176122934
544032452
109720764
258873712
523887870
183902266
73982493
276479674
300950883
883385068
995227986
573749846
806933485
803242035
754809353
777487842
325818499
652316026
743499090
188946042
337489619
985140919
303988758
537879389
793748868
968951818
97173383
980627416
407421441
300767137
347391387
276425541
883468912
220424062
850727542
625534594
375466503
760313366
484403051
181238566
334181782
632295304
787711089
749533104
426989998
241351750
652234909
801583024
121807511
831734214
547048262
383504165
603094282
163171807
38937777
917626479
585040053
165629670
784710559
10684354
712732615
428937058
506814698
570900649
192856660
278514573
566397586
398277504
794998204
931151611
983804105
663249017
462074274
790189721
56333231
704641054
584517412
457398019
225714097
877992863
638189556
471157909
265721910
581562186
925866021
601767219
323334235
750690988
315937355
250542277
23713907
786457451
835947948
511155509
40937281
666210759
181252357
804667206
911535561
491229262
938018326
487114258
433374562
682174950
529590547
404828759
140715713
880303559
963378484
876849143
739696570
727049093
600705837
776177754
112018721
842549356
579216757
591830987
240086741
155955575
590432382
689109787
897328257
705541576
267181801
715293417
421773703
884682021
192426921
224805231
215918756
935989881
707553447
991773605
592238386
357163627
220733155
722217841
332554430
914468694
72536575
910588219
94217523
935181279
383696361
861991984
813082063
743485596
441890441
255077447
765612329
258117155
215757997
906115235
943760216
257056785
201969746
66672035
925382728
187851550
673866312
867055670
153732940
147513579
771228723
570940685
625837128
741741780
520981915
657895863
517022747
342267301
132142868
840243558
53128871
135085195
390100764
325402886
314241835
929228870
840928950
432043352
311316030
425624743
859707789
513839495
479362064
605757487
368038119
243098514
862789517
588675153
666078517
334808595
829028547
920882023
482106727
957376516
170198425
987515259
470285148
620020944
685303014
889737817
600342883
933881680
378976178
631090340
951094036
407444374
978872452
222752561
717987230
318440412
101309906
866419649
389547659
853353540
169166423
500552468
262363319
260649428
204778574
448858413
480997428
299970092
962858266
665704129
780266422
263136728
176196606
726907238
72369892
70508445
291878585
92052135
285591439
54888392
668330448
292806875
7010236
844985267
688751479
41992042
367718326
727296337
534834254
318239244
270490791
566000120
247230171
83449032
614409272
130424728
613892359
60643528
350968920
61884736
499679938
790917816
934181945
822523391
891989670
762968667
428499627
723914213
280101583
301088155
974449077
407767493
308803652
626417319
650120076
587897086
633266766
831067477
678841855
290464310
607857482
61307942
73847593
503351199
998441121
53935022
195955486
107576996
245405299
790991774
676364571
849999318
845188127
602922556
99557112
202289396
208036991
21803066
287230702
602940964
327221643
318891868
837287125
680368337
712218163
736927441
301917154
493264597
332267262
900903767
597384017
976881725
707066217
135778616
684352854
485767703
82474223
504811830
877703959
465211717
541448016
88510398
964910024
85010566
111847266
339811573
88833636
897602980
454621156
200495544
638693811
103105715
173915115
789233129
603072539
915412169
69419381
633295734
137582092
957379397
996839642
615573293
29005612
575760501
809887768
3566445
905886956
479830547
388517791
699778043
931828193
280562628
220817386
702025225
569268959
53914238
69051556
338803472
933343893
211848056
191751472
923081289
600047417
741031216
66222683
288250488
244155557
934502072
565595286
279338553
849148998
810825553
192320591
91650709
933839343
976846993
386118320
840998537
131446280
351801722
803623528
258623977
939170294
797152832
229954338
649175489
411117612
21559963
570129033
931039950
349050911
131662738
277780168
623656233
477600297
986127599
94527013
709009928
201012293
968897474
984870855
621040466
501618269
647945702
683429062
471673569
217715072
16188419
824042057
329724654
433376805
159574525
495190650
42334398
871974116
659746215
642159427
81772597
449751513
844451584
768589059
522936483
599713019
483315332
50004039
22509162
422976567
401523708
465626328
676276840
351611849
539827861
354715570
442898794
667748581
365890553
60762967
840223095
432710465
849306403
896491336
635452366
929918451
719566184
752120621
65831110
964991820
39251874
223207027
489440559
334006919
77760572
665334704
414796279
271020944
136863314
543935483
462886808
258672400
933466164
24580983
491450145
407616769
410810829
753425653
836290436
949355853
790001703
388626202
536731995
716363416
395544404
117328324
832899177
356739922
723817217
805352987
53448942
933735354
657798162
464574909
626960777
877113423
356373578
707906027
130326160
332847972
530608249
365023208
201420591
728788374
642284274
952738473
52389835
411521762
598178424
587304091
219138195
115680958
625358914
940654210
949414704
816921055
644191608
847567747
266072326
743382803
750752522
305866854
609744775
778150408
47910185
684071081
31709181
961882484
41779323
248717323
484048563
258255139
998096964
355584769
988307804
323114800
406643728
83348314
201550235
565540243
182404647
224611167
75700624
725152446
391571578
632026029
418203633
784243210
478487780
754133205
820598974
80691437
397607213
32290227
750639722
810217877
364725224
490673815
441981968
152909376
316036837
101580497
171812037
60417691
170154383
840064333
47460184
209288789
780674148
541449172
225065825
481768657
921997883
233355228
769615400
286932665
569078550
996785794
113656393
429059929
24311621
328254813
249161349
55026643
403287967
207084721
720733053
350959543
902398701
788890360
43750231
536845790
747584924
54529007
876919568
102330953
476525521
205891169
176305255
510560503
809298559
531370942
518226911
600573312
182778657
58236389
117764039
419174563
415205395
214295334
987021742
828365453
273648152
451043731
592065479
808328637
507146348
168369644
722887365
774997422
50560164
443794509
73171252
249667767
602850934
875464986
327723371
7662412
471768492
119662063
36508454
276310604
767296052
369398983
359704484
908596362
953044066
458950076
536060684
235857134
616194413
626458079
748642127
14052004
796234673
314936369
459567477
690680360
845877753
926230705
379816780
249385607
605736474
257171966
910852313
160452354
979076810
738010588
209458810
434457656
274252432
595186024
839472380
598099016
106412805
25995689
793243033
432469945
677375456
530196013
3833853
646026545
91847665
24002695
310749070
503251654
216214024
358414389
148422434
128662543
171753393
378373919
989410018
190940155
878848142
95668317
216779746
602860226
903704215
579517733
402204251
222660306
583556023
999379500
973460273
386267052
132481021
644043406
34187084
449629882
531906629
573380990
369700846
975512012
459840124
501616808
525053709
982699022
610982857
551487020
750950182
761356411
430061328
163772908
422445568
490859014
243621225
840316736
119437252
704467734
482576795
596604772
88376353
989327109
72527971
569543280
152999152
954577453
290840174
786345868
172554601
6458585
694614374
235016366
266818124
616757995
289087513
762158884
166969134
571187939
663189447
322394688
968402670
748849194
127693969
73950653
69375445
967392784
497436410
695943039
803207162
972721155
12469084
42993765
470375297
122984419
509317825
477423673
283431218
168874973
174475140
20006294
777746583
958539508
343304461
842929053
823169548
709794025
247737319
245055159
2121768
615344412
587640452
993943213
562866487
234827945
31785593
319184803
785431987
149943796
683260567
673677908
194906190
312359232
312276827
12778643
840639492
67115743
353968159
436415285
942539247
495186155
186873434
577987422
971450672
323703091
135649847
228140163
318220225
967961329
985567825
159054998
751606400
533303051
8062345
289115517
270082494
145832760
344138677
787399584
855754770
861624530
772599229
246660853
435407237
173153537
499931511
220004298
118969974
206456487
975321547
583662689
421965349
263223162
443885209
638719734
286866919
679437424
275919483
526002807
710724200
296816257
973551526
200243785
680366807
374407628
102192901
323573666
763459217
646669919
403016379
809446377
246764869
432500336
402166384
452422593
105872822
347687070
899011083
693625960
285006447
482239049
22497176
215891711
11026840
788754285
901165373
757115815
364927795
518691466
811332675
342408775
849125190
867311339
840477521
35203222
360441222
705001702
368703729
646385016
734590450
964141281
738005283
262466117
68300009
938621522
667604080
557830257
458255712
192070556
715782015
378585597
566605926
157285302
507166311
585602484
946886448
610485573
678323275
537052618
117499904
944069821
198111495
286901718
3606534
345927277
991742316
248389070
881254141
941615317
671663017
905150735
808096815
583844073
69716811
986108206
246574278
618189771
505365989
939807531
848661803
728201397
529733823
140186858
393621309
407140915
772187285
497236606
94250812
249512157
292794598
812153867
843958359
622686101
159708459
190454104
944209650
678122760
847129828
856189396
586265399
749565541
287005303
901729434
596101027
146933499
231793744
643214616
400412324
153385134
232627638
450321076
48080508
695571504
413085172
785460564
94182243
808607612
899999462
572086940
496730414
912568905
835640093
561729158
731205571
688972621
999554898
91827844
726154643
914385387
121030408
900453051
132317438
263874425
717990204
413478744
983640253
286008546
816357636
499017800
414883501
878418597
925664352
73533208
959069696
194730416
901869763
973608274
16381578
1445162
911725888
727760799
756756345
35628513
94562586
693360327
982028317
10454437
205556802
176535663
878725117
766175645
257459768
927418247
733650735
750207275
700100262
856843316
648843334
230591003
112315919
13295221
976718688
510769556
334535005
143362562
414470476
714964880
212140338
715645245
795684098
954716786
597589080
340444945
838995494
201573361
456782159
887415236
549238963
86462047
37560727
615732649
255190244
220573754
3945524
990416701
360584030
763848093
374019333
818487113
935730504
253916577
961034458
54729260
105540083
911127172
21330743
569306289
101393259
926644908
403833148
726646741
240187691
14272760
437828269
26575681
866153518
289575366
313753159
773471554
265543949
933022665
630804711
577303512
193179564
761166876
45708197
822009706
811759490
417908625
514305720
661541007
148335449
363279407
901734706
7878686
542043273
588335526
353016321
480510734
469328608
15928064
851804504
259954156
145372215
744478423
554834158
835454690
214146841
58966331
177219250
566629202
200102197
255775065
839002530
665373762
139168676
30852241
986101960
555453989
652063841
110091951
204673708
633377210
523342996
720642525
649600768
908990002
886438159
558250248
102312620
605800489
853464418
446723547
679890916
5995627
36434687
429116390
593931897
575562621
586323759
222195965
830871524
999507562
58420351
708716794
929905295
420221390
302579150
343644789
292609852
216857634
508063798
501479147
588512189
981625141
980597493
457336063
625126021
927554876
959276839
847619779
811225438
956108859
857047998
958366925
916473854
211785589
748096570
645798482
554347539
921858718
947307996
65636952
420100689
975046019
765590595
417473458
174428599
816210173
158958194
593527337
893134788
670549205
135295536
672012647
96188169
905923610
694260625
727617271
675134879
455866498
139635647
744297686
212816421
526600484
819983490
99959344
872334114
597475570
21964742
626391122
738168004
892012009
274611361
20714192
514560742
928213793
437981431
280585710
599169240
322563638
562584550
459846774
908835050
16771045
846743534
914498975
183221747
205733803
79492980
623546299
149976673
147844507
871924257
342054201
788655892
913803716
225994563
467242393
216022648
489320802
630221777
772165572
125840999
823028733
709394969
512865847
730447540
826848902
439030488
915901584
691388208
525662911
807238739
792648800
322093607
685027303
237825861
530918305
862878341
340445920
885908593
429833365
75684151
378339030
192899988
749343631
456883149
849413047
542948630
655287639
550642735
622448913
603228303
891767095
48949208
79671320
487588665
614689796
875102726
313323184
908693364
614008006
570165513
329089891
487667191
469401294
284838816
314828529
943342007
91056651
295926493
752127623
745215922
889882212
326242491
206196338
109476905
915391933
926810568
21604513
842407451
723175247
711858045
210394148
813341916
895384996
671097736
33354864
781662133
557647117
926276162
599238379
589518894
633909462
496107848
805312206
704685690
525070912
458934974
669241971
248281672
616057637
781071301
81265931
215434858
886610815
480933170
593322558
995284703
264517491
893850987
68196111
861835515
861779291
282358479
962125303
356847790
63722424
133763395
134517340
963934210
173637242
420923865
376461095
753181412
527916541
877986395
325824146
113800493
160063823
477730585
863031144
579521958
634787886
8368844
810570608
863286130
5657224
737862216
178752764
851724347
534492271
90230442
984710793
473921579
107679096
638873229
226842304
599660781
660771480
153914689
694271871
298377063
152403390
464916854
726418203
171147929
930133436
308590888
975073305
911310131
417376496
84979217
114696162
3915166
805353664
23217721
213552849
823454511
837797757
920757163
805265456
680722707
860666584
183173834
461080681
48615899
96851040
928291960
473510354
57588352
380060381
890773411
88028866
747616221
511328519
132421933
268858463
847354900
845314944
96609642
689882257
89583638
346970168
888893408
42311564
756460866
397631505
589061560
753891202
234142294
871603614
551117676
50284820
614764350
733897946
71252340
199629755
237704334
639004066
369672263
550534097
171197513
270130553
159875951
729948934
551024464
405245904
657019935
164788704
633673691
282282019
482887688
398553377
191902731
57542449
713436862
29289998
172710905
164111307
677844486
475384605
842688042
874243581
953878328
955459934
978010613
690678185
663255247
86541714
196997386
28981517
25499656
929864458
620267436
271701634
455976322
846349293
137367398
393445678
825708696
704697294
24581510
699696313
533469801
541958644
998730785
416949592
465840712
474796858
55294136
142869899
44695634
559745160
263916055
713301517
749707772
794639436
166711916
62643829
117038555
993965676
775454964
834381356
332819801
855988248
372530973
469988402
329684052
102539843
643540377
999778739
973535481
856480311
434256550
255803610
785571403
755980519
926245017
181792011
503749444
764271639
504186592
865079553
20073506
746009664
520198580
86775573
611630930
621940235
855542368
970207816
449729431
229527195
106488386
939688031
534951955
742557975
891955909
991976960
906414512
353342608
464861120
448988548
506672265
93116880
459965469
441767809
82876047
253347444
61030157
686057528
80958012
273724799
601571909
411079422
482511174
169531340
299730202
246855406
356070574
945908895
310002361
60097525
350118080
205174373
122286698
121508880
499035779
361566275
190000541
182016724
87143624
952316455
173280406
259509637
479211932
920478122
509190985
157604900
414328428
309167590
930290077
286553650
357851055
791424774
854513229
952629234
212134570
469041200
760291336
891173736
726555784
873982472
892777216
428345500
417152896
686710348
555937467
959810078
832242885
752157624
78583903
588374875
734631739
854970469
67026527
92117723
669962128
870325502
660235596
534984984
251673226
572184394
772596488
420091703
823026365
953107193
670551549
427581916
437173816
275106829
333107732
848420538
502150446
163940600
302995241
359902567
329792863
939294422
843173948
699016317
841959624
526304388
782104938
501096650
439857591
158341888
344893327
163954033
977286789
802880064
477516190
533263695
955670077
550649543
715121472
562239599
328749171
737957287
520039535
364032371
927311595
681337675
350700603
234412360
798957076
215464111
32231065
172485502
8201790
824550692
488082297
334344796
930778239
478950909
262091581
538269851
289666231
125254098
963282914
772058476
990777270
546375673
388827995
400709004
86858752
978356321
919146587
131258800
950805693
349622419
398994808
721121350
142233462
797099547
915244167
644556597
740637061
426353959
289876788
698423532
265849629
70663152
244186519
110481485
600794977
284518436
190897291
318514975
256198711
573960484
831721438
823091203
156854138
434368302
35823090
696105613
841410476
23387601
516174650
528766662
842653772
340105248
640597734
528471117
143822383
985909256
97272492
327773976
106176683
469255174
30423346
566440496
635891409
611968109
793706818
746341320
309501547
786221432
131067016
863621558
373130590
49840201
59194103
62845989
341863251
24673140
175271593
465657921
595485107
455353297
314221065
208411194
116677974
206517225
802505436
826409212
630518664
340839510
602912266
100287458
668430280
792403908
869353599
689143986
412488878
423269827
58737970
709320507
836024617
333370703
489164554
39748312
555009067
591992605
48809231
758856222
380702870
536360646
565381664
586096225
715912249
964683610
778747117
7328309
471004750
440102031
655682204
677145217
291130250
849100124
272101597
120192409
142717607
500658224
614357945
939049185
426979271
535004602
770872919
144810178
455208042
823997584
450488173
719457246
358185362
885026998
811229083
539848012
960142225
630380077
909488541
396203170
383692630
373557943
759351183
592858030
273703581
291835427
404990727
984393155
414054563
424752511
409630540
514163661
397556214
575722026
561085730
258311774
566496805
441353162
204210170
817389560
410156123
545546576
598469501
826844554
859301962
799103563
79683980
385682677
183058162
322640618
187952389
275205177
629691259
651624504
797587780
81463566
360347586
770783001
181531631
164085522
841369180
321786949
105123005
781301631
483288112
678719536
893960137
353316617
389842004
718866565
351729713
773019701
871153603
89206602
848725232
129411761
360904673
561642675
481486092
159161063
380247788
621544207
654171858
807418120
630502453
472663863
584029486
739563932
102196496
178716029
87667258
990085441
535015064
470412633
571956333
234183213
868223773
540930831
509465418
206754982
784474906
121772545
234307887
350199405
913500504
391923631
863966260
151345152
752106378
813242062
923581188
591286694
594119233
385611616
938597089
964461456
800117575
836059388
202341078
341568442
964848310
785441957
780512833
37057103
352125839
729604634
837123274
69807376
305182874
986374674
304521154
758401931
989529031
1474247
268544906
849777737
806822403
190125913
626724358
652437391
70992509
68882904
166136871
408168492
957279987
56100046
672314306
282639104
635700560
522535508
760043968
825482638
590848669
80534284
508597609
465486789
116843611
574497148
67102103
599778022
504106359
678446129
258537962
499111206
472172183
602760082
147533054
268218161
449103542
334306624
283276084
784391240
725857022
814071652
973235214
643625506
709384509
88328266
610436613
338439863
344683516
562564685
164889540
341922057
930476445
724581219
213845474
447052663
117963715
204088312
542520474
536346634
62208043
44404980
770250287
17666729
647655073
244121382
387225124
160184642
594535532
448493658
993429064
588539488
616778838
432020566
350881963
914270630
706028260
566468333
517524966
303578759
256085085
372405786
677833176
125558810
167934158
320988749
585138707
845593166
837684671
280062727
357450687
485760252
234865209
602402804
231333883
715130623
858424340
670907363
220351628
512871878
132648930
644967284
902316001
200796362
26638610
8704957
947050702
433637057
516092733
835252698
743702773
920620973
621717896
160981972
206013656
896122158
586916661
294729122
188338574
731017656
853338841
311235220
239450336
146094384
665402433
775947662
849377374
157974366
193265674
967558299
285136041
32687469
175527816
486876021
646863845
438384954
738014396
67357748
90432164
508706405
277644442
646968088
591542202
983377846
982776605
757403532
30331678
812621168
813632930
225564959
224451316
138255398
294792274
864946672
109428753
917217636
774464487
686107563
503900709
379449376
479639330
52647280
410990701
573588510
930223065
898686293
24240151
582458145
468807428
271828957
950417957
570510828
384361542
962836847
409358835
864298515
691286627
496488242
113445093
911295432
379092456
675334874
868434654
615548856
349090080
942524436
469569397
357881481
163482874
383227035
744804870
321653938
382031290
265957024
704325819
993634201
444106502
640762974
958915946
951230594
806834744
106961982
847838375
63723679
15143824
38994074
596764219
947674599
113952659
216668594
355094324
145340272
383706333
5747877
403749587
952938734
841850541
255493828
550373640
67801556
477978122
494298143
819180403
739714571
369109515
615170099
345293027
544153427
174788460
482840672
847196515
904843351
81678083
410953692
484764008
255508569
395586176
216680289
239649854
545094631
562207439
924081214
753415741
872995222
613976288
922117878
577224969
209129885
383921523
797546178
50376104
738892509
602109271
942195429
896054826
238950238
899054153
780441374
413687248
165853985
862147213
384431368
723954436
3984855
880634424
642671612
253260316
643538462
457694482
450438439
256137941
773994950
811896500
201559038
109167587
728731322
279603368
386131512
895364568
581006227
99817354
286539931
654226396
54914858
128972707
418930640
839679243
402976558
177988759
756129116
616317017
281062551
667712096
922921415
898137679
974666658
415472831
600481100
290777584
965242769
12528596
95149654
997643749
745937522
980434647
827191377
896100825
285648616
712701533
172415248
567676021
66301034
146217602
28656687
894203755
348650093
691583166
63377851
992853497
458818923
419658284
800747635
416637267
105557653
572920352
712765524
675086371
877065811
841158666
83675381
327813720
24243029
168925926
332621268
722666774
954214433
904526557
287975779
529635997
92960019
736741246
489431913
532642672
263069980
620436787
341112696
358060945
70992549
45076556
988491857
743980458
377757261
964483621
937273687
94325793
302894631
385502756
355838899
498135485
317748179
99444861
76640795
67218283
283988653
225202333
685835798
61525000
407437929
81926239
62043108
433572324
125406818
119020812
86369102
223469022
91141369
608209413
602805499
598696167
245727228
948991713
376460718
294289199
551967454
123012095
939766898
330812055
150007862
883907838
704582725
643392466
196544105
741901303
106076905
805629536
651208766
622287422
233738706
183686993
97081857
831490618
708122590
666113309
925335785
557671977
45501475
949429634
23003770
995004739
564967756
238357621
520852055
522238953
739723468
749376627
287099839
73507763
202491599
385210230
902556292
424384432
587973308
576943945
93449408
344306766
816418986
245109548
45435017
727662986
79269339
910039496
897558373
161553502
48391061
492529126
766053077
752335004
106866670
570666284
255416354
760014914
51136621
234540863
142650563
458175275
583411183
511775650
932443096
162649150
725338985
971650325
386091258
677699926
402101557
590765200
436631907
519426570
745464876
223923860
664652823
61116826
135836480
924770649
855643698
616002881
805429810
402478554
50340197
122633471
3945417
194802199
954965150
964175494
956363839
897281677
798729554
708933676
563066377
426267335
885908039
715622938
250109974
46810596
460265560
252043051
707672937
692001397
894585813
110068214
109260993
245775829
147279919
27176843
186629141
303468334
27343204
481944302
736252834
538783059
640198782
354664377
199159658
536036860
552556581
181107294
140604636
481056427
668433698
430133587
926690450
932402459
895722447
462430289
778643921
444524940
45720777
820017402
745590532
706792741
13349544
656338517
660584312
853684102
882940046
897026672
241282803
337912081
848798537
171901508
977536501
623968821
595109867
446951507
815378980
51258226
679846576
811246535
2698118
848557018
970456959
563342053
846485346
382157493
457431982
205476259
19197944
397440445
127655933
562278342
795813451
372841630
300078069
892023382
982136339
164808239
602644652
943943447
303876559
784194410
643183282
503832034
288474752
512355214
268454165
751712172
844895503
867884683
752745665
245041438
46388678
79180304
755177642
472926631
407021132
534026887
409932311
492238403
509918205
623626683
655831564
385267680
46709679
438363302
143143484
424420845
653086166
205144487
651094595
675073922
915027896
197329909
933849982
949071579
993081893
175061975
86377776
746482449
281032330
707193158
884311529
818140091
10258695
985263060
395125974
92600181
939729317
864771495
765589087
546074324
261267837
924984293
28202898
434376027
140340570
312368405
181766925
990781465
701418187
755853052
649551981
205861214
825927877
715456568
132843176
214777570
183007638
640318527
43507655
756198328
151899463
994252933
3556255
570202464
38331662
932618386
654271903
29162410
435410202
601467915
132887288
378700791
368439531
222476468
810800416
861150563
773116014
392952460
352728888
414696516
815539009
253597357
839643246
619840397
491672695
322666009
891180463
548957916
808297165
186810616
216079669
947471963
42847246
691839477
63674308
707711113
245387521
187800086
373058130
715540645
851215075
827090049
111848362
338742655
804383898
250630731
177408284
249598016
903668360
294918029
348077357
949382026
882939731
466982829
931589802
704020564
426042800
959216821
311318677
600446850
33604989
518358793
240052282
582421517
423311986
676843808
479865847
578167854
568320816
285865086
862745723
411294927
567610395
519362416
349062235
910424162
6538818
695796011
936507162
305815370
51188637
480113558
977491525
787226668
372695709
403162316
328018735
540155026
293237798
498878380
966615679
512839248
374442990
794446424
524156733
678950933
56955362
732988705
769674892
484156882
267149018
888088115
540590498
732045610
192339866
966571970
964522362
465423161
110084386
445593251
265976616
352703193
636703502
285086899
149845774
887002851
563651623
796018322
138101072
511695378
222503929
5401060
879402114
432113383
658931070
103680317
108732209
415543002
470351553
698429658
555449535
229324611
897789959
60740342
953578873
219624767
439563138
920512686
360225739
459845901
268372677
7949361
740045160
381290518
516250035
4669116
668886649
224869342
553901831
275474293
7277256
63529686
977105995
105780625
569783392
322028438
44670421
203478020
904667142
336122734
414146254
412181952
938242858
412582875
618539333
159619099
996440937
276059651
259526847
577368334
546110800
306937608
507414203
154839644
163879176
16819138
191377271
365376729
636054471
896493136
524089196
832897024
293424435
318783217
133806508
10418536
379061321
639938820
272727803
579800451
403541323
30953493
922708534
872969489
306301427
85159164
368823661
277994873
95527295
754129406
973518972
515530278
814170937
131252592
931746992
655912573
947687334
374743918
888821297
494159310
404514963
495469253
897172734
170678805
560218104
754392941
721683258
158134258
827101085
458490437
156157626
496028972
888418916
347256500
782604003
97613257
81916608
582486781
712764063
51477819
575194219
575302043
400410553
188234642
368769643
553829199
381182960
242948061
387137023
912838490
130707606
586261463
296558300
768899177
766552170
275615303
789496445
460907483
624325594
980271126
7710615
461335814
324225401
819456068
805480106
593944909
712317354
551182264
643927317
755096009
470917983
531373668
945079432
856840386
436480678
849325996
118817945
266833793
818494966
482625882
688813928
488092709
272214192
805242996
857379765
209081970
369891314
968689039
461873012
105230
461200130
931194351
955741381
542949902
51148919
601169934
662866770
958456729
672621576
656243080
324285123
996142785
701819064
254169529
333717646
526601924
54544325
419305368
428578851
403158978
447083459
602413080
587471688
978009468
126283609
591944437
84235115
434104212
673327990
299151043
191260181
27510357
695557785
478774131
936279940
237211915
380664181
362232733
971920948
458963922
8100099
471363447
868898951
350097980
512404712
160890768
916576526
670933628
140356837
274404595
377312243
145058619
957762367
957579457
897355286
613269945
377914510
50191803
203519758
782193723
866166644
530436221
291599608
613730595
397515274
676544131
202023435
811825349
587669777
190545686
503328250
672639748
703200952
662448207
388831654
360395391
656526852
270934330
827374703
913716744
805323809
151208168
30054506
606107113
3538476
929865360
757413373
78955456
547717327
37696733
486318243
951804297
976977226
548117317
550202563
696834449
823751445
485445338
613799971
74123278
486891469
215695241
103192298
857137823
385470078
840269972
115889460
431322619
209565485
553718473
200398002
266363292
665467782
914245519
695810767
565049792
740118364
864852585
553716318
201122828
290397295
30313114
767426599
208041818
934232072
30357535
515542737
866086909
289342186
162335575
26645582
473607467
462661585
479766442
231703430
735053894
472812106
19153684
734999896
873329950
617921125
319186967
3350619
764099205
497345902
952252679
4619567
800394190
1297400
607472757
788265412
757431661
430458248
192527276
408241007
340376673
637749295
654459604
809895893
640766779
177878626
911503807
409972978
809669802
254435471
872265884
553007003
159546955
236200001
104495370
140962988
193277265
543904045
785559430
858541150
856884386
312424284
793119372
43550588
636355711
327623244
242899701
519998194
221845541
124638810
497330958
372243438
784612736
281968121
147809206
561989807
75579664
855613101
132631472
6466027
200940513
113146118
384690569
649843833
970967389
379783695
346337871
502924266
577663503
718664343
468643926
517504498
325752621
221702814
623778058
282299287
806772014
335483996
59604467
4058367
537025501
607939425
394044048
254139032
557941401
590215290
183132484
929170345
444267505
755014996
655878815
5529141
984870655
564575458
680230597
983028975
432295724
163170627
75031111
703966303
854806193
824967462
645091422
968406572
262514178
727383229
993720262
98426282
357465019
136292395
289323969
714549326
540004895
686429374
617354749
939075751
840147254
895374169
511417561
265823835
64761763
382942379
656213656
770904433
912716711
787038332
61272287
136847530
395814024
515015267
471731571
526036641
237620724
816560568
956809496
29234797
591426545
587852666
71843751
501696294
352034501
163519092
280687556
232660615
739267293
912504659
549751906
217181364
106376217
794678422
915629743
952172231
327525108
506339596
390980609
86721990
270086339
827540323
400183418
873488849
222161150
916408681
192607361
133418626
443326522
224526893
10618094
814752034
111336853
849578013
243405527
772223842
586759368
116652200
414904136
293973016
994019538
489736739
289671059
984187350
28316785
951763973
468248359
360775589
530246837
471001522
495060600
62701945
572357712
781089960
245355495
873150518
146793223
308194402
635671471
639241788
15772281
320285843
851498134
593211548
637656856
962608064
381453825
617489402
514015075
369499185
484129198
511768221
552755230
339318028
598835368
455142144
43812547
580187698
164713968
174982937
935403140
845422094
497190288
602563110
745256332
1373524
435362495
431392401
844675988
533710137
504231084
828317553
925346045
720241719
655156632
247912543
811403189
316722911
409401667
930265245
850576253
421856725
946138050
731674142
344688653
722126427
35209632
346866048
230244152
441575481
936263773
317975555
43054891
527790262
258961524
659590689
622822968
77088125
268450252
317874454
457253996
372440437
860318792
749129159
392504707
597104883
959694036
961012988
654221762
460392319
163723987
741475555
868660361
144265557
565817219
800584823
938350306
365711191
107350558
250208504
44393269
492221566
79757350
706217687
463793411
303517399
14001119
102553643
389658035
962669231
512819914
547229230
564595387
596940400
410760394
61310515
903402224
246150451
126909323
986787368
56225968
602260006
415297523
195955865
75304233
961409846
127706038
315602535
586482613
334585063
190061227
393326516
595733689
357023244
258106875
830557893
929081408
91821376
522413610
375568653
810533819
655709156
762615958
122849699
58750388
818177574
620938120
466068049
650818727
77739471
847054318
485629801
932636672
444445975
91100696
912856938
817351934
992652078
540201909
992233634
952885190
565724646
412588537
576149248
483153791
912092167
26477733
424039356
338164599
564437369
389783464
443862813
715742382
771183740
631086083
783942158
271271463
142205531
204391636
46544115
420788685
559168979
497588980
255041293
878540450
678313302
467153549
233151629
205996778
711317642
2813297
929117771
238161568
695990198
93641885
656133993
35389656
939685475
393352168
32681187
979219117
163377492
901002787
984086879
811081099
213135914
395142809
415586960
163660949
575466083
585979891
311032917
912905232
106015048
534593653
848509922
204852761
576892083
990724575
134565242
259231246
247508306
579770555
433725272
156051170
43949183
259968922
142050335
760036489
484961896
640833845
968195407
103658885
708729542
724777595
811863406
315273015
301458650
60321653
239490168
61973813
632519578
725095777
939742217
783855442
599231968
646941892
601874389
647261735
872037781
264325095
224179791
318645911
124900817
408624475
713958426
125687047
706110720
248218918
18510918
679357647
169462204
829149876
303740220
247142413
892327373
389005601
312748612
717463061
344142724
323410334
415856793
993251855
742245981
553002969
571763653
684768823
529359183
988135963
69624553
473113635
397951972
184753842
79869514
193888875
171799306
452466789
625538620
608514707
610145856
788527269
827603940
949528453
39539470
19670063
772753515
973124216
311989887
468753296
331336181
703311818
312814409
788867491
769063505
486989101
566903719
390869018
433205848
749743286
142064816
976540090
901711809
7279154
344766628
357252699
41748000
797961854
172545371
814625615
591766430
280841528
980024528
757043733
92427914
880258034
235731857
589849042
298792445
220031290
529407063
561327418
855894444
861853597
324280115
700244732
404630763
360904512
574815724
610044707
729838673
305480542
112184643
986599245
518414199
447940330
364398960
848689439
552790199
485403895
949631183
532451748
848737748
870783275
372101389
476728666
820708323
79347685
170005979
779527770
959010716
373000759
945307239
882671765
284863418
964461234
161665582
51953831
285767994
229679078
696311246
757215030
754340679
853855879
925581036
424249217
292107917
345222924
142794497
238125
91915537
393027580
14562460
604554075
729706277
717763113
724324022
507361829
937683753
938854007
616094110
976382165
431263045
782456470
375716967
537911745
325494559
742641850
288668015
950846237
97885134
332508494
361283231
16037547
78433643
742633353
344542123
448158137
369333236
726432740
799957415
704151092
919880663
141988424
362809314
265014979
129590096
631443609
832245906
174072776
126998540
428168163
939002062
119951142
222237130
409909819
584692817
598788953
383468417
248605385
423703454
969415237
1531315
433372589
325351043
380948008
307190913
15989261
351401029
834881893
928111528
346499219
88644842
933879238
759593131
36624926
532083878
850742060
6949094
925041070
939212392
99426194
549638378
820049270
495332336
581920579
901298593
477920725
8757409
855754343
201080707
612592396
861165327
198731442
304791995
555975031
899716787
887773621
215646415
773283517
272206144
474796347
722470111
614114519
357018019
628087822
232188711
684280920
568604085
493465576
801566694
817008973
763115948
587521584
202509353
969094613
249608875
302439185
483655520
906742330
773573024
154210280
343851837
975467445
734067919
658972209
103678544
272944874
51844739
348076714
956013540
978768890
983821611
597983710
675874013
149616230
17415058
332437147
69662713
510036841
474662539
60814643
963684082
671177256
363769822
417960664
107570266
94807513
63949057
11366325
698375604
426024358
511298407
325873324
215973855
724240944
566294778
706344573
835545917
149236190
987382341
589691310
284695362
35221510
910904701
572488381
977522388
421291563
527711320
589623161
190483951
374687614
609288634
161035586
175372328
962226754
592039980
663142950
24846791
100269730
190159364
590562442
562320033
37765092
733712945
309242207
549938429
234747898
310163626
433953569
710298734
982701299
26821285
839348783
917428406
947174646
569663586
242112562
770207506
335327225
116606832
433143969
225554678
549751734
985623254
697788745
189578877
680226838
109771840
193333606
204949851
758897887
943074398
411661707
502586473
730426503
94208785
859632222
410911867
314204239
398293447
533570105
49402386
312828268
212998379
851350582
105618364
693575149
619159254
659622859
994029279
510450491
939764297
647392258
386532480
198539126
719861148
444141699
814706938
649542068
664860397
857999706
47039438
276814799
946322476
627450413
253373091
108405612
373897982
285059820
295370775
312331431
380537419
566686660
335922637
857935127
917375479
799122982
968703533
506938079
932073055
197068280
284174585
663670515
930454645
457795028
427450758
821800813
166760131
314258861
418305445
221436574
239898925
486088312
150225166
65667173
816180353
601255211
553307487
551731167
42663252
174718790
201343789
5077869
591454362
315465133
419638277
721765368
391212141
564782254
921251987
325786449
579060367
297338544
378705975
146207496
825510991
139085230
309032406
530115617
446614332
939250900
342285412
390870379
122277123
161366320
493761326
973347036
990344267
841544429
24018570
305007652
397081459
726145711
445713518
689726032
656078237
968065989
772152910
20302054
526269861
799609739
874939227
438043900
660446331
689380462
457532822
880670678
197490488
204717054
700110794
856927031
438290883
209621636
326008435
520177809
576679091
511934761
279074335
478182174
57924296
38217228
908615603
303278412
235544920
430151105
184412527
255597206
440425524
939504280
256618494
814945756
849787209
82116997
719470239
615801917
375574191
835862983
604762749
288534477
945566361
221775566
670828263
289226627
487003930
646194961
581408160
783279181
250276831
963159071
829995220
184298825
485357825
784496359
220954128
224229632
322700640
241135774
42902420
540379523
18205064
809271930
968669178
750716706
465143656
760942572
677448179
321865803
934403074
298790773
374037647
874088811
291585850
639188319
1519840
386386103
847336381
614815630
459981286
258320149
103538045
75856192
937139939
102562631
201787785
692684615
75859999
395993659
156970335
742396699
47388782
814679841
148994865
845235684
670007239
981863819
196035804
247749328
580531514
51800337
194664652
177531426
835875309
158785080
883033795
41949891
538941730
549093697
703872628
97975564
125266313
99283080
198946700
952927478
988593024
624617200
950705089
153440791
394081802
776244484
926970673
321346848
875584629
794760963
990728531
662850189
299491790
623472992
662232019
969393249
132954983
166362206
758691846
864265500
189759049
557520783
553157780
303491300
825154384
361055979
87014947
319367053
31072096
544125722
172635880
103384044
823460439
888073387
834731874
98957133
362377321
608971813
69082761
659919300
185922390
96767504
866335783
679167366
247005869
765194360
279689057
350493447
496626147
276421163
3016858
204286431
627492933
319713157
271455211
381716918
720867371
546398132
3796562
810932622
473529843
318662758
492614613
622790369
636891016
926830332
528337772
335175335
175392452
947963115
66136599
382261918
412989910
597047855
910527299
916697898
77109746
531584126
923785855
354184048
779466496
769763626
314880812
192387729
488252294
699126791
325008770
862289656
88307783
174255103
902304561
713255390
439011415
200795020
204158480
960474773
795857175
137024953
289575419
831120698
539067747
188962395
701690420
865151042
751532043
30999565
311485899
209868053
489202816
49118
661331249
13145747
471549024
72807833
245229478
904873996
685006338
146433948
396284720
183522848
102470856
288838632
54979878
718553652
892121770
848201407
700726636
880769268
409748337
39783866
87979477
624282173
222678894
558411995
307699945
604875733
413103300
623567510
403929048
374177027
668487258
590874456
187248892
438901662
955749724
567816862
701827869
315381381
786206321
943453407
575918806
364264329
442336760
83435853
34190464
739070799
117795759
551662089
931043928
290768458
303418620
892520835
897204021
287617727
630275011
108951754
511717218
471457016
40086035
282021487
368326979
422120288
494169994
725649389
768888480
482759664
638596962
293910757
930122575
624951901
776841713
85957712
152188921
695633390
537565234
631030337
578107216
881171182
79963877
563934608
480762224
941432735
66714828
554421825
515276448
208843043
906374348
611597225
497705367
747964937
226858371
180869991
964819263
419839989
894415819
766335214
319297675
378815174
709038783
400712040
816706329
840911930
874914548
799713109
941168239
51927948
74710920
603677596
811520307
252223949
801597009
774730840
756670824
811812787
405675297
283896596
538650574
717619308
637302882
631169801
350637818
11438810
808162636
558630734
95672754
511159783
373106661
772487171
506537200
532165212
289916349
184031488
282797552
209045623
645409474
753994742
49743531
484021296
202196049
608455513
471642137
63174810
794656858
390585802
238462366
415488592
446207015
528872058
744578192
766748298
701568170
580734668
487677850
64463493
249597715
938226601
178794770
721934508
792426142
203946654
466809824
750337560
335657314
654454673
33418437
913429663
487455427
37081033
828431413
452074378
447811733
932008987
953174620
603324579
100966300
347080096
681304512
371887595
94440136
26199641
137006653
949250723
417257607
817198658
403320703
113171372
975287045
355781320
406195565
424707558
671319322
15512803
979466774
714268405
875992906
983043668
437954596
100559323
25818381
371362023
575487504
705298048
703887065
343430140
990833523
763042239
151509634
309067511
220764041
588358548
33832896
773431711
726494803
508639798
225793037
46382181
792450465
230203
915938443
477479851
49221702
449074292
793521691
352891533
2947413
703029258
267746762
56741611
115591958
583402833
47125486
765901742
683367106
404814910
156414809
735095959
666458322
603646027
75455833
729664783
942433244
691904398
757775016
978999552
63234282
566147811
478515130
459650706
938846298
995952913
686409452
955303538
806679500
351660639
620412938
270282240
579669933
211228874
630195702
316611269
363004937
42216767
855876120
645449509
943330195
44674423
511693304
464174374
710132711
178370298
319877628
346676916
694721246
989259286
220909381
240417780
418784066
533352528
677133581
65404518
137938539
556236439
27623915
478270313
748380464
617112184
274834919
870478995
570369334
937125893
598837991
489471608
16262476
455836944
375558019
627637605
660866529
7072079
80883439
202903689
442495240
610884484
825957262
82660787
645073786
364900434
640013326
638359798
803375393
940812017
213540847
582645910
838121395
820307791
397661747
454505654
465957870
564812986
591101491
701697808
827603237
799789082
335111314
778690902
849480510
65473076
868836443
60509659
583563448
670988972
40764638
574315995
105756575
565575166
157005006
599437067
310673339
171511137
145406564
680244507
645288573
912862470
66108807
702751987
926624639
296302908
21317266
263299567
563949350
193090370
612994511
914231584
14362272
766259075
767300879
898037899
511598125
675149673
414210751
923790546
831850037
322622852
561910697
895961243
504919854
992794975
775588479
853043522
258419010
383928831
625285082
557215398
950594555
470162070
785184916
45715226
913108497
151400812
196644253
661008115
23357146
37035450
342591995
112652744
806010705
576651469
794981916
414947610
266629578
949929981
732853160
288805675
452803259
138044641
257899030
748585474
555080876
219157863
127794140
247109367
419656441
449702747
76700849
185517487
269352512
179080716
591898150
74980887
896183594
648889132
71620552
110220772
81959975
678571691
41136468
449578700
870711615
623260994
890075611
284362813
791768286
841995947
459566623
63653066
481758603
217392129
399410567
451372054
423020054
786380285
907060982
367176461
563344750
738423265
175643207
29826248
78878624
474686847
594027297
986487944
3760839
27168388
231870482
275590521
833819767
1869157
433488373
609612181
210178334
850749914
531943921
368809155
691309657
376374788
962408868
541593097
301778374
283529814
477310621
372462613
828152256
65724758
601454119
126311819
296040407
40364152
983098680
350720085
425797277
444023387
775548154
8828030
501657861
276487145
483175357
409190283
955375931
506240881
249781576
776933040
816038367
4026655
200239642
503701723
523793446
701755216
28312985
604490545
730197670
328800296
80571508
802227770
71207442
32153423
819122846
807995069
496771307
833921036
813401258
635128604
159110694
196380032
439838559
158359184
205259978
342134048
95213261
833872133
91180066
707161403
775209272
313903139
224203426
192683546
561042549
553347086
987216760
881917725
497858196
369063784
512311272
575632095
918762531
556028946
153121760
977439383
635211072
271254985
272834997
325259732
527348019
839603360
703665696
472029648
968603947
162168806
957742463
503349831
627966394
606043217
381401698
916214341
989224437
870348327
366884725
740221288
572123889
625133442
140812425
67837577
678810496
819354114
903265898
65902329
610643021
777020249
442492540
500262096
545529514
149389744
236566494
220731289
151831209
873961512
786527363
195412908
103186989
25162851
719938218
883473454
44294867
271214846
367518159
649747513
546950607
399440004
476949981
722483520
939689653
74220609
991703921
311412243
75001714
117027055
728979946
461804527
664242207
340470597
822619049
75465314
22100862
1233168
59555362
9936438
684282906
966931361
324515997
203305783
670071882
653582090
596399737
491030012
250233146
78992483
696896443
676168367
335822604
783844507
275784384
602031878
5643775
114767938
238738463
834605677
764312691
987502670
227574150
317374747
880892284
219369424
936102736
565314341
399310872
891901869
431516455
215731557
592832513
354393596
158778493
371020139
35683707
481976582
322737069
411938804
382876152
799716110
61289999
985807380
151751157
437672071
716562366
49354623
923502919
821222754
679998684
426034776
147594585
977156908
261608697
430801929
242625670
672691112
6464213
320904065
18135355
200899816
690318524
37638929
83155961
107939410
227851026
492532475
689349744
520579428
78009374
131588045
832466599
111599189
187677647
839553875
131572445
759491093
912486281
931798231
930091379
992302634
360215909
10785696
17787589
604191037
458490597
907147484
958598828
173861669
548821022
948684590
27234770
579382360
456026838
654879980
657075157
548452525
305320663
537339452
965586529
701681987
335640639
568354829
27877644
769333547
80855370
551070046
324431664
747807023
392379110
844885486
543040090
57048925
478462377
584293844
645642582
777116516
106698695
683491192
856563659
588539662
417667361
609527516
933366301
239678202
222796848
915899120
663744575
214716375
167339888
137031818
684484525
182226267
560224931
150288012
179720566
342911111
687637475
764583438
271773397
726236407
650090893
355598255
850802377
921197345
530912222
72601926
439081306
156936997
419924446
363269707
456230343
215645224
411844716
547426727
789698297
686850609
344013600
305812982
633970239
213070834
979570516
768539125
386662566
41313512
304610805
850102754
559854058
834961346
518214134
983507628
854862389
197892411
769152747
682057268
266317314
475220538
871490005
820900345
740155597
649550564
77676196
374667529
910313185
216463707
673187255
880575169
840598754
364812786
364513218
974488185
515973868
738952389
327465120
82046276
259604713
361778286
73959344
112878405
152807983
607578691
127870380
299492613
877077558
304383021
915734793
363330819
339366983
102936890
167101028
581745097
624670157
256731732
245733358
67231187
259244830
779822301
969272351
482450660
423685554
565295373
292818925
582963111
195390617
582029687
539962129
955273559
488184199
554230310
315605889
719867232
298755144
12868940
941919579
100904658
104039143
597713630
195966520
42925641
747944897
111443982
287076397
65429050
146244706
347640275
724914792
805147464
524162339
504106309
474030965
98857912
245833262
463172169
82278293
328419324
574798764
684538522
430816926
375622643
715555131
650209626
560883616
424787788
329498239
279159701
491082947
784336446
141807886
439702088
233963220
3679910
409531390
669888213
685037463
590590765
414400910
43521676
902971849
203768631
192097564
279536952
444516798
693699062
905354137
900819034
348856632
91715155
996433062
652972194
277597376
971951272
995171619
147961224
508447701
342658846
814859968
36102229
366159207
953844572
188953096
413260321
753104185
792708955
917626095
738128018
186461875
630922569
778128344
718481383
399156304
628564199
744477182
123155453
518761473
111988
75781596
17003950
143205657
594743697
54620847
619332010
101206653
84455769
928010493
952556672
837520805
314173477
684349098
93909656
761549052
374571338
972030821
365267989
484596801
639841470
672385200
100078280
100452516
790013253
509052136
172998086
478123700
176030405
445488133
207820182
296285432
680239043
688194731
879801999
718543990
881800496
69137871
125297882
84047903
792426596
839559539
356896500
980664284
746327160
313483652
216868307
292924558
805675692
650554905
345988083
534895324
362980506
273593449
837877141
154692815
902137743
132250690
159266520
74309766
752045556
814103015
139483210
848643122
20501528
844971635
510923304
856830147
470362446
666799030
647902716
434078827
103535360
430236677
252382646
847988479
559146180
684746542
595368208
539780527
786550207
374994752
927215246
363184715
715409113
235734995
680214059
615861189
389806690
571859014
450123343
676055011
772088806
558806137
946069978
9783202
996362214
462981189
510251227
240663550
528720931
848747897
739630823
22753521
768238563
123471395
618224097
303212962
121111525
247333885
711814867
428618787
813898979
78621541
854946668
81683582
181949171
535818133
645931367
857011841
169610883
75144091
457402136
131022761
701532006
77022293
412831108
72537995
497112927
682428308
730528922
816771839
334944377
871069989
160611090
120266989
254677215
923112081
362968098
332603491
634202236
303810490
437270721
732376517
148332393
494217080
822767361
149427850
148280367
43596006
657065299
360217623
973368472
566153158
248576928
292046381
282064095
824845077
79149072
980895320
243566130
308015323
114212430
607121061
235381595
317112697
845482704
852294570
567773490
987205828
838727009
917305940
655564415
952447763
411577116
543148386
276000469
725841685
7120411
877100584
772752039
132432732
583536954
378102186
132706335
586740853
262350306
382096414
551313598
357366790
92126030
360987038
706362227
978554089
825528605
167680262
259829398
217874138
746761283
305534123
764696799
367032981
826641156
352139106
570583724
364570303
43396406
215059188
112104010
516337824
440367653
162575067
807860272
402984810
899731162
559016193
931313024
354033613
273990564
276729572
683211693
715924258
114879109
472336710
696436651
879092134
142899084
437650648
798008707
996408232
79946216
781529168
370393657
512039593
215470722
763843134
813093244
365902555
804926924
993663500
991915469
817018443
830776221
560467265
984142902
635285278
644902716
521276596
753271169
647804051
847066165
313043971
257274087
636827576
418662834
462273286
654294391
695033426
225414610
149717607
870666955
469525348
854339583
243678956
318593308
767625688
247304010
571676212
794681934
88801046
270945853
751374123
940793100
322983810
791439653
977486054
6869877
370446067
273415437
669937353
955251584
366629134
727877037
732376562
679306849
220257584
423443125
832890304
336428053
32903702
629312112
430089299
720715861
81202543
626573167
602831934
758502710
653130099
183101718
778572965
873067203
682980703
954128405
331379058
232946645
617689198
748838531
794931786
330377531
182702654
176133687
170336753
705212662
600256207
569871826
110945485
493233172
730713160
568321018
567560413
177682148
436959870
685773878
543177754
931407220
153265495
253862333
970803843
372956445
2572374
786439972
60772499
750570415
210778834
316719477
357100920
840036399
390976397
688716091
805725272
869624209
286171153
157249636
959159231
437333517
455671846
812350239
443526237
414471548
698231650
524506801
506543977
188905349
794502539
654827626
147790879
475572398
838810013
778358176
410116319
94526181
434843052
119655732
661558262
754701493
228155174
266898105
775640699
99590032
220049022
300072448
148761833
538285489
568779329
478759768
673105148
80222756
987654932
521650269
389539397
50342603
387144385
146941797
553146428
679398475
447151093
179023815
527014781
580207489
755324646
342367272
421164186
230665356
876418316
60114631
341227603
495024166
597831502
432092542
665279162
529510839
452792659
980954478
966506866
659180793
437817743
454160196
649553317
717854901
255616604
932596591
400682282
175196422
835557795
969797304
884922701
260922051
586873161
662039406
364227321
751936487
646706895
846223188
783940834
968867217
819655455
877405251
685985122
715265108
865421660
51795075
379579460
504113442
747058523
441453736
889200886
204612982
276215475
128717733
704668732
618465262
762443988
719232065
352823046
822522158
581695277
422559190
928564641
183337194
236466358
806217237
702967395
172175820
770145529
948357275
338741068
94491034
534989575
894633773
830469492
227964225
908505273
851222882
550151487
181303333
719080343
439545605
293358761
145963314
163799766
765544713
649535365
464126699
484944349
574202048
286031325
747922947
531761098
319815614
209012432
19763017
558540762
440820413
67662042
300573918
483829874
111238866
60276758
843907647
268541414
535449885
535814969
555169015
195456983
959613986
888049937
365354969
695320591
934029245
296224573
186759662
7887823
212540841
942724571
324401269
939788037
995668000
132276986
579184540
202589432
674381985
795918978
16013473
499296577
856915278
345816672
648917978
923331347
366449326
285918580
788471603
734610689
453323036
358745728
734763909
216810672
897080456
118008157
885804579
707008304
540222923
556507831
26929561
926751443
668981770
583516382
756675245
703896540
50168617
778245713
392242676
819055694
925658600
766867109
254735149
86300092
741653266
610236993
677382520
523828227
689879594
973540388
141477441
658096512
323726211
170807659
488548745
523942134
374985131
156997531
588283256
819506807
669141674
794240737
298706795
36746689
178194818
373785956
889749687
353948381
376876811
488712759
511876473
480535044
654286075
957764808
257381650
654840456
453219659
22674229
912934091
23049495
287580190
440621389
328355413
79821738
221501036
443525182
289752182
558124702
417900083
301753694
337382453
23664948
678347600
329173261
700054067
543525632
708717270
334170352
685763763
931314635
911392070
700920556
151878191
595422192
164980868
700033452
416502732
425926334
873068595
277970869
277271817
163797072
450810849
817307145
912522363
610261481
72918826
867981923
573343082
580987520
661867878
837917051
733456450
156334081
869307779
710887616
641951014
34551765
737894746
644616295
950800467
726409816
662262681
885849671
529128720
767346994
105331669
31930875
537745467
949970355
992521057
241461640
598732294
364378259
545506666
704348128
311755061
189563926
45446721
947933472
531254187
303873981
6585519
703326706
332919688
785810734
835631210
816275395
601751259
543295951
600513930
625752850
52708911
50842592
4695142
161778266
45661470
937450940
621888162
290496476
247345755
689463919
703003188
412062263
470647931
735062278
628375284
245784044
274459806
122978270
677076706
913202431
49371478
908475349
998111557
691622172
2768944
372616226
652802145
760608448
528312164
736191851
477955951
141096753
29027533
660406173
353380439
405417059
944236230
201460272
655740770
377014806
147754487
153642919
673028893
989159507
788298387
3262223
861452306
727203839
532899616
203771408
726749919
812370722
534571106
368501428
259685068
627467228
687615031
568401107
321414440
560975990
436192039
345432150
805274084
122109523
410774029
480843438
146134301
708555030
143542744
200606013
517127791
480936153
816126108
902790501
650429389
113641054
549584052
319196207
916749459
183902798
910676720
73963363
216427078
530692116
181896439
162070066
280109781
655914831
671503890
729607318
613738489
731749604
176521273
234959485
899244365
554768112
193903789
109258099
235361703
898736057
654987918
580746579
595290166
25944217
309435927
625125066
841767091
292295592
783318441
297858422
313184121
220124259
751117549
539302134
958411692
255385150
564711239
254418389
456234064
374608830
5707377
636873307
738750162
762218452
156497979
23923632
149449863
203497974
709347918
981764454
865680213
314116834
575678803
464199834
962889446
331176063
543124068
39792000
979003376
101635102
469182864
568761139
995730443
123726067
666064351
872212995
840356419
433430312
305360673
387390527
78014865
913035238
570265373
622608011
954826155
36101922
579760383
772160815
267105426
915784939
716087108
99619934
297920173
316190432
664905040
30343718
162621312
530383805
965491723
238425086
476600966
90185528
180401570
136166436
20291913
844630074
593859232
805192862
501681926
844764097
845136845
259097621
330643804
298978073
875034338
53380335
296149494
190979301
580191603
388900408
700300229
96513969
776790934
602041193
307012044
874907397
683790404
237629533
662920973
664815231
608781570
416607819
402667051
136103031
107217839
713092252
203943949
968036944
968862176
525758822
303632063
672770480
990410805
578657204
318896362
264768215
833384728
607553225
838911146
766918307
684283354
429495828
562622833
104800899
577577675
368073553
466510651
55846292
175717196
854145274
255901782
983395729
938018421
897307866
363936144
306856018
233096293
268649277
675538640
121467379
462058466
396302466
396480535
73856278
690574537
499446844
391579606
626496225
919742374
694793876
638072927
590227890
509881453
398220717
497258829
42115941
987646643
977664604
993377922
680265451
93839327
57284420
756151920
111378003
361242092
870382555
386023801
925602230
656084967
312572355
500762889
798438085
977832533
187115277
526834524
673523486
501656585
562516061
93043519
618682216
408714679
380325256
479362791
988013468
733108602
753351726
827162223
846279584
321801155
13443919
445103262
660284890
824466367
818872045
778369072
361591092
733415200
217883800
217144546
142373707
638040901
994456724
811030214
733815761
785226210
561436826
275590532
727824077
940747445
932532383
212933443
380802864
786649638
618476664
784295362
19240219
726369934
753137616
247007272
388964306
92145207
548809473
224075692
854265527
329671103
614476664
528819171
659985505
972100389
569265623
324294383
946270598
96917747
738359796
724975758
149632477
154894260
720468962
365574165
244071985
154658472
238506338
482171032
286766460
722039067
61308647
254696276
37197930
385995207
166271295
406999325
545795977
961515877
685131524
526498436
674411885
545545049
24182304
584411191
661792295
442349470
304054769
289138247
799918687
248541947
888490519
739514527
616004063
724458816
232331959
824170593
120949665
459483129
458715548
635985956
17397942
768378529
905070818
508857722
355116222
458379912
92568285
386237520
281141249
927593321
282274376
296706472
763903689
473135357
177002966
372556904
490351037
518606634
170217565
161741761
755387547
990708021
804447012
230392819
741687989
351632046
388240833
751245814
157709310
784138681
702515133
206757420
940351579
827667318
429439506
94270049
535767437
982742582
85645367
471529603
735973312
991998163
193364374
45863721
492559549
639518177
580429848
97954430
10305147
61615596
835339807
760160507
333218306
945687132
262420774
604248902
758545920
570286814
765252965
583421850
281332505
362148170
298930870
451979065
952301795
804965327
552878127
158452486
587648214
452773472
311740597
74079749
573087469
291352803
753473967
350411830
311176773
788839966
240658394
758922666
692373800
354893231
342592373
685486247
816017705
66308623
176481080
503977359
731301873
572541557
749974632
154874659
870441202
818304521
236595691
278002600
417663912
627562985
445242271
426092425
222704716
103176362
218010954
325149300
43432439
104685585
312636910
145834897
201883580
599068302
137384171
162573616
70476403
860025152
809552859
992655159
952127353
765259375
1978845
763865145
828421575
572920460
770284904
285487271
242679484
581129786
668800880
556285552
787660821
44097030
2152501
735302331
428364666
596229780
486315705
219518187
577594049
471932075
518025096
920770
118262278
22178502
767702825
988676208
584653544
682997093
997883068
839169090
801946157
572235639
884093040
538041415
709814068
582757658
534009373
306363021
753329799
306924889
502956993
205403876
769016346
606026434
827046830
455829162
964806901
934337188
911008539
414786300
461818479
212320695
351700628
575625903
822647855
376520888
283267072
510042666
56335692
368873490
200575910
499893755
489278514
873274630
14819009
95296395
883974008
635827470
256952403
491569826
994725151
65686208
966566401
138159460
238691142
629585734
322996797
451934099
459252573
632527904
193416595
648454392
408957952
572230032
827558684
268616905
589627382
328034250
404482446
634219232
947192249
768583634
270902019
494741382
911074962
153355150
555381375
168110558
136426899
96843980
965053978
801741560
229207422
103702276
61188992
455917585
176808943
321720088
694358747
603643882
926818959
454240680
219297714
950093704
609519628
290185359
381648556
26486079
787245419
516458734
965204091
360315706
924502902
466262330
730658507
125335693
169868257
191381883
511009867
486095444
719010594
448311502
586935384
151607540
982464668
776502534
582533141
716771260
5653996
760449759
87203303
495180911
316214737
137433864
739035567
727320199
717353245
19141801
189127557
732841064
310437635
582955933
840685833
648589202
459394080
295762149
522215818
553610222
968109205
452587272
929196138
586993899
993122051
627948289
91421776
359266705
244920691
322579325
558369317
810323668
851196849
419929022
196988153
744735851
622260023
23751512
742234225
483789630
599115357
624851377
712714192
160531755
873460313
699235868
564110737
131831671
952193307
432498961
674828137
420067193
94162474
991733589
654701374
642847184
850419489
411354820
151393840
733026621
237659074
537027276
176817269
229470329
797467014
87474629
58099374
697748576
466505060
904605517
929589941
637741461
964171204
583416411
347703091
46787870
960010403
123850290
71471976
963929069
548853867
215198958
959263231
558431324
371502841
968073913
499476597
780038322
173106524
598780270
992467350
259507219
667602443
829006043
250349044
192265604
637727701
264285953
296480267
378894470
177685970
326025109
331654505
683161340
848458215
792480679
579516090
191311273
112143232
446556561
192857723
351195332
223827618
92675537
258675409
981028197
756404341
752346003
928848608
151461758
144166018
848638984
160140739
168067357
43752661
593078513
623836505
338134085
83978102
612421726
984066232
171805473
215213528
174955007
684174212
338406770
324185162
209255457
604682677
858239815
112230381
564064424
81629483
4293962
289406930
146441921
70810154
341799665
711716396
672935032
282704464
50905614
546234824
855399179
874175838
961493259
909125696
445488141
607990781
922112477
734378531
943029940
123165764
567644799
255354275
688987034
572792624
224136700
477177919
437437094
844855300
69101787
25967280
152854240
2699345
866155491
230512138
540117209
504614932
864928023
915017627
237107353
119756047
477852975
459005984
770795939
905334914
724667533
929645705
968063996
229872976
332658365
618542993
309739777
471058186
307201916
303570866
815180921
840447809
508143473
571514806
256268428
668345931
171485151
903628798
313001869
803455299
860678840
693278328
6570610
725323301
757460397
179049184
837112032
378054308
804564380
236721793
70520562
959666626
432886580
887055947
336893428
890128158
269215344
723391731
751688481
887581839
348516460
800010938
370861009
772488063
879254749
158859783
371525538
159744737
197110748
624293512
715883695
449226712
121888916
998496970
738892688
882883402
414177134
615050318
683159199
876535976
77980330
212311855
669134984
617301141
762661801
394281415
39966798
926375078
136135380
903523725
134711069
218717173
43252361
95952582
561611988
937154072
627426431
29319154
409075413
53035477
125633809
386865445
211030248
254238383
283592034
626880260
510670786
837008562
539051243
142513539
589948760
487963040
321651724
783334181
446078299
851922386
594612540
182170537
917379814
881994107
678568630
553323187
861232630
874151035
73150165
98310595
420702118
944580208
607473955
243880505
725113967
599172924
621543587
615026622
831525640
54073353
45412069
591458361
419957017
378456956
625560368
296624229
580609586
307417020
594505731
484983366
183006570
147870272
282643888
827855626
250330840
616805376
714303594
959378455
457793356
136045857
3398605
93589250
773809829
772703608
752171428
9606003
93683605
964728830
63740669
234915132
477093978
143122328
202586635
865675954
44486575
531484087
951349715
607407540
527257661
7693391
703116848
697498778
453992182
647758090
276698595
823596280
6931349
501044498
905884780
341743718
491682718
934810146
576217648
982125988
846998842
602918927
454860133
457299556
832308249
657313207
147902744
383043638
963638905
344628891
29824946
531281157
851547784
510564408
72234608
501413369
412397542
90500895
161962998
426446118
685252829
68673328
102821922
568812484
982008494
286019280
533559997
700120412
945965856
868841035
700317737
94471658
312099047
421540560
596721960
288644393
352420744
78124923
283824169
994945199
352499633
780881472
383700600
966562408
511585933
938803698
316729364
479825310
964600025
222833543
42563908
211796061
217007464
591302858
887374409
294511211
217837775
833381350
987523305
320091896
193929275
43274694
600281525
355237943
304757355
795652711
135680005
228103174
150967537
79292832
897526017
839555590
135938257
838083485
722666890
438138248
32153267
875714996
315439042
802270710
993294767
638063467
589775385
407758848
71193659
572979989
953058579
564992478
818141032
2218348
480922723
229516895
345175495
424601055
317086154
993539666
786370733
148661612
276111563
285646314
743988332
528328836
650316106
666789992
718196205
323841942
640537954
324455073
508768843
456198783
875704983
267613003
416332592
76688113
679588221
4848420
433750528
973329532
797857240
979114460
675631975
667001292
302169351
911528853
653094049
727425569
225262257
553335810
452274438
148118658
724185728
436756737
633885376
862726050
95356291
522320808
340252943
14570451
611920579
154461873
774997518
11840792
267600741
599514968
470471620
126957441
444335443
288783082
951623471
237345082
141056474
741126490
19398006
615104790
866569977
573637352
872764962
924172208
465938060
701374100
330565281
599203837
195172040
379824110
441348717
956031157
386982682
642840295
858159923
352485822
210369404
247094389
736321976
194239392
709799039
836624556
688695837
950154389
744725907
704153383
795240204
671300944
169826090
449835328
789982759
322018784
804457315
103912284
57911112
403774490
822316209
785699994
413093297
6825122
866484185
295352105
961021657
506209470
728190798
294343437
827044723
937619026
551944687
968705849
432017955
496906741
781865201
735811156
28924956
187962021
540755249
810041606
805485987
519718045
171391052
137475140
899264520
914806784
105613932
932954801
190295038
230369916
327034459
27378005
755190733
130863477
607003852
748295437
641029184
191462442
494366881
321141847
488392589
238159291
579972406
290597699
685786375
639058968
396804568
495084721
408525770
537265554
145179279
892341649
205783994
588159376
253920795
55957212
946285374
140088871
669005128
37279955
571361747
485960737
710299208
953349155
607231096
829667551
820822967
880400156
356266478
784549947
258591027
135433054
753443899
401725064
919676241
865113344
693725689
687856630
574940677
923063774
557897886
223682088
580895167
438203759
756972360
759865039
366529039
965856677
204231347
466338241
971266325
248750986
327744016
563664442
492505651
273909864
731736095
205747521
872662834
689308021
415891499
772234558
902353972
224975282
877516986
595017747
783327019
20785909
458634923
722160991
707850896
331855763
299063045
980764567
803197655
167790666
707789593
695430829
94952981
343363465
460003678
966091819
855869782
444214943
514419281
697174995
936532991
562785895
885339224
30705835
585127606
915429733
652447292
110853299
724162253
210825797
672029565
599138690
53515030
208707081
762166802
273502102
247280748
871832058
906752493
72515326
769949302
548315834
812575645
568809287
217854526
290085272
566733679
198978273
910186664
764165994
755815695
235554455
925244850
383563261
590580609
526977597
759427866
656642242
856902185
951217231
635879947
332315731
742727335
230463185
936347198
842486497
326187457
846933425
697018070
941995007
590141332
451431939
210935375
243064466
995981383
30724080
19140571
243700111
559522684
403698908
784740452
439716539
297499675
993278368
170984231
878679242
709165775
921810271
906548746
601717304
913738001
736777468
988626779
570249640
415596518
574178789
397714446
898619311
669048865
425674881
424550760
527110780
48977979
138568880
208729634
798242286
486283238
623063337
137137767
986392397
767205996
437500197
997908277
737299699
288837369
417924824
514871534
986366190
96609358
437120947
461633847
470193329
808905526
678854397
71367299
921964466
461620343
454795467
750632878
941190905
729037694
173318845
716650201
785967584
297749076
708507477
45076759
527408468
820927063
539716583
197437441
20614631
508497444
108988999
91439212
622982709
728281534
816195830
876887500
738550713
653035351
558977327
560351014
254286298
41841839
275259720
593261347
750072790
615942407
342149386
280253892
489421652
592937289
752940004
592123749
193318012
245134827
701108057
575912534
747603622
707296128
700809905
395024413
409376193
167083847
914263809
450694766
481209270
428289294
687147799
585420397
621756008
520899754
774679144
128234508
219762474
528930025
111655638
312823524
648879953
186330287
331390916
368625295
695833467
497099016
642746530
844983900
175542102
885820076
755922190
8917604
817558030
422251566
437289991
82826619
353334864
140907008
8655161
160301162
70272747
680182920
582843692
360707121
189527623
26030647
430064528
966484778
894015831
801323837
713382449
847215464
505791085
509859875
527512319
742780543
832001907
761432513
939518297
513685881
763154811
434994052
27974823
46977407
465532989
168625053
596513222
913478686
924512029
706563066
793403213
633271118
805883132
608912629
547731833
471342869
295272021
800989731
250468090
755740220
197577716
915312926
198729795
680558228
781037698
585287580
434883506
195703729
625993733
397441807
294798068
661476558
75151609
616495782
644647322
928462782
132111294
152368064
162570393
230476478
206999155
345564344
317546498
151127868
744020897
584994861
145741555
333745479
34271503
288050229
413706760
169391614
969817169
884898630
809983417
140784608
354730786
673655575
336061968
685910075
417525993
28416284
308210827
227530434
525276168
5586578
513067266
376147105
229427375
187761547
922351964
448458270
717974324
264002024
50333212
120621812
357565101
118399095
8305559
396200192
113453665
187806601
889932544
950662076
297142493
465738273
532545298
773238158
810437524
983671263
768192021
793270502
752542247
958709283
462116113
809035653
127395235
794334084
661316567
93648785
605704775
196958612
374687268
261813651
432948896
334942834
42563437
448794521
752692303
35351387
698602111
677853262
92912810
546559482
988043385
538081129
983196092
588298405
956310401
780589809
147644516
472291039
956176802
18197462
263056793
185046834
22840764
339112932
279664100
258451109
89470660
256824114
659077252
439780194
5588261
416209599
586846082
438644503
398022061
821703655
996592020
203021763
411472272
117639059
909978356
350341021
678736411
158569926
276456048
95952678
121092263
996365405
626825874
792546491
475179776
699072726
537803113
21186723
23869150
521984543
132323946
442481069
590000143
532989067
912533347
460839481
844096446
105724183
307871940
481036943
865044881
938379640
919897091
541629406
457719378
240739932
766733585
64359146
723255786
844856970
152529657
513449818
391535979
872036962
247459358
369379173
560690496
34691378
44092246
78488480
597081780
365077406
259047070
813625418
560273979
871558897
952788955
236194528
570667092
22048538
759868317
836618537
245621491
428801555
905235617
827063763
40363590
204031934
355715619
597757077
89999627
434240686
943984295
306573060
81755402
771200222
42198271
214488401
42265993
922455352
114682634
209674686
408637713
481255855
772100395
780989503
241016678
886685074
607447975
612198736
833220724
47785894
435504643
61776543
824169644
380160854
79130821
117857024
167059979
931781188
71282725
884047324
487249334
556415153
195839778
891563788
50842474
232980067
320699655
107090804
742054896
192190360
828935918
366624641
562721722
191954380
380575565
202658946
558813124
743398966
447663223
53303997
511802643
126200008
494318248
890588726
353057700
975956566
421150916
725889781
914749392
500365443
750695900
656642446
990552806
247362177
321300251
728874320
108163724
227371921
675211671
967023348
283183267
241409920
743792195
805713770
577892687
806934466
787964167
630578781
602273980
71776214
513552197
676162053
51951036
350990166
994975778
461581452
398015884
937849137
70583044
584044453
56326268
291028142
834849981
394837596
95178320
310751051
134799844
19883884
683889219
976708427
146057845
438830687
636120219
785442434
798031205
236335745
511968509
195798838
357508580
256877817
308586706
795570137
488682807
62469903
857360394
237491908
802108285
497264107
983014924
243784505
202819027
478303271
467258933
868421978
337667758
394240545
344172858
182378540
281824141
946112222
132078208
736026548
494003624
599610161
639398149
572272707
434826928
181428756
481391524
52004147
823051943
74565656
815344061
450069185
372679106
8099187
428827270
879586938
332443065
27002180
277662722
843462933
854621102
137323443
638910522
814030860
590199672
63896715
347114266
551520778
528524336
911901966
462309747
244792535
456409786
732862496
813902449
967114230
230622287
13722899
709254216
862914672
881845444
748581330
312503360
630577484
897896150
803253153
363269508
997797095
841113234
385606334
476717955
248877794
592450487
890858007
603794277
712891849
560010396
477862272
274126549
674362467
126246793
638687321
656048576
209317740
322123233
667125762
85139912
438383413
485895254
54321319
789343017
301716155
733700427
525478479
761143241
168969035
352687283
935668786
510935189
830472022
985465875
177174314
987515019
65005984
815505793
379167537
321627461
445835101
201137457
112509803
649685074
763059298
786328968
522169232
305592245
481277817
198340256
293892878
653874996
81343675
637629529
308774262
377338346
468948327
334655875
179231828
962629425
535696909
834984444
870416510
728467348
989352300
219514476
361913453
92840294
652499950
732574320
206049752
82836699
995744378
40622671
675550628
802862593
564517315
20468099
743254076
606961072
747712301
58411274
377722946
926351432
357114831
966370547
51784961
46479903
353578147
25312799
184132383
948785667
380942241
622921896
267766121
340732616
235540334
451052408
545131614
882395243
914500287
989102756
882022038
221312102
70018252
322040254
999113738
709617987
251081453
148095376
247606721
625738069
751225403
839339300
635869549
909841820
899378687
637716659
523871710
814322541
875168896
897047209
676762893
60341572
189656371
127496028
918598794
646018743
697998109
626407853
285869851
581618838
670896435
954655155
792400194
821449139
517901200
332804086
441677870
966957193
866974606
748995308
628130469
680811987
323146022
758315946
83750966
35561281
86194634
746797072
827352667
828913376
753247082
563997018
43476680
700701788
618723019
380244313
443124023
467273357
487350680
101381371
267874761
541671656
721281354
625455303
506320360
402221535
353452472
65229898
437822710
514788323
610534708
404451646
615148982
415040595
388860709
748970172
601531006
13969931
44784613
638442930
588366685
17844034
496899919
139539242
84510218
427257399
778520745
19681413
731297709
927734980
196172293
285515477
186268912
874713552
638386050
669398159
81519906
811577382
52369873
735202362
537466495
511582050
467698337
915179976
178117984
604970453
522319409
714227486
231166465
983474487
599505505
962828769
874522565
127695458
539396821
890174401
725088150
167768164
860459933
506505431
810263455
178988992
505342870
19778314
720210918
153306234
531278936
869400503
986362999
640123293
442808098
820134089
181184911
138489661
340720933
601312426
841326372
984944198
499252978
386168975
814255891
281487610
295338458
709826536
239129024
140882543
931517233
526859431
858049882
913899760
257891361
396628238
663438337
930792392
748020436
619641461
512441755
253046406
73203999
140536183
174603682
704771070
906242529
925301110
722016840
143307511
169271412
494538443
272831758
914655901
923396025
169320488
11584719
245455621
391607317
109181375
921043372
474477501
123184610
55962907
621630573
987194481
247578483
640003544
722544859
546106567
871726415
506165825
293715829
57157938
386896272
902925432
911238595
628264359
524751323
328925363
203406470
178046204
430577062
890791938
388922072
724327811
201134048
582112824
781467437
481756910
732685995
535560725
880186865
83361365
822862526
800126037
406741844
447255914
150895163
830964098
444173755
755536708
22135534
802244728
248348412
931402156
751152257
746849774
660586309
649159035
941762623
997502001
876407620
384930550
841731399
780709247
298391269
581624037
152849695
92527028
148160737
935491053
541626829
249235600
243425172
876016769
457848844
278660674
420196110
660733180
260462425
509773033
167291701
78703554
266654062
354301274
467847004
918155124
31384223
198303717
182584949
660832420
744304208
885774479
260048558
846592785
647802452
283254096
311897766
58088613
475786015
861066415
524884994
787943806
706101644
950824841
324163852
596862076
465321391
470453673
523541076
566144500
719578985
642997736
391108303
552087859
215582047
204336044
208653560
944205213
713360966
953753457
553961311
497964714
534443886
864398255
292052263
501241515
497129937
575126268
671966738
936776829
298084417
907976396
604804626
186245661
346008981
942038087
811473836
128848288
451178749
383124274
823843481
402475003
760045245
2877434
866442405
514358949
444580131
965186122
157041431
797572432
891135826
9044209
384938739
783542719
128437330
511323351
374698374
782170374
249605293
192828461
262308425
847475960
731554749
765654245
326726597
1932998
870721191
157389846
36776712
39172508
689123307
611750058
729986574
289250402
565557459
311711710
334525699
879512236
627419287
200866174
950865381
670231043
815652515
513998813
398267097
27223518
890644674
261560939
64145878
653523345
750052786
851791727
717579896
483623734
992750195
530433481
686509166
2405236
942950751
141346070
208737837
901856582
329580667
741987217
780932176
453967024
61910791
233107098
928802506
962312813
293550291
126233794
883065185
484805198
662303085
958609687
360396004
70870240
536690242
402160328
178523257
671304648
385572594
543952031
544410909
670590549
596464598
555696629
930427701
685845964
791493853
292541679
819834326
868305368
845810980
90365650
289559077
631345690
218586037
335652367
126639974
338010704
123446420
250953436
60017510
224591785
910858617
366970699
302779196
164791197
679827739
576744770
319226678
431967966
534400481
619054042
480831439
402724196
472329854
969768131
702556267
355439639
148286520
842503394
914491089
245412004
658725906
223109972
344286130
154470161
194431626
72764718
86040492
974096908
971742197
458725077
655870437
203954039
271878606
889149514
263442558
600678817
828325798
628509737
876796795
453281575
174479291
954546378
643657782
667811311
766079240
666184214
582472061
43497243
901977690
280390546
213466380
961860094
39719658
165984585
227749449
455439559
498906805
49615128
70576431
399720639
655425525
578400175
843211279
1352014
163649606
335347852
9557835
562366027
949247133
64903985
901141052
37997098
225175962
495571074
942205597
98848267
928954762
861628830
283490168
61242032
865074009
127269550
333042670
859365604
32089934
6340379
627372294
699170612
814203472
388775534
714616968
789396582
797032513
369909969
201516351
666316735
31311688
106485518
501149300
920779017
745321725
809499398
458390827
236378453
282668312
455252247
605989099
742166807
468544062
76814010
534612279
780563242
665923426
129887598
298194936
130626865
119131971
659474317
956966990
75715988
328818623
115833420
302350521
401740972
890292345
169694631
16036907
129242635
672226158
385218178
272455466
224818976
824912863
332015183
483112391
183731748
668342984
149676567
145163747
271302535
512206510
19293689
603844502
530215057
360455221
73154271
523206856
47477661
738543353
464607916
846483369
318292018
405706326
634316021
748281250
908649927
808798447
257768453
634537019
971368047
243907523
94222371
678324488
30762640
227038802
717603166
465675130
852474500
238493243
676178713
809393234
138214467
619838491
163418482
298664548
468413316
947467402
455879742
584919709
243579025
664127351
76078854
575523794
663267874
437413111
118402946
474117165
558508275
459048237
560703724
231658258
819673911
747410566
722088835
273406330
39367390
987329806
521289248
232736602
909325681
210447106
75634040
317228523
925836129
76313929
806483783
842299616
691254388
941025235
329973132
993567494
977929173
617129463
137772473
524850489
881495466
597588465
995402272
57041466
502995965
350450160
548190655
311201293
551709892
520203840
920440825
794097608
336223975
951560203
681819478
124581386
972961074
983596456
244410474
245244016
586147824
607813729
129288908
337452351
702960695
997641031
873263819
1144451
526976613
808248187
629114950
474862105
751113283
270876713
122955639
535892847
437599558
620981000
328453456
822786880
272202165
767797841
92810749
271909433
652120294
136832986
151192334
2371930
593420109
717504141
718720333
756927968
557909375
20319050
737695268
353478410
790415542
751847344
647026306
181583552
365170811
438443501
659767827
886036369
272276315
978298894
415389387
447776069
416047161
529183515
962009302
451340325
969167225
16597407
572786009
84704000
405458279
922021872
81467514
80077775
153060536
