1
1
1
1
1
1
1
1
1
1
1
1
1
1
1
1
1
1
1
1
1
1
1
1
1
1
1
1
1
1
1
1
1
1
212
3149
32342
258427
1701372
9612069
47986698
216263869
893920438
430129322
333991172
872525710
28531261
692291374
692291374
84290379
44027121
545917504
294665879
813457376
370543829
89142831
911782639
761358733
95613739
16097184
911972383
561565945
718596254
718596254
437192501
1
1
1
1
1
1
1
1
1
1
1
1
1
1
1
1
1
1
1
1
1
1
1
1
1
1
1
1
1
1
1
1
212
3149
32342
258427
1701372
9612069
47986698
216263869
893920438
430129322
333991172
872525710
28531261
692291374
692291374
84290379
44027121
545917504
294665879
813457376
370543829
89142831
911782639
761358733
95613739
16097184
911972383
561565945
718596254
718596254
1
1
1
1
1
1
1
1
1
1
1
1
1
1
1
1
1
1
1
1
1
1
1
1
1
1
1
1
1
1
1
1
0
1
33
561
6545
58905
435897
2760681
15380937
76904685
350343565
471442966
752004314
90682466
6208534
6208534
692291374
421489768
452061882
325633645
905118552
89907961
60201308
565452098
928062700
243790782
936229220
72777749
42599698
766140024
766140024
718596254
1
1
1
1
1
1
1
1
1
1
1
1
1
1
1
1
1
1
1
1
1
1
1
1
1
1
1
1
1
1
1
1
211
3116
31781
251882
1642467
9176172
45226017
200882932
817015753
79785757
862548213
120521396
937848802
686082840
686082840
391999012
622537360
93855622
969032241
908338831
280635868
28941523
346330541
833296040
851822964
79867971
839194634
518966247
952456237
952456237
1
1
1
1
1
1
1
1
1
1
1
1
1
1
1
1
1
1
1
1
1
1
1
1
1
1
1
1
1
1
212
1
1
33
561
6545
58905
435897
2760681
15380937
76904685
350343565
471442966
752004314
90682466
6208534
6208534
692291374
421489768
452061882
325633645
905118552
89907961
60201308
565452098
928062700
243790782
936229220
72777749
42599698
766140024
766140024
718596254
1
2
4
7
11
16
22
29
37
46
56
67
79
92
106
106
107
109
112
116
121
127
134
142
151
161
172
184
197
211
211
1
211
3116
31781
251882
1642467
9176172
45226017
200882932
817015753
79785757
862548213
120521396
937848802
686082840
686082840
391999012
622537360
93855622
969032241
908338831
280635868
28941523
346330541
833296040
851822964
79867971
839194634
518966247
952456237
952456237
1
1
1
1
1
1
1
1
1
1
1
1
1
1
1
1
1
1
1
1
1
1
1
1
1
1
1
1
1
3149
33
33
1
33
561
6545
58905
435897
2760681
15380937
76904685
350343565
471442966
752004314
90682466
90682466
28531261
690128658
698045867
230710812
474994809
976535843
358770364
18527310
612991755
70160674
163672583
497794807
431365884
42599698
42599698
561565945
1
4
11
23
41
66
99
141
193
256
331
419
521
638
771
771
789
826
883
961
1061
1184
1331
1503
1701
1926
2179
2461
2773
3116
3116
1
197
2773
27294
210351
1338184
7302993
35175702
152714911
607143596
237436971
716124161
92826340
428864801
875697792
875697792
175615015
503791787
331060725
511076108
321107689
143123827
855235799
140457052
527584968
955574620
348368391
460537508
650920509
518966247
518966247
1
1
1
1
1
1
1
1
1
1
1
1
1
1
1
1
1
1
1
1
1
1
1
1
1
1
1
1
32342
561
561
33
1
33
561
6545
58905
435897
2760681
15380937
76904685
350343565
471442966
752004314
752004314
872525710
298239765
904528103
913596222
363889735
483320442
738861935
744041981
944405329
974208710
323979920
487343966
497794807
72777749
72777749
911972383
1
7
23
54
106
186
302
463
679
961
1321
1772
2328
3004
3816
3816
3987
4348
4919
5721
6776
8107
9738
11694
14001
16686
19777
23303
27294
31781
31781
1
184
2461
23303
174276
1080277
5754446
27073179
114842362
446174931
607003317
417360630
224593231
977997618
642160653
642160653
466985573
724518438
528764079
830928218
52895216
625768517
763052583
207023015
868358415
137004406
549732778
646412490
460537508
839194634
839194634
1
1
1
1
1
1
1
1
1
1
1
1
1
1
1
1
1
1
1
1
1
1
1
1
1
1
1
258427
6545
6545
561
33
1
33
561
6545
58905
435897
2760681
15380937
76904685
350343565
471442966
471442966
333991172
208835761
173668176
109511020
931353949
574233633
908866470
341150960
601675656
264679159
44528605
323979920
163672583
936229220
936229220
16097184
1
11
41
106
227
432
757
1247
1957
2953
4313
6128
8503
11558
15429
15429
16569
19039
23049
28830
36635
46740
59445
75075
93981
116541
143161
174276
210351
251882
251882
1
172
2179
19777
143161
863290
4484155
20593816
85317493
323814286
139581296
754342495
668161548
425785292
927354619
927354619
648639659
982232424
624307840
415559162
425132131
144441339
962478918
674434115
529759614
9689909
123719777
549732778
348368391
79867971
79867971
1
1
1
1
1
1
1
1
1
1
1
1
1
1
1
1
1
1
1
1
1
1
1
1
1
1
1701372
58905
58905
6545
561
33
1
33
561
6545
58905
435897
2760681
15380937
76904685
350343565
350343565
430129322
930619902
395931532
562725444
829155471
689151550
998916982
190972534
586960514
551170819
264679159
974208710
70160674
243790782
243790782
95613739
1
16
66
186
432
888
1674
2955
4951
7948
12310
18492
27054
38676
54174
54174
60159
73459
95614
128395
173826
234207
312138
410544
532701
682263
863290
1080277
1338184
1642467
1642467
1
161
1926
16686
116541
682263
3451200
15459357
62517144
231713981
796562902
564058109
787785895
460426411
832624819
832624819
737778934
785636994
508157440
9239164
89586454
139018441
583647810
923808625
513946343
183229906
9689909
137004406
955574620
851822964
851822964
1
1
1
1
1
1
1
1
1
1
1
1
1
1
1
1
1
1
1
1
1
1
1
1
1
9612069
435897
435897
58905
6545
561
33
1
33
561
6545
58905
435897
2760681
15380937
76904685
76904685
893920438
625237681
25405942
750540068
673102498
261533650
704361085
671051068
354017932
586960514
601675656
944405329
612991755
928062700
928062700
761358733
1
22
99
302
757
1674
3383
6379
11377
19378
31747
50304
77429
116182
170439
170439
196773
256756
359243
514860
736257
1038384
1438791
1957953
2619621
3451200
4484155
5754446
7302993
9176172
9176172
1
151
1701
14001
93981
532701
2619621
11432466
45096411
163149496
547687781
722103859
110732516
405864938
771117815
771117815
18624774
481789897
616690533
878937867
82218029
615916500
61344658
958720460
369318337
513946343
529759614
868358415
527584968
833296040
833296040
1
1
1
1
1
1
1
1
1
1
1
1
1
1
1
1
1
1
1
1
1
1
1
1
47986698
2760681
2760681
435897
58905
6545
561
33
1
33
561
6545
58905
435897
2760681
15380937
15380937
216263869
176547697
796134679
222956479
672169818
556075516
712754505
837120836
671051068
190972534
341150960
744041981
18527310
565452098
565452098
911782639
1
29
141
463
1247
2955
6379
12806
24238
43678
75494
125874
203386
319658
490194
490194
591141
826684
1239327
1882200
2821083
4136706
5927349
8311767
11432466
15459357
20593816
27073179
35175702
45226017
45226017
1
142
1503
11694
75075
410544
1957953
8311767
31947726
112741215
369420120
134336458
288671289
58778592
832036199
832036199
533317654
139961967
666240247
364325892
32153284
412788298
822562973
460933451
958720460
923808625
674434115
207023015
140457052
346330541
346330541
1
1
1
1
1
1
1
1
1
1
1
1
1
1
1
1
1
1
1
1
1
1
1
216263869
15380937
15380937
2760681
435897
58905
6545
561
33
1
33
561
6545
58905
435897
2760681
2760681
47986698
275706247
184345317
501963041
24878970
609682365
577586519
712754505
704361085
998916982
908866470
738861935
358770364
60201308
60201308
89142831
1
37
193
679
1957
4951
11377
24238
48539
92288
167861
293822
497303
817064
1307369
1307369
1653473
2480277
3964881
6337515
9894189
15011643
22164897
31947726
45096411
62517144
85317493
114842362
152714911
200882932
200882932
1
134
1331
9738
59445
312138
1438791
5927349
22164897
76217090
243603715
730148460
67415351
564175235
307904837
307904837
921989393
744339432
910910862
905788138
172138487
426313095
420570785
822562973
61344658
583647810
962478918
763052583
855235799
28941523
28941523
1
1
1
1
1
1
1
1
1
1
1
1
1
1
1
1
1
1
1
1
1
1
893920438
76904685
76904685
15380937
2760681
435897
58905
6545
561
33
1
33
561
6545
58905
435897
435897
9612069
58735758
269007779
98359521
217706857
492080345
609682365
556075516
261533650
689151550
574233633
483320442
976535843
89907961
89907961
370543829
1
46
256
961
2953
7948
19378
43678
92288
184656
352606
646526
1143936
1961116
3268610
3268610
4350185
6994035
11857960
19829990
32094165
50211265
76217090
112741215
163149496
231713981
323814286
446174931
607143596
817015753
817015753
1
127
1184
8107
46740
234207
1038384
4136706
15011643
50211265
156354410
457088595
263385313
321249564
346240754
346240754
232531544
831592332
3135781
61248373
636948331
872807884
426313095
412788298
615916500
139018441
144441339
625768517
143123827
280635868
280635868
1
1
1
1
1
1
1
1
1
1
1
1
1
1
1
1
1
1
1
1
1
430129322
350343565
350343565
76904685
15380937
2760681
435897
58905
6545
561
33
1
33
561
6545
58905
58905
1701372
11195361
55729842
249684355
53081449
217706857
24878970
672169818
673102498
829155471
931353949
363889735
474994809
905118552
905118552
813457376
1
56
331
1321
4313
12310
31747
75494
167861
352606
705311
1351946
2496001
4457246
7725995
7725995
10850545
18661920
33380195
58113475
97153905
156354410
243603715
369420120
547687781
796562902
139581296
607003317
237436971
79785757
79785757
1
121
1061
6776
36635
173826
736257
2821083
9894189
32094165
97153905
276589770
745453035
912775693
695366257
695366257
420021606
223772433
530339996
785066741
733798781
636948331
172138487
32153284
82218029
89586454
425132131
52895216
321107689
908338831
908338831
1
1
1
1
1
1
1
1
1
1
1
1
1
1
1
1
1
1
1
1
333991172
471442966
471442966
350343565
76904685
15380937
2760681
435897
58905
6545
561
33
1
33
561
6545
6545
258427
1874976
10470997
52955510
249684355
98359521
501963041
222956479
750540068
562725444
109511020
913596222
230710812
325633645
325633645
294665879
1
67
419
1772
6128
18492
50304
125874
293822
646526
1351946
2704012
5200144
9657532
17383680
17383680
25819965
47379360
88968765
160603185
276589770
457088595
730148460
134336458
722103859
564058109
754342495
417360630
716124161
862548213
862548213
1
116
961
5721
28830
128395
514860
1882200
6337515
19829990
58113475
160603185
421057470
52655848
520829546
520829546
331211193
890234666
761420727
101750788
785066741
61248373
905788138
364325892
878937867
9239164
415559162
830928218
511076108
969032241
969032241
1
1
1
1
1
1
1
1
1
1
1
1
1
1
1
1
1
1
1
872525710
752004314
752004314
471442966
350343565
76904685
15380937
2760681
435897
58905
6545
561
33
1
33
561
561
32342
271095
1781600
10470997
55729842
269007779
184345317
796134679
25405942
395931532
173668176
904528103
698045867
452061882
452061882
545917504
1
79
521
2328
8503
27054
77429
203386
497303
1143936
2496001
5200144
10400431
20058118
37441965
37441965
58916145
114987615
225686385
421057470
745453035
263385313
67415351
288671289
110732516
787785895
668161548
224593231
92826340
120521396
120521396
1
112
883
4919
23049
95614
359243
1239327
3964881
11857960
33380195
88968765
225686385
547353330
274276588
274276588
26177619
254800379
194521090
761420727
530339996
3135781
910910862
666240247
616690533
508157440
624307840
528764079
331060725
93855622
93855622
1
1
1
1
1
1
1
1
1
1
1
1
1
1
1
1
1
1
28531261
90682466
90682466
752004314
471442966
350343565
76904685
15380937
2760681
435897
58905
6545
561
33
1
33
33
3149
33246
271095
1874976
11195361
58735758
275706247
176547697
625237681
930619902
208835761
298239765
690128658
421489768
421489768
44027121
1
92
638
3004
11558
38676
116182
319658
817064
1961116
4457246
9657532
20058118
40116404
77558550
77558550
129454485
267843645
547353330
52655848
912775693
321249564
564175235
58778592
405864938
460426411
425785292
977997618
428864801
937848802
937848802
1
109
826
4348
19039
73459
256756
826684
2480277
6994035
18661920
47379360
114987615
267843645
600890070
600890070
331422898
470351574
254800379
890234666
223772433
831592332
744339432
139961967
481789897
785636994
982232424
724518438
503791787
622537360
622537360
1
1
1
1
1
1
1
1
1
1
1
1
1
1
1
1
1
692291374
6208534
6208534
90682466
752004314
471442966
350343565
76904685
15380937
2760681
435897
58905
6545
561
33
1
1
212
3149
32342
258427
1701372
9612069
47986698
216263869
893920438
430129322
333991172
872525710
28531261
692291374
692291374
84290379
1
106
771
3816
15429
54174
170439
490194
1307369
3268610
7725995
17383680
37441965
77558550
155117295
155117295
274877145
600890070
274276588
520829546
695366257
346240754
307904837
832036199
771117815
832624819
927354619
642160653
875697792
686082840
686082840
1
107
789
3987
16569
60159
196773
591141
1653473
4350185
10850545
25819965
58916145
129454485
274877145
274877145
549754290
331422898
26177619
331211193
420021606
232531544
921989393
533317654
18624774
737778934
648639659
466985573
175615015
391999012
391999012
1
1
1
1
1
1
1
1
1
1
1
1
1
1
1
1
692291374
6208534
6208534
90682466
752004314
471442966
350343565
76904685
15380937
2760681
435897
58905
6545
561
33
1
0
1
33
561
6545
58905
435897
2760681
15380937
76904685
350343565
471442966
752004314
90682466
6208534
6208534
692291374
1
106
771
3816
15429
54174
170439
490194
1307369
3268610
7725995
17383680
37441965
77558550
155117295
155117295
274877145
600890070
274276588
520829546
695366257
346240754
307904837
832036199
771117815
832624819
927354619
642160653
875697792
686082840
686082840
1
106
771
3816
15429
54174
170439
490194
1307369
3268610
7725995
17383680
37441965
77558550
155117295
155117295
274877145
600890070
274276588
520829546
695366257
346240754
307904837
832036199
771117815
832624819
927354619
642160653
875697792
686082840
686082840
1
1
1
1
1
1
1
1
1
1
1
1
1
1
1
84290379
692291374
692291374
28531261
872525710
333991172
430129322
893920438
216263869
47986698
9612069
1701372
258427
32342
3149
212
1
1
33
561
6545
58905
435897
2760681
15380937
76904685
350343565
471442966
752004314
90682466
6208534
6208534
692291374
1
107
789
3987
16569
60159
196773
591141
1653473
4350185
10850545
25819965
58916145
129454485
274877145
274877145
549754290
331422898
26177619
331211193
420021606
232531544
921989393
533317654
18624774
737778934
648639659
466985573
175615015
391999012
391999012
1
106
771
3816
15429
54174
170439
490194
1307369
3268610
7725995
17383680
37441965
77558550
155117295
155117295
274877145
600890070
274276588
520829546
695366257
346240754
307904837
832036199
771117815
832624819
927354619
642160653
875697792
686082840
686082840
1
1
1
1
1
1
1
1
1
1
1
1
1
1
44027121
421489768
421489768
690128658
298239765
208835761
930619902
625237681
176547697
275706247
58735758
11195361
1874976
271095
33246
3149
33
33
1
33
561
6545
58905
435897
2760681
15380937
76904685
350343565
471442966
752004314
90682466
90682466
28531261
1
109
826
4348
19039
73459
256756
826684
2480277
6994035
18661920
47379360
114987615
267843645
600890070
600890070
331422898
470351574
254800379
890234666
223772433
831592332
744339432
139961967
481789897
785636994
982232424
724518438
503791787
622537360
622537360
1
92
638
3004
11558
38676
116182
319658
817064
1961116
4457246
9657532
20058118
40116404
77558550
77558550
129454485
267843645
547353330
52655848
912775693
321249564
564175235
58778592
405864938
460426411
425785292
977997618
428864801
937848802
937848802
1
1
1
1
1
1
1
1
1
1
1
1
1
545917504
452061882
452061882
698045867
904528103
173668176
395931532
25405942
796134679
184345317
269007779
55729842
10470997
1781600
271095
32342
561
561
33
1
33
561
6545
58905
435897
2760681
15380937
76904685
350343565
471442966
752004314
752004314
872525710
1
112
883
4919
23049
95614
359243
1239327
3964881
11857960
33380195
88968765
225686385
547353330
274276588
274276588
26177619
254800379
194521090
761420727
530339996
3135781
910910862
666240247
616690533
508157440
624307840
528764079
331060725
93855622
93855622
1
79
521
2328
8503
27054
77429
203386
497303
1143936
2496001
5200144
10400431
20058118
37441965
37441965
58916145
114987615
225686385
421057470
745453035
263385313
67415351
288671289
110732516
787785895
668161548
224593231
92826340
120521396
120521396
1
1
1
1
1
1
1
1
1
1
1
1
294665879
325633645
325633645
230710812
913596222
109511020
562725444
750540068
222956479
501963041
98359521
249684355
52955510
10470997
1874976
258427
6545
6545
561
33
1
33
561
6545
58905
435897
2760681
15380937
76904685
350343565
471442966
471442966
333991172
1
116
961
5721
28830
128395
514860
1882200
6337515
19829990
58113475
160603185
421057470
52655848
520829546
520829546
331211193
890234666
761420727
101750788
785066741
61248373
905788138
364325892
878937867
9239164
415559162
830928218
511076108
969032241
969032241
1
67
419
1772
6128
18492
50304
125874
293822
646526
1351946
2704012
5200144
9657532
17383680
17383680
25819965
47379360
88968765
160603185
276589770
457088595
730148460
134336458
722103859
564058109
754342495
417360630
716124161
862548213
862548213
1
1
1
1
1
1
1
1
1
1
1
813457376
905118552
905118552
474994809
363889735
931353949
829155471
673102498
672169818
24878970
217706857
53081449
249684355
55729842
11195361
1701372
58905
58905
6545
561
33
1
33
561
6545
58905
435897
2760681
15380937
76904685
350343565
350343565
430129322
1
121
1061
6776
36635
173826
736257
2821083
9894189
32094165
97153905
276589770
745453035
912775693
695366257
695366257
420021606
223772433
530339996
785066741
733798781
636948331
172138487
32153284
82218029
89586454
425132131
52895216
321107689
908338831
908338831
1
56
331
1321
4313
12310
31747
75494
167861
352606
705311
1351946
2496001
4457246
7725995
7725995
10850545
18661920
33380195
58113475
97153905
156354410
243603715
369420120
547687781
796562902
139581296
607003317
237436971
79785757
79785757
1
1
1
1
1
1
1
1
1
1
370543829
89907961
89907961
976535843
483320442
574233633
689151550
261533650
556075516
609682365
492080345
217706857
98359521
269007779
58735758
9612069
435897
435897
58905
6545
561
33
1
33
561
6545
58905
435897
2760681
15380937
76904685
76904685
893920438
1
127
1184
8107
46740
234207
1038384
4136706
15011643
50211265
156354410
457088595
263385313
321249564
346240754
346240754
232531544
831592332
3135781
61248373
636948331
872807884
426313095
412788298
615916500
139018441
144441339
625768517
143123827
280635868
280635868
1
46
256
961
2953
7948
19378
43678
92288
184656
352606
646526
1143936
1961116
3268610
3268610
4350185
6994035
11857960
19829990
32094165
50211265
76217090
112741215
163149496
231713981
323814286
446174931
607143596
817015753
817015753
1
1
1
1
1
1
1
1
1
89142831
60201308
60201308
358770364
738861935
908866470
998916982
704361085
712754505
577586519
609682365
24878970
501963041
184345317
275706247
47986698
2760681
2760681
435897
58905
6545
561
33
1
33
561
6545
58905
435897
2760681
15380937
15380937
216263869
1
134
1331
9738
59445
312138
1438791
5927349
22164897
76217090
243603715
730148460
67415351
564175235
307904837
307904837
921989393
744339432
910910862
905788138
172138487
426313095
420570785
822562973
61344658
583647810
962478918
763052583
855235799
28941523
28941523
1
37
193
679
1957
4951
11377
24238
48539
92288
167861
293822
497303
817064
1307369
1307369
1653473
2480277
3964881
6337515
9894189
15011643
22164897
31947726
45096411
62517144
85317493
114842362
152714911
200882932
200882932
1
1
1
1
1
1
1
1
911782639
565452098
565452098
18527310
744041981
341150960
190972534
671051068
837120836
712754505
556075516
672169818
222956479
796134679
176547697
216263869
15380937
15380937
2760681
435897
58905
6545
561
33
1
33
561
6545
58905
435897
2760681
2760681
47986698
1
142
1503
11694
75075
410544
1957953
8311767
31947726
112741215
369420120
134336458
288671289
58778592
832036199
832036199
533317654
139961967
666240247
364325892
32153284
412788298
822562973
460933451
958720460
923808625
674434115
207023015
140457052
346330541
346330541
1
29
141
463
1247
2955
6379
12806
24238
43678
75494
125874
203386
319658
490194
490194
591141
826684
1239327
1882200
2821083
4136706
5927349
8311767
11432466
15459357
20593816
27073179
35175702
45226017
45226017
1
1
1
1
1
1
1
761358733
928062700
928062700
612991755
944405329
601675656
586960514
354017932
671051068
704361085
261533650
673102498
750540068
25405942
625237681
893920438
76904685
76904685
15380937
2760681
435897
58905
6545
561
33
1
33
561
6545
58905
435897
435897
9612069
1
151
1701
14001
93981
532701
2619621
11432466
45096411
163149496
547687781
722103859
110732516
405864938
771117815
771117815
18624774
481789897
616690533
878937867
82218029
615916500
61344658
958720460
369318337
513946343
529759614
868358415
527584968
833296040
833296040
1
22
99
302
757
1674
3383
6379
11377
19378
31747
50304
77429
116182
170439
170439
196773
256756
359243
514860
736257
1038384
1438791
1957953
2619621
3451200
4484155
5754446
7302993
9176172
9176172
1
1
1
1
1
1
95613739
243790782
243790782
70160674
974208710
264679159
551170819
586960514
190972534
998916982
689151550
829155471
562725444
395931532
930619902
430129322
350343565
350343565
76904685
15380937
2760681
435897
58905
6545
561
33
1
33
561
6545
58905
58905
1701372
1
161
1926
16686
116541
682263
3451200
15459357
62517144
231713981
796562902
564058109
787785895
460426411
832624819
832624819
737778934
785636994
508157440
9239164
89586454
139018441
583647810
923808625
513946343
183229906
9689909
137004406
955574620
851822964
851822964
1
16
66
186
432
888
1674
2955
4951
7948
12310
18492
27054
38676
54174
54174
60159
73459
95614
128395
173826
234207
312138
410544
532701
682263
863290
1080277
1338184
1642467
1642467
1
1
1
1
1
16097184
936229220
936229220
163672583
323979920
44528605
264679159
601675656
341150960
908866470
574233633
931353949
109511020
173668176
208835761
333991172
471442966
471442966
350343565
76904685
15380937
2760681
435897
58905
6545
561
33
1
33
561
6545
6545
258427
1
172
2179
19777
143161
863290
4484155
20593816
85317493
323814286
139581296
754342495
668161548
425785292
927354619
927354619
648639659
982232424
624307840
415559162
425132131
144441339
962478918
674434115
529759614
9689909
123719777
549732778
348368391
79867971
79867971
1
11
41
106
227
432
757
1247
1957
2953
4313
6128
8503
11558
15429
15429
16569
19039
23049
28830
36635
46740
59445
75075
93981
116541
143161
174276
210351
251882
251882
1
1
1
1
911972383
72777749
72777749
497794807
487343966
323979920
974208710
944405329
744041981
738861935
483320442
363889735
913596222
904528103
298239765
872525710
752004314
752004314
471442966
350343565
76904685
15380937
2760681
435897
58905
6545
561
33
1
33
561
561
32342
1
184
2461
23303
174276
1080277
5754446
27073179
114842362
446174931
607003317
417360630
224593231
977997618
642160653
642160653
466985573
724518438
528764079
830928218
52895216
625768517
763052583
207023015
868358415
137004406
549732778
646412490
460537508
839194634
839194634
1
7
23
54
106
186
302
463
679
961
1321
1772
2328
3004
3816
3816
3987
4348
4919
5721
6776
8107
9738
11694
14001
16686
19777
23303
27294
31781
31781
1
1
1
561565945
42599698
42599698
431365884
497794807
163672583
70160674
612991755
18527310
358770364
976535843
474994809
230710812
698045867
690128658
28531261
90682466
90682466
752004314
471442966
350343565
76904685
15380937
2760681
435897
58905
6545
561
33
1
33
33
3149
1
197
2773
27294
210351
1338184
7302993
35175702
152714911
607143596
237436971
716124161
92826340
428864801
875697792
875697792
175615015
503791787
331060725
511076108
321107689
143123827
855235799
140457052
527584968
955574620
348368391
460537508
650920509
518966247
518966247
1
4
11
23
41
66
99
141
193
256
331
419
521
638
771
771
789
826
883
961
1061
1184
1331
1503
1701
1926
2179
2461
2773
3116
3116
1
1
718596254
766140024
766140024
42599698
72777749
936229220
243790782
928062700
565452098
60201308
89907961
905118552
325633645
452061882
421489768
692291374
6208534
6208534
90682466
752004314
471442966
350343565
76904685
15380937
2760681
435897
58905
6545
561
33
1
1
212
1
211
3116
31781
251882
1642467
9176172
45226017
200882932
817015753
79785757
862548213
120521396
937848802
686082840
686082840
391999012
622537360
93855622
969032241
908338831
280635868
28941523
346330541
833296040
851822964
79867971
839194634
518966247
952456237
952456237
1
2
4
7
11
16
22
29
37
46
56
67
79
92
106
106
107
109
112
116
121
127
134
142
151
161
172
184
197
211
211
1
718596254
766140024
766140024
42599698
72777749
936229220
243790782
928062700
565452098
60201308
89907961
905118552
325633645
452061882
421489768
692291374
6208534
6208534
90682466
752004314
471442966
350343565
76904685
15380937
2760681
435897
58905
6545
561
33
1
0
1
1
211
3116
31781
251882
1642467
9176172
45226017
200882932
817015753
79785757
862548213
120521396
937848802
686082840
686082840
391999012
622537360
93855622
969032241
908338831
280635868
28941523
346330541
833296040
851822964
79867971
839194634
518966247
952456237
952456237
1
1
1
1
1
1
1
1
1
1
1
1
1
1
1
1
1
1
1
1
1
1
1
1
1
1
1
1
1
1
1
437192501
718596254
718596254
561565945
911972383
16097184
95613739
761358733
911782639
89142831
370543829
813457376
294665879
545917504
44027121
84290379
692291374
692291374
28531261
872525710
333991172
430129322
893920438
216263869
47986698
9612069
1701372
258427
32342
3149
212
1
1
1
212
3149
32342
258427
1701372
9612069
47986698
216263869
893920438
430129322
333991172
872525710
28531261
692291374
692291374
84290379
44027121
545917504
294665879
813457376
370543829
89142831
911782639
761358733
95613739
16097184
911972383
561565945
718596254
718596254
1
1
1
1
1
1
1
1
1
1
1
1
1
1
1
1
1
1
1
1
1
1
1
1
1
1
1
1
1
1
1
1
1
1
1
1
1
1
1
1
1
1
1
1
1
1
1
1
1
1
1
1
1
1
1
1
1
1
1
1
1
1
1
1
1
1
1
1
1
1
1
1
1
1
1
1
1
1
1
1
1
1
1
1
1
1
1
1
1
1
1
1
1
1
718596254
718596254
561565945
911972383
16097184
95613739
761358733
911782639
89142831
370543829
813457376
294665879
545917504
44027121
84290379
692291374
692291374
28531261
872525710
333991172
430129322
893920438
216263869
47986698
9612069
1701372
258427
32342
3149
212
1
1
1
1
1
1
1
1
1
1
1
1
1
1
1
1
1
1
1
1
1
1
1
1
1
1
1
1
1
1
1
1
1
1
1
1
1
1
1
1
1
1
1
1
1
1
1
1
1
1
1
1
1
1
1
1
1
1
1
1
1
1
1
952456237
952456237
518966247
839194634
79867971
851822964
833296040
346330541
28941523
280635868
908338831
969032241
93855622
622537360
391999012
686082840
686082840
937848802
120521396
862548213
79785757
817015753
200882932
45226017
9176172
1642467
251882
31781
3116
211
1
1
1
1
1
1
1
1
1
1
1
1
1
1
1
1
1
1
1
1
1
1
1
1
1
1
1
1
1
1
1
211
211
197
184
172
161
151
142
134
127
121
116
112
109
107
106
106
92
79
67
56
46
37
29
22
16
11
7
4
2
1
952456237
952456237
518966247
839194634
79867971
851822964
833296040
346330541
28941523
280635868
908338831
969032241
93855622
622537360
391999012
686082840
686082840
937848802
120521396
862548213
79785757
817015753
200882932
45226017
9176172
1642467
251882
31781
3116
211
1
1
1
1
1
1
1
1
1
1
1
1
1
1
1
1
1
1
1
1
1
1
1
1
1
1
1
1
1
1
3116
3116
2773
2461
2179
1926
1701
1503
1331
1184
1061
961
883
826
789
771
771
638
521
419
331
256
193
141
99
66
41
23
11
4
1
518966247
518966247
650920509
460537508
348368391
955574620
527584968
140457052
855235799
143123827
321107689
511076108
331060725
503791787
175615015
875697792
875697792
428864801
92826340
716124161
237436971
607143596
152714911
35175702
7302993
1338184
210351
27294
2773
197
1
1
1
1
1
1
1
1
1
1
1
1
1
1
1
1
1
1
1
1
1
1
1
1
1
1
1
1
1
31781
31781
27294
23303
19777
16686
14001
11694
9738
8107
6776
5721
4919
4348
3987
3816
3816
3004
2328
1772
1321
961
679
463
302
186
106
54
23
7
1
839194634
839194634
460537508
646412490
549732778
137004406
868358415
207023015
763052583
625768517
52895216
830928218
528764079
724518438
466985573
642160653
642160653
977997618
224593231
417360630
607003317
446174931
114842362
27073179
5754446
1080277
174276
23303
2461
184
1
1
1
1
1
1
1
1
1
1
1
1
1
1
1
1
1
1
1
1
1
1
1
1
1
1
1
1
251882
251882
210351
174276
143161
116541
93981
75075
59445
46740
36635
28830
23049
19039
16569
15429
15429
11558
8503
6128
4313
2953
1957
1247
757
432
227
106
41
11
1
79867971
79867971
348368391
549732778
123719777
9689909
529759614
674434115
962478918
144441339
425132131
415559162
624307840
982232424
648639659
927354619
927354619
425785292
668161548
754342495
139581296
323814286
85317493
20593816
4484155
863290
143161
19777
2179
172
1
1
1
1
1
1
1
1
1
1
1
1
1
1
1
1
1
1
1
1
1
1
1
1
1
1
1
1642467
1642467
1338184
1080277
863290
682263
532701
410544
312138
234207
173826
128395
95614
73459
60159
54174
54174
38676
27054
18492
12310
7948
4951
2955
1674
888
432
186
66
16
1
851822964
851822964
955574620
137004406
9689909
183229906
513946343
923808625
583647810
139018441
89586454
9239164
508157440
785636994
737778934
832624819
832624819
460426411
787785895
564058109
796562902
231713981
62517144
15459357
3451200
682263
116541
16686
1926
161
1
1
1
1
1
1
1
1
1
1
1
1
1
1
1
1
1
1
1
1
1
1
1
1
1
1
9176172
9176172
7302993
5754446
4484155
3451200
2619621
1957953
1438791
1038384
736257
514860
359243
256756
196773
170439
170439
116182
77429
50304
31747
19378
11377
6379
3383
1674
757
302
99
22
1
833296040
833296040
527584968
868358415
529759614
513946343
369318337
958720460
61344658
615916500
82218029
878937867
616690533
481789897
18624774
771117815
771117815
405864938
110732516
722103859
547687781
163149496
45096411
11432466
2619621
532701
93981
14001
1701
151
1
1
1
1
1
1
1
1
1
1
1
1
1
1
1
1
1
1
1
1
1
1
1
1
1
45226017
45226017
35175702
27073179
20593816
15459357
11432466
8311767
5927349
4136706
2821083
1882200
1239327
826684
591141
490194
490194
319658
203386
125874
75494
43678
24238
12806
6379
2955
1247
463
141
29
1
346330541
346330541
140457052
207023015
674434115
923808625
958720460
460933451
822562973
412788298
32153284
364325892
666240247
139961967
533317654
832036199
832036199
58778592
288671289
134336458
369420120
112741215
31947726
8311767
1957953
410544
75075
11694
1503
142
1
1
1
1
1
1
1
1
1
1
1
1
1
1
1
1
1
1
1
1
1
1
1
1
200882932
200882932
152714911
114842362
85317493
62517144
45096411
31947726
22164897
15011643
9894189
6337515
3964881
2480277
1653473
1307369
1307369
817064
497303
293822
167861
92288
48539
24238
11377
4951
1957
679
193
37
1
28941523
28941523
855235799
763052583
962478918
583647810
61344658
822562973
420570785
426313095
172138487
905788138
910910862
744339432
921989393
307904837
307904837
564175235
67415351
730148460
243603715
76217090
22164897
5927349
1438791
312138
59445
9738
1331
134
1
1
1
1
1
1
1
1
1
1
1
1
1
1
1
1
1
1
1
1
1
1
1
817015753
817015753
607143596
446174931
323814286
231713981
163149496
112741215
76217090
50211265
32094165
19829990
11857960
6994035
4350185
3268610
3268610
1961116
1143936
646526
352606
184656
92288
43678
19378
7948
2953
961
256
46
1
280635868
280635868
143123827
625768517
144441339
139018441
615916500
412788298
426313095
872807884
636948331
61248373
3135781
831592332
232531544
346240754
346240754
321249564
263385313
457088595
156354410
50211265
15011643
4136706
1038384
234207
46740
8107
1184
127
1
1
1
1
1
1
1
1
1
1
1
1
1
1
1
1
1
1
1
1
1
1
79785757
79785757
237436971
607003317
139581296
796562902
547687781
369420120
243603715
156354410
97153905
58113475
33380195
18661920
10850545
7725995
7725995
4457246
2496001
1351946
705311
352606
167861
75494
31747
12310
4313
1321
331
56
1
908338831
908338831
321107689
52895216
425132131
89586454
82218029
32153284
172138487
636948331
733798781
785066741
530339996
223772433
420021606
695366257
695366257
912775693
745453035
276589770
97153905
32094165
9894189
2821083
736257
173826
36635
6776
1061
121
1
1
1
1
1
1
1
1
1
1
1
1
1
1
1
1
1
1
1
1
1
862548213
862548213
716124161
417360630
754342495
564058109
722103859
134336458
730148460
457088595
276589770
160603185
88968765
47379360
25819965
17383680
17383680
9657532
5200144
2704012
1351946
646526
293822
125874
50304
18492
6128
1772
419
67
1
969032241
969032241
511076108
830928218
415559162
9239164
878937867
364325892
905788138
61248373
785066741
101750788
761420727
890234666
331211193
520829546
520829546
52655848
421057470
160603185
58113475
19829990
6337515
1882200
514860
128395
28830
5721
961
116
1
1
1
1
1
1
1
1
1
1
1
1
1
1
1
1
1
1
1
1
120521396
120521396
92826340
224593231
668161548
787785895
110732516
288671289
67415351
263385313
745453035
421057470
225686385
114987615
58916145
37441965
37441965
20058118
10400431
5200144
2496001
1143936
497303
203386
77429
27054
8503
2328
521
79
1
93855622
93855622
331060725
528764079
624307840
508157440
616690533
666240247
910910862
3135781
530339996
761420727
194521090
254800379
26177619
274276588
274276588
547353330
225686385
88968765
33380195
11857960
3964881
1239327
359243
95614
23049
4919
883
112
1
1
1
1
1
1
1
1
1
1
1
1
1
1
1
1
1
1
1
937848802
937848802
428864801
977997618
425785292
460426411
405864938
58778592
564175235
321249564
912775693
52655848
547353330
267843645
129454485
77558550
77558550
40116404
20058118
9657532
4457246
1961116
817064
319658
116182
38676
11558
3004
638
92
1
622537360
622537360
503791787
724518438
982232424
785636994
481789897
139961967
744339432
831592332
223772433
890234666
254800379
470351574
331422898
600890070
600890070
267843645
114987615
47379360
18661920
6994035
2480277
826684
256756
73459
19039
4348
826
109
1
1
1
1
1
1
1
1
1
1
1
1
1
1
1
1
1
1
686082840
686082840
875697792
642160653
927354619
832624819
771117815
832036199
307904837
346240754
695366257
520829546
274276588
600890070
274877145
155117295
155117295
77558550
37441965
17383680
7725995
3268610
1307369
490194
170439
54174
15429
3816
771
106
1
391999012
391999012
175615015
466985573
648639659
737778934
18624774
533317654
921989393
232531544
420021606
331211193
26177619
331422898
549754290
274877145
274877145
129454485
58916145
25819965
10850545
4350185
1653473
591141
196773
60159
16569
3987
789
107
1
1
1
1
1
1
1
1
1
1
1
1
1
1
1
1
1
686082840
686082840
875697792
642160653
927354619
832624819
771117815
832036199
307904837
346240754
695366257
520829546
274276588
600890070
274877145
155117295
155117295
77558550
37441965
17383680
7725995
3268610
1307369
490194
170439
54174
15429
3816
771
106
1
686082840
686082840
875697792
642160653
927354619
832624819
771117815
832036199
307904837
346240754
695366257
520829546
274276588
600890070
274877145
155117295
155117295
77558550
37441965
17383680
7725995
3268610
1307369
490194
170439
54174
15429
3816
771
106
1
1
1
1
1
1
1
1
1
1
1
1
1
1
1
1
391999012
391999012
175615015
466985573
648639659
737778934
18624774
533317654
921989393
232531544
420021606
331211193
26177619
331422898
549754290
274877145
274877145
129454485
58916145
25819965
10850545
4350185
1653473
591141
196773
60159
16569
3987
789
107
1
686082840
686082840
875697792
642160653
927354619
832624819
771117815
832036199
307904837
346240754
695366257
520829546
274276588
600890070
274877145
155117295
155117295
77558550
37441965
17383680
7725995
3268610
1307369
490194
170439
54174
15429
3816
771
106
1
1
1
1
1
1
1
1
1
1
1
1
1
1
1
622537360
622537360
503791787
724518438
982232424
785636994
481789897
139961967
744339432
831592332
223772433
890234666
254800379
470351574
331422898
600890070
600890070
267843645
114987615
47379360
18661920
6994035
2480277
826684
256756
73459
19039
4348
826
109
1
937848802
937848802
428864801
977997618
425785292
460426411
405864938
58778592
564175235
321249564
912775693
52655848
547353330
267843645
129454485
77558550
77558550
40116404
20058118
9657532
4457246
1961116
817064
319658
116182
38676
11558
3004
638
92
1
1
1
1
1
1
1
1
1
1
1
1
1
1
93855622
93855622
331060725
528764079
624307840
508157440
616690533
666240247
910910862
3135781
530339996
761420727
194521090
254800379
26177619
274276588
274276588
547353330
225686385
88968765
33380195
11857960
3964881
1239327
359243
95614
23049
4919
883
112
1
120521396
120521396
92826340
224593231
668161548
787785895
110732516
288671289
67415351
263385313
745453035
421057470
225686385
114987615
58916145
37441965
37441965
20058118
10400431
5200144
2496001
1143936
497303
203386
77429
27054
8503
2328
521
79
1
1
1
1
1
1
1
1
1
1
1
1
1
969032241
969032241
511076108
830928218
415559162
9239164
878937867
364325892
905788138
61248373
785066741
101750788
761420727
890234666
331211193
520829546
520829546
52655848
421057470
160603185
58113475
19829990
6337515
1882200
514860
128395
28830
5721
961
116
1
862548213
862548213
716124161
417360630
754342495
564058109
722103859
134336458
730148460
457088595
276589770
160603185
88968765
47379360
25819965
17383680
17383680
9657532
5200144
2704012
1351946
646526
293822
125874
50304
18492
6128
1772
419
67
1
1
1
1
1
1
1
1
1
1
1
1
908338831
908338831
321107689
52895216
425132131
89586454
82218029
32153284
172138487
636948331
733798781
785066741
530339996
223772433
420021606
695366257
695366257
912775693
745453035
276589770
97153905
32094165
9894189
2821083
736257
173826
36635
6776
1061
121
1
79785757
79785757
237436971
607003317
139581296
796562902
547687781
369420120
243603715
156354410
97153905
58113475
33380195
18661920
10850545
7725995
7725995
4457246
2496001
1351946
705311
352606
167861
75494
31747
12310
4313
1321
331
56
1
1
1
1
1
1
1
1
1
1
1
280635868
280635868
143123827
625768517
144441339
139018441
615916500
412788298
426313095
872807884
636948331
61248373
3135781
831592332
232531544
346240754
346240754
321249564
263385313
457088595
156354410
50211265
15011643
4136706
1038384
234207
46740
8107
1184
127
1
817015753
817015753
607143596
446174931
323814286
231713981
163149496
112741215
76217090
50211265
32094165
19829990
11857960
6994035
4350185
3268610
3268610
1961116
1143936
646526
352606
184656
92288
43678
19378
7948
2953
961
256
46
1
1
1
1
1
1
1
1
1
1
28941523
28941523
855235799
763052583
962478918
583647810
61344658
822562973
420570785
426313095
172138487
905788138
910910862
744339432
921989393
307904837
307904837
564175235
67415351
730148460
243603715
76217090
22164897
5927349
1438791
312138
59445
9738
1331
134
1
200882932
200882932
152714911
114842362
85317493
62517144
45096411
31947726
22164897
15011643
9894189
6337515
3964881
2480277
1653473
1307369
1307369
817064
497303
293822
167861
92288
48539
24238
11377
4951
1957
679
193
37
1
1
1
1
1
1
1
1
1
346330541
346330541
140457052
207023015
674434115
923808625
958720460
460933451
822562973
412788298
32153284
364325892
666240247
139961967
533317654
832036199
832036199
58778592
288671289
134336458
369420120
112741215
31947726
8311767
1957953
410544
75075
11694
1503
142
1
45226017
45226017
35175702
27073179
20593816
15459357
11432466
8311767
5927349
4136706
2821083
1882200
1239327
826684
591141
490194
490194
319658
203386
125874
75494
43678
24238
12806
6379
2955
1247
463
141
29
1
1
1
1
1
1
1
1
833296040
833296040
527584968
868358415
529759614
513946343
369318337
958720460
61344658
615916500
82218029
878937867
616690533
481789897
18624774
771117815
771117815
405864938
110732516
722103859
547687781
163149496
45096411
11432466
2619621
532701
93981
14001
1701
151
1
9176172
9176172
7302993
5754446
4484155
3451200
2619621
1957953
1438791
1038384
736257
514860
359243
256756
196773
170439
170439
116182
77429
50304
31747
19378
11377
6379
3383
1674
757
302
99
22
1
1
1
1
1
1
1
851822964
851822964
955574620
137004406
9689909
183229906
513946343
923808625
583647810
139018441
89586454
9239164
508157440
785636994
737778934
832624819
832624819
460426411
787785895
564058109
796562902
231713981
62517144
15459357
3451200
682263
116541
16686
1926
161
1
1642467
1642467
1338184
1080277
863290
682263
532701
410544
312138
234207
173826
128395
95614
73459
60159
54174
54174
38676
27054
18492
12310
7948
4951
2955
1674
888
432
186
66
16
1
1
1
1
1
1
79867971
79867971
348368391
549732778
123719777
9689909
529759614
674434115
962478918
144441339
425132131
415559162
624307840
982232424
648639659
927354619
927354619
425785292
668161548
754342495
139581296
323814286
85317493
20593816
4484155
863290
143161
19777
2179
172
1
251882
251882
210351
174276
143161
116541
93981
75075
59445
46740
36635
28830
23049
19039
16569
15429
15429
11558
8503
6128
4313
2953
1957
1247
757
432
227
106
41
11
1
1
1
1
1
839194634
839194634
460537508
646412490
549732778
137004406
868358415
207023015
763052583
625768517
52895216
830928218
528764079
724518438
466985573
642160653
642160653
977997618
224593231
417360630
607003317
446174931
114842362
27073179
5754446
1080277
174276
23303
2461
184
1
31781
31781
27294
23303
19777
16686
14001
11694
9738
8107
6776
5721
4919
4348
3987
3816
3816
3004
2328
1772
1321
961
679
463
302
186
106
54
23
7
1
1
1
1
518966247
518966247
650920509
460537508
348368391
955574620
527584968
140457052
855235799
143123827
321107689
511076108
331060725
503791787
175615015
875697792
875697792
428864801
92826340
716124161
237436971
607143596
152714911
35175702
7302993
1338184
210351
27294
2773
197
1
3116
3116
2773
2461
2179
1926
1701
1503
1331
1184
1061
961
883
826
789
771
771
638
521
419
331
256
193
141
99
66
41
23
11
4
1
1
1
952456237
952456237
518966247
839194634
79867971
851822964
833296040
346330541
28941523
280635868
908338831
969032241
93855622
622537360
391999012
686082840
686082840
937848802
120521396
862548213
79785757
817015753
200882932
45226017
9176172
1642467
251882
31781
3116
211
1
211
211
197
184
172
161
151
142
134
127
121
116
112
109
107
106
106
92
79
67
56
46
37
29
22
16
11
7
4
2
1
1
952456237
952456237
518966247
839194634
79867971
851822964
833296040
346330541
28941523
280635868
908338831
969032241
93855622
622537360
391999012
686082840
686082840
937848802
120521396
862548213
79785757
817015753
200882932
45226017
9176172
1642467
251882
31781
3116
211
1
1
1
1
1
1
1
1
1
1
1
1
1
1
1
1
1
1
1
1
1
1
1
1
1
1
1
1
1
1
1
1
718596254
718596254
561565945
911972383
16097184
95613739
761358733
911782639
89142831
370543829
813457376
294665879
545917504
44027121
84290379
692291374
692291374
28531261
872525710
333991172
430129322
893920438
216263869
47986698
9612069
1701372
258427
32342
3149
212
1
1
1
1
1
1
1
1
1
1
1
1
1
1
1
1
1
1
1
1
1
1
1
1
1
1
1
1
1
1
1
1
1
1
1
1
1
1
1
1
1
1
1
1
1
1
1
1
1
1
1
1
1
1
1
1
1
1
1
1
1
1
0
1
33
561
6545
58905
435897
2760681
15380937
76904685
350343565
471442966
752004314
90682466
6208534
6208534
692291374
421489768
452061882
325633645
905118552
89907961
60201308
565452098
928062700
243790782
936229220
72777749
42599698
766140024
766140024
1
1
1
1
1
1
1
1
1
1
1
1
1
1
1
1
1
1
1
1
1
1
1
1
1
1
1
1
1
1
1
33
561
6545
58905
435897
2760681
15380937
76904685
350343565
471442966
752004314
90682466
6208534
6208534
692291374
421489768
452061882
325633645
905118552
89907961
60201308
565452098
928062700
243790782
936229220
72777749
42599698
766140024
766140024
1
1
1
1
1
1
1
1
1
1
1
1
1
1
1
1
1
1
1
1
1
1
1
1
1
1
1
1
33
33
1
33
561
6545
58905
435897
2760681
15380937
76904685
350343565
471442966
752004314
90682466
90682466
28531261
690128658
698045867
230710812
474994809
976535843
358770364
18527310
612991755
70160674
163672583
497794807
431365884
42599698
42599698
1
1
1
1
1
1
1
1
1
1
1
1
1
1
1
1
1
1
1
1
1
1
1
1
1
1
1
561
561
33
1
33
561
6545
58905
435897
2760681
15380937
76904685
350343565
471442966
752004314
752004314
872525710
298239765
904528103
913596222
363889735
483320442
738861935
744041981
944405329
974208710
323979920
487343966
497794807
72777749
72777749
1
1
1
1
1
1
1
1
1
1
1
1
1
1
1
1
1
1
1
1
1
1
1
1
1
1
6545
6545
561
33
1
33
561
6545
58905
435897
2760681
15380937
76904685
350343565
471442966
471442966
333991172
208835761
173668176
109511020
931353949
574233633
908866470
341150960
601675656
264679159
44528605
323979920
163672583
936229220
936229220
1
1
1
1
1
1
1
1
1
1
1
1
1
1
1
1
1
1
1
1
1
1
1
1
1
58905
58905
6545
561
33
1
33
561
6545
58905
435897
2760681
15380937
76904685
350343565
350343565
430129322
930619902
395931532
562725444
829155471
689151550
998916982
190972534
586960514
551170819
264679159
974208710
70160674
243790782
243790782
1
1
1
1
1
1
1
1
1
1
1
1
1
1
1
1
1
1
1
1
1
1
1
1
435897
435897
58905
6545
561
33
1
33
561
6545
58905
435897
2760681
15380937
76904685
76904685
893920438
625237681
25405942
750540068
673102498
261533650
704361085
671051068
354017932
586960514
601675656
944405329
612991755
928062700
928062700
1
1
1
1
1
1
1
1
1
1
1
1
1
1
1
1
1
1
1
1
1
1
1
2760681
2760681
435897
58905
6545
561
33
1
33
561
6545
58905
435897
2760681
15380937
15380937
216263869
176547697
796134679
222956479
672169818
556075516
712754505
837120836
671051068
190972534
341150960
744041981
18527310
565452098
565452098
1
1
1
1
1
1
1
1
1
1
1
1
1
1
1
1
1
1
1
1
1
1
15380937
15380937
2760681
435897
58905
6545
561
33
1
33
561
6545
58905
435897
2760681
2760681
47986698
275706247
184345317
501963041
24878970
609682365
577586519
712754505
704361085
998916982
908866470
738861935
358770364
60201308
60201308
1
1
1
1
1
1
1
1
1
1
1
1
1
1
1
1
1
1
1
1
1
76904685
76904685
15380937
2760681
435897
58905
6545
561
33
1
33
561
6545
58905
435897
435897
9612069
58735758
269007779
98359521
217706857
492080345
609682365
556075516
261533650
689151550
574233633
483320442
976535843
89907961
89907961
1
1
1
1
1
1
1
1
1
1
1
1
1
1
1
1
1
1
1
1
350343565
350343565
76904685
15380937
2760681
435897
58905
6545
561
33
1
33
561
6545
58905
58905
1701372
11195361
55729842
249684355
53081449
217706857
24878970
672169818
673102498
829155471
931353949
363889735
474994809
905118552
905118552
1
1
1
1
1
1
1
1
1
1
1
1
1
1
1
1
1
1
1
471442966
471442966
350343565
76904685
15380937
2760681
435897
58905
6545
561
33
1
33
561
6545
6545
258427
1874976
10470997
52955510
249684355
98359521
501963041
222956479
750540068
562725444
109511020
913596222
230710812
325633645
325633645
1
1
1
1
1
1
1
1
1
1
1
1
1
1
1
1
1
1
752004314
752004314
471442966
350343565
76904685
15380937
2760681
435897
58905
6545
561
33
1
33
561
561
32342
271095
1781600
10470997
55729842
269007779
184345317
796134679
25405942
395931532
173668176
904528103
698045867
452061882
452061882
1
1
1
1
1
1
1
1
1
1
1
1
1
1
1
1
1
90682466
90682466
752004314
471442966
350343565
76904685
15380937
2760681
435897
58905
6545
561
33
1
33
33
3149
33246
271095
1874976
11195361
58735758
275706247
176547697
625237681
930619902
208835761
298239765
690128658
421489768
421489768
1
1
1
1
1
1
1
1
1
1
1
1
1
1
1
1
6208534
6208534
90682466
752004314
471442966
350343565
76904685
15380937
2760681
435897
58905
6545
561
33
1
1
212
3149
32342
258427
1701372
9612069
47986698
216263869
893920438
430129322
333991172
872525710
28531261
692291374
692291374
1
1
1
1
1
1
1
1
1
1
1
1
1
1
1
6208534
6208534
90682466
752004314
471442966
350343565
76904685
15380937
2760681
435897
58905
6545
561
33
1
0
1
33
561
6545
58905
435897
2760681
15380937
76904685
350343565
471442966
752004314
90682466
6208534
6208534
1
1
1
1
1
1
1
1
1
1
1
1
1
1
692291374
692291374
28531261
872525710
333991172
430129322
893920438
216263869
47986698
9612069
1701372
258427
32342
3149
212
1
1
33
561
6545
58905
435897
2760681
15380937
76904685
350343565
471442966
752004314
90682466
6208534
6208534
1
1
1
1
1
1
1
1
1
1
1
1
1
421489768
421489768
690128658
298239765
208835761
930619902
625237681
176547697
275706247
58735758
11195361
1874976
271095
33246
3149
33
33
1
33
561
6545
58905
435897
2760681
15380937
76904685
350343565
471442966
752004314
90682466
90682466
1
1
1
1
1
1
1
1
1
1
1
1
452061882
452061882
698045867
904528103
173668176
395931532
25405942
796134679
184345317
269007779
55729842
10470997
1781600
271095
32342
561
561
33
1
33
561
6545
58905
435897
2760681
15380937
76904685
350343565
471442966
752004314
752004314
1
1
1
1
1
1
1
1
1
1
1
325633645
325633645
230710812
913596222
109511020
562725444
750540068
222956479
501963041
98359521
249684355
52955510
10470997
1874976
258427
6545
6545
561
33
1
33
561
6545
58905
435897
2760681
15380937
76904685
350343565
471442966
471442966
1
1
1
1
1
1
1
1
1
1
905118552
905118552
474994809
363889735
931353949
829155471
673102498
672169818
24878970
217706857
53081449
249684355
55729842
11195361
1701372
58905
58905
6545
561
33
1
33
561
6545
58905
435897
2760681
15380937
76904685
350343565
350343565
1
1
1
1
1
1
1
1
1
89907961
89907961
976535843
483320442
574233633
689151550
261533650
556075516
609682365
492080345
217706857
98359521
269007779
58735758
9612069
435897
435897
58905
6545
561
33
1
33
561
6545
58905
435897
2760681
15380937
76904685
76904685
1
1
1
1
1
1
1
1
60201308
60201308
358770364
738861935
908866470
998916982
704361085
712754505
577586519
609682365
24878970
501963041
184345317
275706247
47986698
2760681
2760681
435897
58905
6545
561
33
1
33
561
6545
58905
435897
2760681
15380937
15380937
1
1
1
1
1
1
1
565452098
565452098
18527310
744041981
341150960
190972534
671051068
837120836
712754505
556075516
672169818
222956479
796134679
176547697
216263869
15380937
15380937
2760681
435897
58905
6545
561
33
1
33
561
6545
58905
435897
2760681
2760681
1
1
1
1
1
1
928062700
928062700
612991755
944405329
601675656
586960514
354017932
671051068
704361085
261533650
673102498
750540068
25405942
625237681
893920438
76904685
76904685
15380937
2760681
435897
58905
6545
561
33
1
33
561
6545
58905
435897
435897
1
1
1
1
1
243790782
243790782
70160674
974208710
264679159
551170819
586960514
190972534
998916982
689151550
829155471
562725444
395931532
930619902
430129322
350343565
350343565
76904685
15380937
2760681
435897
58905
6545
561
33
1
33
561
6545
58905
58905
1
1
1
1
936229220
936229220
163672583
323979920
44528605
264679159
601675656
341150960
908866470
574233633
931353949
109511020
173668176
208835761
333991172
471442966
471442966
350343565
76904685
15380937
2760681
435897
58905
6545
561
33
1
33
561
6545
6545
1
1
1
72777749
72777749
497794807
487343966
323979920
974208710
944405329
744041981
738861935
483320442
363889735
913596222
904528103
298239765
872525710
752004314
752004314
471442966
350343565
76904685
15380937
2760681
435897
58905
6545
561
33
1
33
561
561
1
1
42599698
42599698
431365884
497794807
163672583
70160674
612991755
18527310
358770364
976535843
474994809
230710812
698045867
690128658
28531261
90682466
90682466
752004314
471442966
350343565
76904685
15380937
2760681
435897
58905
6545
561
33
1
33
33
1
766140024
766140024
42599698
72777749
936229220
243790782
928062700
565452098
60201308
89907961
905118552
325633645
452061882
421489768
692291374
6208534
6208534
90682466
752004314
471442966
350343565
76904685
15380937
2760681
435897
58905
6545
561
33
1
1
766140024
766140024
42599698
72777749
936229220
243790782
928062700
565452098
60201308
89907961
905118552
325633645
452061882
421489768
692291374
6208534
6208534
90682466
752004314
471442966
350343565
76904685
15380937
2760681
435897
58905
6545
561
33
1
0
1
1
1
1
1
1
1
1
1
1
1
1
1
1
1
1
1
1
1
1
1
1
1
1
1
1
1
1
1
1
1
1
1
1
1
1
1
1
1
1
1
1
1
1
1
1
1
1
1
1
1
1
1
1
1
1
1
1
1
1
1
1
1
1
1
1
1
1
1
1
1
1
1
1
1
1
1
1
1
1
1
1
1
1
1
1
1
1
1
1
1
1
1
1
1
1
1
1
1
1
1
1
1
1
1
1
1
1
1
1
1
1
1
1
1
1
1
1
1
1
1
1
1
1
1
1
1
1
1
1
1
1
1
1
1
1
1
1
1
1
1
1
1
1
1
1
1
1
1
1
1
1
1
1
1
1
1
1
1
1
1
1
1
1
1
1
1
1
1
1
1
1
1
1
1
1
1
1
1
1
1
1
1
1
1
1
1
1
1
1
1
1
1
1
1
1
1
1
1
1
1
1
1
1
1
1
1
1
1
1
1
1
1
1
1
1
1
1
1
1
1
1
1
1
1
1
1
1
1
1
1
1
1
1
1
1
1
1
1
1
1
1
1
1
1
1
1
1
1
1
1
1
1
1
1
1
1
1
1
1
1
1
1
1
1
1
1
1
1
1
1
1
1
1
1
1
1
1
1
1
1
1
1
1
1
1
1
1
1
1
1
1
1
1
1
1
1
1
1
1
1
1
1
1
1
1
1
1
1
1
1
1
1
1
1
1
1
1
1
1
1
1
1
1
1
1
1
1
1
1
1
1
1
1
1
1
1
1
1
1
1
1
1
1
1
1
1
1
1
1
1
1
1
1
1
1
1
1
1
1
1
1
1
1
1
1
1
1
1
1
1
1
1
1
1
1
1
1
1
1
1
1
1
1
1
1
1
1
1
1
1
1
1
1
1
1
1
1
1
1
1
1
1
1
1
1
1
1
1
1
1
1
1
1
1
1
1
1
1
1
1
1
1
1
1
1
1
1
1
1
1
1
1
1
1
1
1
1
1
1
1
1
1
1
1
1
1
1
1
1
1
1
1
1
1
1
1
1
1
1
1
1
1
1
1
