277793506
261917164
133567322
305596882
934631292
195746452
217994240
544058099
689278481
647654687
602731090
162912345
422702010
174089344
105043249
706770019
754033162
575459501
665880985
967160293
69649683
767092436
785905045
922485620
60873756
971403370
342174465
711558585
730578077
453815710
484758234
81174348
460594107
676783651
972628570
980674516
767985923
430958766
69699190
837202071
715929705
400193705
814206931
77475551
604797699
412581996
390526870
970446748
792193649
933519849
201815091
306182616
53398121
571162870
452542351
372791430
792353757
131204678
314025178
573747271
447700835
516238822
94716105
950419830
752549114
727830914
811359103
537916853
79529863
800275942
775217081
602148077
927482386
605590969
194205430
317992894
216546565
332784090
890090007
867109353
953516078
249777175
469680663
59068622
671765928
382319606
754958607
709823451
555307262
972155010
33827529
364618240
306235979
360853997
33158932
590437871
764854689
70872269
236402730
413544230
548131052
912510085
543932453
823778774
175112388
795176605
930265743
898989462
589607552
853912955
963523028
679682206
353295938
994638885
611664352
968748118
844839841
15122399
100795910
719386013
456086654
834410728
493745755
173400067
543886432
473410568
237764023
147404434
584480834
197498650
45811178
550140131
202287463
65931351
553659241
947207124
522306689
918617126
852964648
596602828
286895137
126327592
450611595
248652222
551477374
120621381
459009487
4004698
884860207
639992773
445371103
136420949
751568536
356211418
105688594
239332144
963601729
909215149
410756727
240336086
545111401
78358029
249815783
231168924
546647492
386357069
13157872
977401677
330231901
152729989
948209579
501519073
409976166
279422072
433225069
813507785
634053810
450618798
677046803
951819150
764623036
968301526
53676569
664149171
505244191
718482711
46653468
28855065
326370208
309657003
643445317
507666632
241581731
69436666
69684033
326641738
522184853
415520943
868079357
869689091
285992582
383029216
479086615
528960404
35905752
913536612
953562660
646953554
663527341
604981489
215274416
738186607
485886038
898721843
974287165
71758968
731425124
761169553
10866788
961671796
393823692
702166089
623500510
97901444
747343491
484700685
960149689
401509276
343055635
462434626
122817010
343254533
334663505
544256530
216968398
962961974
600327120
24809242
908783193
588213692
755078278
784239162
175783774
538601802
776271477
16092847
892812837
445152426
688015105
963261161
366603442
863960464
469493175
328345675
3221826
35320154
48598372
769159063
56153584
815145331
876311314
622651493
210073712
364247623
549686826
209875721
626627215
332672851
91940177
906065345
405944810
158307870
518364398
888418899
823431771
844739877
671558650
223756402
596368030
226793390
445901672
252942063
212466040
300500005
367199197
389586069
741178840
686631048
800428914
585400507
970666058
136635207
750190283
456487066
291842479
770075328
742446158
906172854
51033029
558993982
861815193
945749797
230889404
987804339
593701627
528310771
287305950
25995723
927820036
269482349
686389286
730785531
339840729
952805610
572322292
776188207
588662325
969225871
356727644
791602596
782203587
958766284
798646487
138882378
285920479
481912314
153594123
902300686
843215429
697762250
844365849
893743246
904325786
569868597
779619257
839784872
73438503
474479120
557827753
690627101
39566368
558789157
730207209
377230854
190022218
790527070
709071956
160012639
284377533
940423423
775929954
70946450
27630637
316479710
347543796
682544198
700187390
397158442
861024050
478780680
842294098
37289139
419474972
487033379
402508613
433641167
467268846
661476640
971513064
83792888
138005305
455605199
942744349
674474773
173223201
232143675
799487910
441108068
236795014
838914516
514537355
696234876
766979409
717647835
956959135
861256350
433570568
553468670
710147710
103327985
609156232
832890300
932605509
34135338
82716169
45935842
521854229
58601173
679843282
907234348
879072543
644570553
913235555
795675620
254944046
599405175
403265142
23508203
776688060
335034029
876548205
835923019
49224104
518638641
334946347
102776252
558699417
256199332
310836447
80904266
279969708
59262185
931509661
438060960
607128782
907661622
825836022
908018521
345419374
466936764
530573766
538980433
894851465
934448445
243921795
152113817
302535690
267606470
355816066
856131085
861090307
328798576
987987904
46036397
338672744
286327840
798714997
462423228
194877048
886911967
166472689
749564860
939029944
146140408
890801214
764211498
899098081
501525441
735312914
522547020
629014768
287099035
273983535
630359885
780285584
518817204
829703876
528355500
526561979
435664583
939385424
876828563
788408963
303763269
542652610
383377221
95094924
278245256
151088080
338731924
727074777
65571280
78454906
535950387
973531810
358946917
570468553
587693249
601686688
706260023
425762640
50154073
341500701
699783918
141952067
128412464
184398304
661575436
562873696
447739180
824395181
363576048
597696449
501616442
637279262
224379100
858352166
375336758
672601053
546515217
951786957
113862220
242435844
787101201
933615541
842507817
203950293
802601757
330834721
884068156
434786380
150067791
648359290
289524520
144177612
822442332
938342771
893989840
657535868
776736931
189670455
498453149
122867414
354267118
93384186
249264681
928572123
445548512
88123320
583239308
816053936
486904577
880162638
692670618
773437629
738498459
593545206
226702678
329773495
898918630
481005457
927350318
424767360
564082746
334634632
838374722
320930844
167304723
140236087
398557853
145408326
133813910
843914878
181496641
549243784
262998608
984546777
307147593
306777169
303485868
828127432
710940129
642365031
249488134
261652239
809112183
663546147
148150085
713359623
540289084
566483876
860549799
395698282
137229831
205548660
381626118
245114670
56228582
691251673
860075314
435425089
719937251
487281220
171111689
643414847
725454260
656690455
170871535
597165861
266076560
839618783
465309906
576568468
606183142
44153613
548556309
609377950
89702403
329275372
232133038
581705056
455378453
341028162
430475770
452349008
938469946
193336822
461212466
777464322
138026809
517895809
907078588
51424815
813473945
718519972
705124139
683780759
192570700
655266081
227468670
499522429
546399802
349410057
483617371
120969510
960953254
819889929
70303308
184921084
937362236
145642535
290700147
20996783
270601347
296864059
935930626
837202508
181891689
34824209
872044338
345878138
898853665
502015118
137795622
541345167
308692725
320113099
187111495
996702251
281517180
633984168
836632749
701757798
868028448
669567213
981478701
600156944
935517959
775362881
6464997
893846215
295941766
665708828
804613339
777403026
340731755
354949704
295329700
391415535
738642493
907426605
363051260
650663388
696999813
500964403
106414792
956135891
968311308
833151404
490759428
757466383
964359096
696946901
40967156
742555240
264403469
565491613
983539043
277124703
808121703
409541673
116385118
241932140
44823827
648001925
237826873
215879385
152357438
57573931
231415166
630465198
427232200
672532819
226182276
539806134
225963659
675655810
959927720
560476138
266157480
595537158
299385035
775539269
625497084
659488997
474479212
307704798
311770017
718814905
958431181
913873402
175208474
377167429
94190138
448815579
270593639
474961216
177924913
867008776
166326394
861973782
93320472
859105875
902887018
274054998
761162448
148285930
20779188
705625498
114966901
986121692
222361456
353620071
710194823
305087392
931050603
99563442
279727071
12049739
594937407
339556659
531907015
454052395
41213040
911025356
75864992
47035923
659224504
431695214
535577038
667794111
139617466
123809272
904190078
177352691
288469655
518805723
669448382
97807863
702505515
709040296
684576347
531055134
653134679
478972424
552001537
740191946
10036423
527573132
877227786
488488289
40287373
183119843
697632248
81857534
796401941
841470323
154126577
968468883
83615237
394524206
773674005
482602332
430923188
673775536
745443091
856181460
611543272
134870799
936781563
807620394
17827276
911001018
701685747
611787399
280719724
983653710
186418799
727683606
381918951
724114507
773639858
752761289
978726278
613192941
708728690
348710554
216444049
951784400
391714715
893328676
104413862
21691684
586463321
13754537
287589178
241239702
217790905
522058374
936499829
406136073
984605045
804025176
217418696
435219022
763472220
42759735
232218836
293580979
989838359
586336305
711219460
117084300
176077161
954208965
382216544
362028854
782440676
926780298
242051421
738138460
742824385
210313314
503507856
10612064
904378308
421288605
615019463
782527499
118395563
893764844
71618219
24260738
742936265
48418605
580242394
510124252
588271648
295618492
92371175
406971742
935999646
130122970
406637009
44571470
358393324
399514550
159653572
36441269
285457213
137067858
36060337
77148130
42502344
186381706
457939322
442027286
819495788
925755622
846038894
353539534
938672677
451819658
174395378
800432128
921166219
392541483
529677806
231046310
827898428
608455546
779735840
206745531
342440918
869019662
332558990
420824291
247550644
883599363
64276127
65456899
246728689
616307924
119702522
49160595
48088012
786223023
778580590
981899205
546954753
307957752
259727189
231309554
831709007
128263283
845050794
856772195
94294743
127327706
561227141
270023507
900238661
952323879
229349619
394947542
741920242
982491705
910666782
647726178
488527904
602144612
136880568
98496253
406137964
15349937
897018295
790799183
433440070
254856615
897917431
188797636
245941427
526232723
76878583
281256449
373300467
450250061
525515866
107304440
547588364
918128821
261426366
236882171
223754153
75238034
493349136
155026920
686425009
761533679
417106852
64917774
722377469
125980982
889649558
719193830
47471450
49541050
504596168
278340260
940863120
895881591
937910426
63281824
181565384
985165144
674675422
731042996
132586095
316985951
155329860
292914958
985535590
828647240
641550039
677315317
406442050
455062474
16119174
961991813
20801175
525983800
749933105
963046253
775929137
484152569
569060807
684196835
668378321
196298165
263661917
934177236
423377923
153636973
617622312
419994653
442753104
11236014
722940638
77168280
15735324
329824460
784985765
354159279
551990944
959070304
951644158
787116924
399203379
324613352
18147825
917176090
401424370
832101111
483131502
915231422
749136569
233810078
325671390
445949658
539070542
490799886
647470644
141974423
760879089
917306574
8413630
556407614
513287636
23062171
469576902
206128917
505200263
236576519
326710426
908555592
171895936
338681261
110612183
898617184
654152814
477649717
751583186
399680688
624092000
755813848
431356805
778844799
772586493
644690580
131788300
713534657
394259825
150808662
916168138
1296698
268207163
36065695
128028213
80678078
404221457
598696969
181933083
69688373
163602853
741302853
878619361
676879325
207158400
838857565
521185110
22098773
747100802
174726124
392066394
243449549
451850430
707792040
249102091
574907091
450546087
46070876
801335497
132271768
918489943
585136744
493318611
334504510
26266056
205516752
990087240
731692709
78248641
529930732
128337580
959941773
286901909
586807762
496171038
579570356
226238541
972434493
349640389
477733877
60807665
434420750
386744755
834035668
239056571
696791856
604542725
790531424
68264582
721955660
261034289
889030062
450479419
69234250
359297563
393529448
287992716
165941313
191108724
73113871
709157300
761828477
540189745
228713090
328204682
13093748
700173105
47557094
57840803
569722901
742061140
701779057
184862429
984758899
82783041
205940526
318704094
545901851
719164981
715252208
77875293
478215095
339837055
734411614
505074983
401825107
676201631
295883391
336979579
148102018
669032264
32266269
444652617
190025690
968274530
92690807
599298614
113455177
952130091
294594190
809484751
92542961
862452841
70428316
231677934
406622359
195096700
725006007
177404459
390933026
847387933
637373550
970812713
950116350
641756019
711203625
468454850
875014391
796256586
15662155
809081019
224537446
613049371
387647592
730556238
531993837
188364841
482404834
832359720
290193164
97052385
949192389
88466908
523617685
472158637
32543630
336443731
338426815
85861338
267412958
24824203
897293049
322024311
418828845
585282122
181485243
649210192
721591097
841200716
92103992
189121373
250004611
196907579
924103564
953098724
831386200
132178575
192358272
762732931
523613293
892407160
166357224
905116802
661160590
298003719
520408583
199998426
877699077
55068236
497089279
353112817
290414720
237012869
5824471
141668116
273337065
255576433
386313852
857803058
460695221
999603009
640146771
998696577
914315111
839084924
24511270
622569508
404633523
451933637
257085727
434413048
988976187
947359542
727943210
225953030
263930959
782343885
824654254
752762022
451801349
944056063
628709173
46165931
706984219
752250263
461547257
864287886
469051319
602395387
503292323
835799401
75369671
108190840
330775012
88353429
36663972
290487107
587344331
115661514
955323933
997374215
217038629
158375785
545148519
306720711
876278363
869820097
44282581
318134268
43738139
710265554
856380733
476850470
546869673
376461807
630461699
153392865
997019251
84657534
577613509
724740944
712320573
341397818
859958272
540405668
650131726
210940248
493888320
871462703
715310270
680261514
674976295
860387134
907175486
136499811
211001229
242819280
467591772
758789452
743036200
79289569
923668926
411613086
149733223
928646592
778454281
351316463
690485515
243372481
70581506
656366237
673440424
264920957
181910001
438708955
557641595
721988907
198803975
97412720
420216803
92920677
100617754
821501278
214842795
718117114
280518910
99609173
252000049
665505476
840477757
506490468
470951456
347921071
777059632
117814642
467473824
379554726
878917785
96917635
365820045
690363155
798422106
421603183
820967212
93220891
129769780
397841253
399805522
339785091
86689593
952619915
753101029
709124095
410706167
737842849
978718667
308323705
884991223
786970186
658978955
709256048
663517288
989046693
771759928
383150146
221728307
517444534
167407944
44838100
340464048
489140304
253455989
710204984
810667242
596721184
412410342
519646390
808259629
225084116
691769141
12735593
978275735
386386061
2774680
598440593
258685575
44024739
862397029
532000365
776009338
772205658
987639845
165230707
789297800
708697013
959301229
339309800
874905498
48763620
842419546
581201820
564211159
583206288
6461641
799423044
748165636
536025448
186290759
212023511
21055871
480683784
554642033
501247446
679941786
698229317
931243212
748686432
770080333
716399417
271730363
272861052
327667786
37122935
297459544
801506698
795449607
672811272
256652480
846529421
419997837
735639142
183593126
651210749
505308015
440644738
791196252
625268694
419496365
250154078
195952013
230622921
176011215
566812104
798648991
457937443
509258927
973198867
382857623
21439029
91361222
557623319
864105148
144009867
250737082
2346702
503325026
237786601
883977295
728449787
252158400
230597923
274524339
127158265
793295302
776108509
72112014
581827322
757430322
155788682
320318014
652078753
411983399
229872476
977558555
443681869
707980551
253292210
701884964
428844346
157530272
126617637
82650046
389802027
723929750
939487851
232260352
394918179
850843204
741945104
997722657
470634724
898478673
709410665
973843349
313370613
582016953
549189034
518064765
150405737
493759007
550453835
463962032
922705102
902590312
750188251
214717004
968834716
877437238
653500528
306606372
762749187
908764569
428440490
133438807
838387937
125071757
142459396
799370341
709056704
797033916
909416278
29947447
311825263
559887134
479334497
362779300
591808751
771965838
945342923
849387345
592349170
610271531
182857632
144285409
153557893
576320252
689956983
18872268
907592567
54016038
372971640
79554630
176319809
356262503
50360428
433804613
641750235
922311033
26196567
592167686
833558779
542687926
449843136
708097513
538817993
530632141
202353920
937918408
195034953
466250611
355557638
4586518
276272744
659607622
920560210
192725937
648652490
278039571
169283545
63969680
296777920
664277760
146942040
916698771
251181349
169272355
38859941
219431231
519281223
279676856
608585510
431817886
207589606
723789108
491844838
125359866
549804521
283858974
5825577
864750387
664788679
291199183
550697953
954240946
403022664
276335207
6792405
484856112
592272676
774382871
417600307
602446959
245797941
927159562
150492658
760885367
405557141
439189584
576138369
345917624
759499416
300617248
425383466
716312862
805133128
437456145
247329292
485330696
958084270
893232538
188047328
408834394
788026195
16910817
712642494
498528299
334092710
977579524
258514337
473664345
767903063
830229996
275535074
855213938
697815058
249679925
691161916
854456907
564962928
994627039
264619108
651948503
647574333
410648266
668329911
806668821
510197109
936767814
529413343
569682846
552285266
301831999
551154098
804587146
948229213
745737895
921522502
187445442
982692697
38765550
824779206
83423153
881218375
233537505
380480663
722184960
109204592
55450592
607985646
155901265
252554856
933180729
722362508
149384241
58086116
284392720
821851264
675794328
281049573
677971553
491035011
619883377
503623694
577826099
940580742
378864254
672789164
895377068
344211507
203704838
941241239
813194872
369993744
622528618
235970604
466819439
995847818
446733397
708925580
614986467
447408042
243349967
343713021
11229232
129738094
447971124
490084895
717736247
573038051
490226169
626348711
119107619
207123098
146051052
177906946
599330375
927998298
884177917
105269128
516175467
7133792
551732510
149729210
714236751
233176284
993022796
481123365
724221660
786624695
36878969
565519361
954254087
981591417
22644754
668281261
325139434
871486673
254008121
945614252
79215894
744914982
281309690
63425303
406552750
434751664
813034617
636387876
742225679
282256975
109729477
561936234
171945962
971561739
275667008
308095672
117750049
423143647
793506832
247496723
20573950
314950105
756207956
961543516
702444076
408949339
159970935
143008810
241331410
29669298
839781936
421947402
269841812
204021181
232651536
575894861
664845406
605056497
275731873
762102152
76270444
856662920
99528353
735646977
854379842
729245549
388797564
98003522
634754359
479915289
940316672
766231913
722663724
619334994
373804140
333729217
369279439
378435099
743744462
938942180
810743002
517104167
293949595
687931547
872059905
171913705
88322690
161801443
613816790
50705905
49479390
96147834
379634617
11400240
345079280
675326503
325887443
133248119
959097786
312178199
268826052
156267441
995230201
423905025
572306451
243016155
745274041
765896840
784241167
89569802
847872917
724417838
166238376
205977285
604435081
175743219
340118339
70219212
615392667
866043784
295972454
381698131
350888255
709147226
824831065
479070926
851616305
510547339
396877262
645114072
740372377
385065322
337559167
346012574
557439973
393077411
298705274
34768753
995159238
259779734
278552278
709799726
971400829
250633359
53336062
39798396
950276702
623030530
669698077
931782475
847837472
41375338
207569853
4074080
566870642
300640284
508351236
430931773
496129456
504823667
955533078
176964419
78659070
73300932
48947239
885218534
116345901
861396666
326813695
310261997
922123065
294677165
223650261
23711603
914684810
161121588
672699516
319579718
527442702
241424379
761848735
74994793
977722332
239979866
65562995
620005809
122172347
136076668
177159242
405679412
954242757
82917753
639019739
83775442
398378890
875980115
304186100
55173078
625200364
24964127
415228825
422376459
467166002
936844998
4047628
68668764
373060840
528923869
347095446
102186288
60207183
323116690
841541558
906471702
344320322
715569478
390367388
584043218
449881180
470508603
942384600
349847695
632722864
756037261
562657573
710540111
404318462
957079756
754274411
200958904
840559598
47021627
558041435
534223856
493857092
398348925
306029876
955006913
700997307
522751789
924973972
615608982
524053853
54777784
588397517
932128785
890385932
230911136
933920067
452953910
943241171
858343004
812873593
826952649
670187075
975727330
35419249
336406372
207824133
793566256
436808652
105687930
785041469
757063001
692802991
761018059
227383142
613333455
179450006
922696230
959342264
357189915
104265660
952002621
385454290
7000001
97842784
764091926
433328668
703132419
598497003
979282889
164891398
435117341
232556430
950705795
636961051
90561029
637540748
842657499
581361603
115794146
517555494
146947836
676326808
595846203
133646474
624823012
874799334
844410984
65487066
139086158
464770597
445512019
44573622
278428022
139536372
545753790
254805148
465903309
403302838
60577369
816760184
36219690
621311047
453830838
251454047
650284546
637187455
263915652
190280389
288411664
209975814
250253378
252729975
384268022
246135846
666024725
484825470
256217695
419552424
409627792
438092974
781102858
225175177
139823635
926712624
372800090
21841048
980520589
152120400
369786960
911042693
573352140
284433406
366396405
356339116
314518499
141210620
618275634
340266968
927328096
236544196
670191524
305449207
296467872
952991653
481484424
414766671
62064148
692992364
218577834
906910748
554068181
592078865
981419375
804323080
264812011
75159438
664638008
146871542
674878362
63845960
976846275
847754307
796642984
892972427
294142487
851341927
864480182
381495199
121029380
405199884
282233603
855360194
507120929
759796169
137904633
66745885
779742502
375968300
111409769
636711790
557789180
331054984
834584343
682728496
673706811
385625907
649533775
583546125
657182630
835770513
667527505
578440608
650247006
205269838
654277112
557670869
739608811
231871104
273770358
657762322
72818757
160148646
619136862
571316261
634053193
969423662
164885711
669467362
498092036
670133186
749421661
512177824
160506008
241864102
793477519
41485042
414046937
580369727
317803521
911949799
131408742
302379895
720778243
157419190
57182294
838859268
357915075
220686656
726779431
196975900
104618017
470680309
311350939
588775822
298184487
167130246
526259204
907282062
588837126
96002422
938516313
515409824
965156733
972356308
405994468
53814077
564688415
294236811
788193638
759980428
169250187
63602096
646310106
149066996
738953740
780217897
499909401
165314772
194862611
704661517
271717597
770119214
832163090
408168148
631108350
377986342
187187789
891118300
67128802
2591645
832808884
53549857
538615874
120636617
870423201
816603877
799060049
705250419
720471486
784744707
836305914
772712972
988030098
604401610
496928177
432671708
336641417
344925288
166080450
792599380
201929307
448273306
182871016
553508600
267934209
597308754
369449426
693033958
686044176
794263310
964888095
209903927
266826831
985027926
319903043
681364291
310726433
914318930
303618099
227657332
11541782
293762210
664423641
564005392
141269438
222139310
771814705
190594985
223816714
190516406
260142307
459058163
522631229
7055019
374786242
160490461
510792090
680063693
798573586
529438837
913467430
661054981
465694715
115986615
762625230
707240311
424610022
76859134
405736486
89033629
95437872
420581654
472960256
357242770
607278694
58802570
88168614
766803116
577560873
58610121
759533436
557038146
89872999
254279064
966112946
109491086
174908436
932149827
601473228
760613431
240504816
790170860
655478531
929001608
428777106
884517141
183940094
593670187
538810868
161832613
109066067
904345984
954803475
258961101
903064235
836142587
31310221
795406282
350981376
486999422
175241012
86434648
664124566
719353922
580013303
866425210
919322539
749598211
493715712
284917820
751173680
963244636
48422876
293522033
950749745
549864566
918428716
332311692
822344027
709928399
997540340
251523482
674491533
550568791
77253933
365060714
89982439
658836818
381757038
935525818
643593474
791794480
169882696
24172956
891781335
900889133
415306613
52883476
545148068
285174399
678850358
603465449
613068279
316128082
692550723
867311489
598359315
12707917
900776630
144300192
847590649
19980176
283120775
170671999
595204410
877835957
75708302
334733808
638520297
612667750
444037816
294968726
508620938
475140796
311623444
644147126
559660073
948056806
460465846
599668062
311139237
143395855
897089186
974882390
78324636
955004602
462757986
772344013
586529611
186820608
485705203
53117223
205929715
770435000
132957253
536287419
213470059
758712391
928814529
173225034
209506461
313360184
222935400
351256161
161193384
462907572
396698787
941827380
211367035
216823189
632416774
464095213
671289328
142114742
847982564
753772097
45305997
867396219
581954780
173153953
646508630
252584500
161563222
698453725
960870566
347040930
961816114
692432190
770645662
398752470
359203844
736235445
934716707
927789283
737343579
789679764
595277331
519647834
209705748
709551934
322901820
82768635
645025053
7280526
639120699
94131255
470787511
618861797
128567564
561126610
282720617
60869534
935781548
293750580
253016892
205387288
675364547
907947868
408472162
363582745
769802207
881525436
491817274
848759599
171090081
61532913
116940758
791643369
912413595
757412418
245193765
977324526
126393327
68005447
949489774
433077118
639154859
921301871
576291805
720362434
263342276
377287716
675441225
981110200
686124782
750414650
896493281
118621138
739519374
594147733
824624676
345160691
507063020
545678945
505956458
809478076
502554106
875066390
207800055
132685404
121276845
705643354
701236188
540533078
887929084
737333058
829186608
423448359
262488585
976331381
918680782
836801571
161800463
231904231
56684185
798008978
151509004
656858086
374120849
73100204
736578611
405097642
129125307
64304994
86000808
931659076
506578329
588371358
895812461
94325341
912986492
319583840
733755444
541100534
695040709
522025670
501440443
196540599
855815415
981911738
684938174
309619044
287052315
386551351
649474577
213145282
593208842
92340503
701198971
288955179
507601052
824549243
454705027
66614342
55449139
753153415
544104209
207039021
665060200
697303742
10264173
233431058
886956825
465161934
692602841
270801933
671939370
484569081
871370988
306906308
540565996
496830936
464912633
259256324
881619407
621761285
623503401
773086422
255171949
428167201
664913536
771484960
514634789
910145420
201918103
834332352
600612923
230924780
231359104
561075757
796226531
130239820
428260808
803213562
199680337
141882319
774460133
446380279
924086816
187172134
25420725
833684653
826636980
386781600
845383814
458197951
499643992
716371719
583116343
471684931
548073985
760987933
834429797
306831340
966552976
272393280
394722370
65266005
431259923
591439673
894115710
22867088
661114689
916294911
310328337
835234219
318263087
440482568
961295963
844677145
11987436
949332435
705352633
184753958
629607473
727246042
158284584
754533226
32295973
993970036
60125809
724033546
32169314
717504312
307943595
716000729
283191797
675446769
512488724
385793098
331166545
865602181
987148901
898271349
622811380
356272563
918166147
371858177
271592765
293794184
759842014
975945788
62514061
200312509
958675416
840983615
699535212
427724474
973249615
421421986
9042318
599823145
208664668
514715143
140884697
358543277
755575090
225137180
43628665
752144603
982429744
328003086
149014421
397229991
124849352
78857604
349784818
287185460
969809856
618498366
599254882
877671580
213099325
879242405
492724465
964077216
399418712
254500328
782401181
845579532
163107868
327155195
479847083
520486806
269758031
159370398
103037140
104732949
220412675
537359668
541826318
322192140
666697101
2753180
392553913
787587553
128203944
207715082
523325282
754833614
308698364
833339284
981655205
746092257
993541386
317920666
455204177
109660683
411562682
496001
667934541
127729370
506693683
471549778
279836744
183129393
152302674
472368840
48243248
513429084
543636913
827481335
667502292
715290746
8341746
919358141
44866116
782858730
6906088
261029184
93268409
585805944
864647958
907530218
440951447
363676789
974083185
2463687
731803719
995470628
89685643
178744917
384475411
223933244
813766267
492428069
295336903
114810208
241303601
616662046
863550769
804279271
78238916
621962351
745949990
871885476
933726598
796154525
816569740
605136763
569993384
663192961
856242034
514079434
869094674
886118792
622964401
614847064
447780072
733109107
920131481
952521564
3713570
468059938
103563485
18211616
448301226
106428872
673039247
370244289
799690998
109552008
731037443
781995100
856264076
860327422
566834451
826885998
815572855
431861664
569492401
358855793
523957955
147942533
74326777
133867509
825793907
445223936
993039136
205227172
724441531
707183414
927282433
396508943
227327675
838185338
199641275
862996773
515914369
937032146
589505856
987071966
793434180
395978427
940275403
641870498
73163715
635133975
485340739
436994915
978974174
526024589
944155714
178637820
659269109
539075094
981568566
146640794
868983530
708828025
883785012
543702136
478224385
226538585
440675249
705294195
882519455
281093185
396037013
854324754
746773158
596430581
664491114
709325831
449210270
725964062
687993814
203849629
531231200
143580359
364520095
219058497
307654613
818013450
803090129
230086197
339000355
73937979
462267091
612258415
535648966
144021486
811826118
301804469
544984424
691118127
723719626
771519597
26861623
231646656
198943052
858737798
748151051
431876440
766133389
888845662
292081920
376502896
312801841
49437129
44010380
933400932
61804632
913121871
438520473
986592961
960567973
664580584
898519260
923742502
125728878
676760714
316314811
403947334
754873336
902412793
138636080
95166421
565549579
750091187
969889687
859356455
196627506
717999061
372376292
513088469
198528749
553402883
820313894
672378677
711769011
333807575
434456593
562109794
894359036
947539094
411538593
726312003
854937541
667973750
984097036
943932625
995510368
680182459
364118192
878155507
759987502
704555767
196883411
119827236
342156885
72382121
712581921
265878073
6169571
353539835
301590638
375483607
175671206
75419172
704021583
830771820
445067154
110388828
283375177
742071185
809252402
751619546
468733193
832748487
376414843
279032648
27876522
55752183
573424034
728834409
244029638
335508108
140684811
780549836
439042032
434105176
994428054
294461432
868180465
364326793
535985895
387229019
906380574
517940596
76328109
31702804
327805214
572025121
652947090
515277448
590722749
555264365
763064462
7038759
86445721
252550608
481623026
897490958
798390183
120350585
340087219
43655547
252754750
383727106
998605092
346374512
274386267
210894208
535887974
93165188
861418163
255925479
814047493
871667996
889178622
364544516
118689631
616352705
469083950
968875313
426471790
13594934
533651085
919241357
439574381
160679966
875068328
769606309
425574425
15534349
38880949
111619123
180409123
178449286
100802962
711123498
272154592
778453992
326018883
900323809
802850434
570186754
92232389
495329188
712234125
927902551
207215846
101067025
659549242
294905452
311680191
583279098
290267855
466252961
469433727
570570941
469179395
870564049
69291125
462559339
233196325
100058947
692271175
411526658
544718106
24881751
958052546
535856612
779171705
835048715
13566877
519558933
12651291
457969822
415938778
173587241
90488132
344328395
7100248
561495766
839405293
954305220
165522732
704337190
815504449
396972444
814779341
49720285
406007530
912861120
53026371
542916324
587858639
551106035
150360794
821646071
240565154
641478527
499342869
268655887
564026629
11432506
700862456
874408481
90655154
629400509
988425214
872946075
614822730
616536923
442240756
42840629
437464503
366480517
825766578
34228142
571526076
884273608
314877677
751990675
334753746
846667366
683076207
785102844
563521973
977878007
793915463
897448383
276170647
541834735
553490481
318027790
535649539
360604977
566136566
54854864
458495817
368670098
529131984
703784681
507966623
324581123
298461902
337115170
626552352
44842367
989730750
591346701
823380945
636903862
203223113
952589718
647248205
406479659
205324749
411048347
475025442
473627152
932027942
375176234
992329271
62354645
886682179
962437818
21192469
88257116
681394300
451047184
277919573
126303203
635961344
423742285
645294923
871020360
34896566
626737130
208513018
673467165
508699801
952829367
253038034
762283315
749672655
333377341
627209725
716338459
270351275
815038855
503877160
170595330
676434533
930457104
547265927
298532474
244520349
340284132
839050292
349694639
143678711
875226565
213802229
195348884
504918295
400363063
368317599
554365497
770469810
787791849
349331892
218358077
769064768
132950634
266440795
698335983
114175181
276559865
788559631
321842295
611502245
718325340
624285767
901283400
310083087
342833418
516717445
904767913
27251978
792257851
159696919
416237338
992940046
8444903
264008299
630565799
795099586
318178594
633982011
836846586
256818977
79903082
839586560
208266536
468593104
194138833
883294778
270268747
808353933
67192723
274986818
200279365
704202289
299126741
727691056
509765046
687410934
881184078
732080037
14923207
898254669
210072497
443122322
711279300
820474505
487329336
800847998
547765274
539118568
334781883
659873349
897562384
511039169
938496292
910331563
414055215
819627170
184552169
3551124
11226428
261815033
983783586
709198718
608015199
888899643
906247358
990452840
654158056
290885893
4768373
279134916
774418210
940259157
160552270
626385846
374827177
254419433
545666398
585801701
571858677
609058284
761215481
791654062
583626351
875244118
828151425
798905605
903767275
672816889
265336858
595399669
431912102
354518601
768809345
642677566
516166260
920654956
68574149
548577650
29812466
729859957
816289344
342504552
172178783
947371430
375506528
960910611
76063251
742237596
156235862
678650284
497629773
954638592
192944237
119313765
108023653
141899043
871741325
375834736
835822410
149217427
580513878
175965218
38783451
547859966
235595295
757191168
623643214
778656153
562398285
830597993
777355184
360253393
285959516
480514810
358165438
110608236
542247609
510350857
699877162
585419893
732564598
395631407
696047951
131808992
845867647
557963782
504083788
861588341
19377466
531395875
64413497
248189402
576054037
468517162
931936614
129560358
782982529
187506791
844734956
421628103
399898191
672023903
777970132
575627626
255613861
809276433
268673619
533914966
242296831
437205952
702790947
907389249
760785981
601965688
497409799
497734718
568228608
871229232
130798838
444392137
565846288
799727462
103916015
553069750
893994353
883235742
850075093
725885773
424719428
592757475
342290001
475570251
628222962
808538795
699897188
47479769
944294873
259219749
166708820
415578592
927839055
977458719
156130802
115369266
493000952
704104112
367963094
550579613
984845152
426707308
77659904
857608786
397859158
188706542
31763175
340929942
7826953
470534267
403576866
796402354
938301030
987762029
600167807
922048633
434215352
686426362
629630750
690643287
461493462
281308039
986445926
637775918
100700782
301834379
501647554
32685463
541567069
494231864
800898393
200956971
486467701
621781643
542227873
843756487
811411454
12100134
203873413
458564893
870555475
838105826
897729636
654357187
935080919
886827944
948741284
69839841
20685830
604812175
541846280
675428019
240435878
406789870
56827466
553651080
604623345
682191563
654604482
731290224
524021931
830553105
139441049
290631748
218163367
723708473
706887749
938893359
534774721
586525869
513423952
66423986
40785674
292822947
130571928
96078406
829601340
165788511
796577384
284209086
80174890
547523252
115114189
989283315
685451028
846509374
751597241
354369173
494184302
317398782
498006451
537076120
544404865
972791581
181676649
473631848
508526083
639875440
358323011
138276975
637858535
738696218
343296866
244731045
883858911
320135322
284570511
324683725
398121776
450476899
802667886
11255760
205613489
115849957
96903526
284845160
148886365
360579491
319928672
951667640
373535168
907702831
328534709
812511748
347272671
996538732
566988883
869643855
886583095
67594513
726547132
495238827
21366508
143041534
115975756
802495137
116740779
74862185
986028795
521635426
291928586
857274410
602454997
153723185
904284715
486408059
927476570
302345806
166871024
778955811
679698450
104264447
176127239
776975510
127151009
673359715
374795843
366617264
440270644
323686702
536030019
3894710
41578784
953020708
702564990
496722193
637019193
969053524
514455494
260616578
565084705
4104475
64566874
999186452
408302496
217070612
685891578
475959287
666186387
372496464
250345448
829426337
192100783
608715804
949874769
555021312
59871088
696102932
42321895
669685977
686576569
611861364
401927219
143737173
876903373
957684008
199358189
614730466
714783784
704166234
9742557
401726675
808682241
50823082
761349199
824064740
992910099
142750203
404856898
321223082
571167331
743322613
863524767
321221059
172162900
254530865
40194875
647194602
481550121
444272297
844261180
213417720
636417713
702661846
113144170
972239260
152302611
113282482
235845724
580991991
276893221
592496251
8467198
460507089
820007808
194636796
831155334
658932778
37384189
541936077
717630154
358265559
116936530
252293187
334383597
209209662
28869112
778983403
975026889
686486393
217905357
826292046
143045024
655356801
532566965
969866000
635408615
40752186
183754451
207751699
750421902
933174148
265427400
250830871
850406150
372615202
822155802
57812563
782243299
681857307
318289440
658876439
455259560
922647968
709743000
374156152
254992292
142361656
486389803
664527592
545702467
956745681
67471078
430348678
816822669
466447077
531547319
669225438
991043218
351492832
23168564
983644703
821160587
532786878
322622459
438503038
860446627
30843519
342856137
902455855
879799984
292884893
171846708
237432484
275108740
692574492
377235090
479680114
745754937
147387812
981807120
378912100
907471469
906559022
7289994
184659392
102584230
157820442
211599050
609373741
465043006
817267111
638632232
867506010
881316333
436910305
248920889
544799590
374751632
428759981
780907416
264923026
734779128
946822164
345845530
799557399
829148984
339679732
930189189
208041274
469283110
696644969
123262085
677010592
21362147
821588821
759128575
967802949
55665984
929205921
479444701
346154656
479121723
260337099
552110908
978852763
751493722
875852141
500804017
580591614
888938544
19797828
433697651
582743181
776637917
748940037
583632732
538912011
395416815
457647893
945356454
742083805
18763450
344268839
860393623
667993020
358359358
958160203
516316516
418888495
253706918
371757101
664996879
225720356
748854721
468636781
485279616
498435727
408180286
287853685
341453631
314449351
293689516
321613570
469892908
457681061
505234045
295221735
303251734
418539880
958630817
614676316
717585539
617609506
985674567
553606050
60507242
259008522
976493779
876656154
679973710
79331187
490980893
747816684
857387683
809235515
625796696
131455352
499585076
960193778
807669884
750537999
671214543
193540755
729503612
928993838
670950273
582566480
112493453
12020878
735491715
929202847
262532726
450158488
204042552
388326706
525430618
76384731
352597005
597255808
684175295
603828815
859233419
337066989
152235217
294788101
111385514
142346560
622364545
999053561
380427322
481964825
807377647
819649431
337627555
526154811
118874191
806428063
869628149
662154971
483950987
41041268
346137946
845087951
128313114
768690624
925508390
935101687
862560580
678464325
342724938
25994325
584149424
583989910
672554396
875358904
184468938
877364114
783528690
355322916
327210137
860490549
144642399
650293579
31717535
965154570
431235087
179961512
125065975
987442621
364851947
829474054
762207877
156460358
389513334
401483693
552436952
827080672
908362555
981650476
487959895
265360124
321562870
212652523
994042500
541103126
677633386
36906875
29157397
504472756
715989253
375976267
808053226
7975549
824517785
510318297
192973250
826274632
899838699
655532958
573943230
989219196
153097927
399717341
610261326
308137118
4660386
55917781
710932860
315710420
569733286
727734658
870184754
2502048
506648429
82316907
881160421
434797999
789795144
249420091
872160266
429646469
772287441
756699114
209730876
712914686
511539078
20994115
895476138
629572623
147748595
454871561
309082428
556182201
405646584
665313832
427913699
182058603
286026446
675268217
78654747
855930090
816800966
812178199
421574048
628772123
412422580
196569144
73067924
547824616
587134876
763770282
151774426
410247718
167122638
737241534
365528039
347084417
969748326
685276364
734146353
801621223
248283829
443739736
147893118
137044701
116895826
345185789
587963494
853150569
762899777
718057425
915119384
93521448
177913409
812532200
243416229
464261248
640976486
777503761
951955103
259835048
313068547
408030793
777173333
419823346
965604135
459280527
861302221
324420411
509050835
597598991
461465651
458714063
27860662
306518240
693502856
344004781
313028637
500722275
206220959
934844966
332770049
225821621
683354642
389612857
677921460
712230830
840393960
723673323
258297939
358208551
18392196
351135370
469081922
549279185
681849287
34669154
373446021
859281183
883115471
902858077
853199999
285774337
852774128
755616798
43911303
193837203
132137753
684336174
275674783
587088841
423728023
374828247
568217990
363035137
196136883
724759875
742003296
245729750
33588294
574942203
347311300
612710691
174559762
272069902
923097747
190537550
858606594
629538927
676277097
322079581
935480686
679828110
409224831
604732000
704757272
361907075
156986736
812674039
729497362
340847759
836496813
958454145
964838665
445397826
68400589
527832482
715861526
827491305
637063903
518148838
467435630
713373061
827513683
505891465
928811918
990890686
646704541
125256617
204845222
580002245
940653687
798936424
398875763
299188067
292226273
981241659
618372348
712655957
33533677
82744904
780827445
693261192
968494208
199231698
14601502
748993491
969839521
93783606
809231212
345641634
212079720
536560723
483400338
159346084
250806238
12253313
899615380
629963386
850433367
15078362
835907442
201477703
106407340
194775332
631069305
502034230
670170687
81957849
340605514
494249112
991996841
396949305
902096909
743490045
596553917
971005449
533424020
409891346
52168971
668499141
907942952
413934465
102540523
949326568
351182130
731019334
444121905
511677498
294639392
429465528
75419575
886929593
675518526
572361018
67895409
570485382
63836959
84629384
609558886
404757872
733283496
44105746
560634713
943676048
66123144
936647249
783436671
176960097
293578138
972513525
758884499
854200399
470122082
105699156
781520189
253023285
499389115
196858126
814600091
255521356
394515160
962973544
56281525
142053849
139616498
266331558
492867541
250384176
518454016
610336268
99530396
943537321
800542224
228941913
865742538
148641282
670239058
349629203
988124361
562035995
637332940
217165543
245695233
986921057
925877881
844586674
958934383
491823995
126566098
369088349
484084767
833508825
241444369
702264195
648435069
828322800
791785926
56888981
661708915
101882335
886970018
232396650
365419756
174289787
283073226
173320997
879942519
917954277
246899234
224249076
404755342
202336537
496099589
150168245
722418280
683414257
6460003
358999670
23693449
857290500
594504280
413921907
347683812
872388562
172254456
424070359
159207409
50240602
97776190
671386408
664828298
765530822
530686635
69174298
256631613
600592095
631105615
675745979
549595996
223796770
212725644
944942195
30239085
480949383
761862372
472949461
453894819
118045324
473225325
919586548
543289768
327608921
557013754
171768799
998622677
764985259
29856988
313809396
740865067
173164274
113292037
451529142
892461239
596049794
715380769
927892633
723930425
293894907
537907487
445621029
472090421
806022351
820333667
652965560
360658046
479419757
909495605
920203016
976905796
342056835
262882462
71546511
641588455
318246175
953929235
338767390
881647131
329532699
948678627
636196378
937126632
637359635
125572379
173166577
229213158
667698136
984161222
430835818
599261273
425319256
619417493
543274580
250020879
273367728
775755666
600893243
109309597
525281558
101951256
195661862
973979318
529911669
745073243
447015917
622014150
941383208
930177882
49380529
420041109
256746694
523950059
308645302
799965928
960736586
429085704
166081919
940602378
766311900
775777751
758485968
433902468
75643364
53218834
437694755
835434057
716532672
224262428
859457827
530476799
539037923
938823431
221136805
529328336
600590242
229137992
885147128
342522494
94926453
710965192
703418998
82375309
658998483
826845973
865802329
920210781
652844588
954475614
456096667
251066722
813702957
509801223
213290113
887673631
211458385
610310581
91447729
241584543
651163496
343132806
458185159
931455250
603809417
180051828
2620711
19795084
789570523
58790075
324195650
27246716
749107945
104891332
376559809
382884241
125661571
744965238
661824900
195049758
975591468
937344819
360789698
675689150
143146639
741354753
390688021
867500465
388590077
363068196
342401583
943534127
896527961
670849904
844121852
574941515
397645473
233457337
16562672
417554173
550702253
964814995
474775266
156710205
629469153
348228985
978469142
412949229
642823577
792175962
285550678
852024647
264421201
623014673
91147692
210606834
905657587
687465520
365212379
168121968
341741049
370735164
743305754
60108786
889361662
626068965
125597476
342634515
793041831
975788746
274476115
838805632
645906010
629321937
534821407
985775675
464912556
622611706
506743991
800050110
622676671
725265571
950783904
909875565
479152708
11377224
190283411
2222213
984571053
65796904
203991035
970924288
657538356
883429717
56070581
368287320
477761861
93506115
740445554
906847637
678278591
885481991
839717426
840194061
907847674
798948391
238631129
27350096
870449456
558732489
85232856
90319337
186485317
562609230
463876085
366615212
546999167
330434777
839802226
218956805
608364204
654392133
694804502
583232717
309715560
87411687
162840503
404757362
424950297
465105339
773828609
498031214
786854500
792305348
83831383
179807801
524027003
249381474
442481238
42450298
788146823
992321961
729685933
172250682
512648698
830947849
62196522
86259740
787349826
318149737
792598404
398219936
121901969
622065278
465728757
617307428
749380031
595702677
193926317
399484171
441827857
572634061
987096361
664451609
944246162
785715588
374139498
874143073
263844590
932248804
266134857
194659975
913506771
402587467
26148552
222445673
114750660
38537107
527976999
559039167
819097057
256999372
344503739
837830589
275730515
297301673
169259414
504335467
673252847
217609514
881691780
509678443
248248465
735762487
859749041
834626095
827763840
996572392
660904854
415497742
831407658
374121750
87291445
111662451
832807045
140908731
903379673
562337993
290667613
211065391
708691559
473968328
189737290
761405369
581558667
876086092
984113709
41449626
138451766
549749100
813805358
380751595
293090557
733831566
394453646
347325743
523122662
283543036
810512089
997789424
516076410
54287502
938214854
298356582
645251448
247073977
657698699
921084242
91644420
459060561
235484171
183546700
154505323
578157892
273182086
566532775
872798017
796240144
865054577
488499612
696735889
82564607
673408707
939909459
992486290
389772700
182087087
81340526
682568086
655508140
379262825
923670425
48474411
997425431
424489895
909430183
431926860
29749297
82806716
139205528
506594254
275480871
94656686
902228579
967448763
648574772
334578794
103558488
468365146
826993608
741210191
48174308
775142395
227235764
175288359
307214026
930108626
372211033
494328789
163785779
808115611
882834265
315360186
664325831
459782954
783758516
551633875
418505777
591823515
690669003
280341422
582194904
46388460
658611447
327955651
404528805
617531209
256443502
632302366
911068288
638307010
541792548
150821617
55544067
384990219
245912762
549206192
757638659
292605109
641966657
891120098
244757378
4836297
212961377
915663925
682183955
307933311
460912379
905014701
504765911
94705153
788400525
660018765
796728027
376642615
215539640
832182879
452333956
424714503
898687311
923406260
244655949
924469952
728779867
669806020
819841528
64866176
929879554
125075914
17485033
214992031
6314898
800984908
400920574
698127208
963143918
68491449
641344824
255382893
803188915
599646978
251429258
264083357
497632849
332471766
319374739
720955609
380073840
600484033
420907804
941325906
477303929
778899648
585466078
470666137
814564010
529354584
565255476
88262543
553213345
871492342
7793776
560728786
596030278
691352525
950922422
798924471
787377469
639306708
939936968
149184571
954713296
240524121
584915829
856876793
488578125
946310747
700508306
888131628
439561589
327999527
176273521
56241388
507100130
856945266
969651076
801669760
964570605
200732813
937107688
194979212
989482252
454764837
612971289
179710716
198103003
973462194
384282807
454063420
11821057
930138419
997192186
694296726
233049283
307200586
540953896
785660142
739248590
379014904
816282791
288783839
597120860
312430387
94655072
991000238
537607726
379339035
716750745
445322027
858884392
481710275
897977133
349422062
582617788
544687716
420502248
736841092
872739662
392283227
23218085
123014803
795625664
826676960
952277866
956288115
9270468
917026419
569854688
279263885
54013166
395511927
504962067
568638240
110681926
524185148
770896362
53607392
858603757
857693466
738191479
726024901
100048376
864751119
72863849
987517003
834764873
65245500
47450484
6486576
850735988
690243424
806166954
793064682
93495383
329017568
827958344
913371252
653339081
699354564
269440215
775116287
916858263
210702597
713102482
800352694
550588108
532741225
201626049
468764602
420222664
917381614
474155
300065010
480409526
58365640
630451737
708089644
128182466
160337183
471256720
333441058
507698543
847943959
963690618
524046135
193588377
150768399
290492684
43759225
386258351
774040284
298573839
385666964
944172776
57507954
318294409
760986627
532469040
821508525
110138803
735078290
869800102
977561773
951029096
224248146
599873825
773626992
954422156
201346093
462322331
22077889
430073166
321554494
383168834
997077690
277303997
780533395
745140782
282258610
40345791
671327417
25225790
682247374
347972843
991942808
615263412
866207387
486162249
448446899
32631864
582204645
421470386
876097253
425358463
211475632
45710122
707648834
988893459
226482084
104173886
435543973
985549046
684309316
685362109
924901371
644614511
547411981
138793554
118036159
738577841
39532807
738540419
101471559
542313831
192345452
357920065
5957749
368792050
90021610
387546426
851773521
932009699
177724016
997892930
890868129
457521422
507862492
409518727
869152274
280679729
122921455
80765237
474273153
881639455
981541468
102121543
84995754
304676661
897295133
660236844
526692109
973875916
375636887
999530788
12702420
896750594
541469488
72030981
41836262
366273158
606526955
915496272
125219928
720633452
530017565
28504866
476115446
398032794
856898837
90663035
287458673
232657030
926364402
439226090
180784004
273109763
239955831
680556926
851622736
37611506
707239945
539790501
682293495
887703273
847488922
740817876
55356098
240889582
653759525
799681241
128426110
792594565
882865192
4982165
863088181
959051440
942301071
758894003
850171020
213463270
140377244
164442140
52022557
38625635
74704213
598826046
278579919
451430744
895752547
489994619
912818454
455755006
618740197
486886398
355018438
22139795
878790838
876416084
345765024
225381211
666419902
446867149
198924925
729282700
353958123
748351790
372186679
886018579
36543049
44803330
187735768
912196871
729556519
673791305
934308501
160528087
340598385
147179725
813703911
948348298
131224730
107811867
101900060
543454052
744461483
538175491
684743427
183031689
648114711
542934782
261315895
461051512
65484054
402548604
376687416
222034099
145483546
960053075
969036973
273950961
455375159
661876411
186727321
495708738
801450797
257479912
676912646
810776137
852071353
353526568
28563092
841945258
392049792
519701865
393031459
165681232
69536873
266163805
598644388
889499933
847480593
892493803
525182318
933937743
491238087
489007284
614633713
667683389
131272523
684198351
839591341
995567134
533371809
170344951
491114714
881903538
398092314
847804215
251534468
113853409
615142776
599112942
16347717
398316802
260752783
722559675
971486594
705502165
111158417
44728943
947373281
197423913
846493834
725323253
335956291
517128421
427012843
488578105
319566455
461282354
658456895
697182598
211095541
803995937
726129612
497543226
148506878
14448351
393857312
944710873
562037576
85823051
243596158
145132210
260400366
450757680
338361894
994895102
991853736
95260025
606297830
897374232
467010061
290011573
779904236
275357348
167575634
160212766
895622676
919356950
374508642
618365412
166402164
472167496
957845339
474696745
483847010
16147386
827357851
904473308
68487260
962731249
248147808
371886176
676651327
959846805
144851045
559405331
902220285
701104869
921368394
770115001
706166875
892923474
399696733
231984884
50951559
235198119
139954219
174210760
234282771
75107997
78000091
258830469
232675170
788955815
437725782
102900484
508210415
370249226
456410595
463225764
472436622
541342125
26661315
744826685
316294617
814695686
635611742
535440210
521662983
746181508
677150303
241440650
359181373
171866165
589342969
265550838
383714261
793699649
37891276
554182429
67849572
767826834
114139782
871907482
529945718
965764267
110742169
170060067
459636652
184200594
667477861
538724825
929759800
89118369
113867381
945781513
539337352
303538350
406324779
219523969
414089570
233138612
330994779
142176701
469911096
774423524
469857576
851648372
340140586
292040497
938403060
764694460
833218960
220919559
842711617
592313069
394571607
983429999
205749238
385019300
427217168
314117307
194844129
597215428
550551080
309586329
821958342
561043085
933304227
344433321
503659533
265695477
188972903
807169860
442458186
628768997
412278272
780537095
320554156
371910898
799244440
624452101
637130058
553745949
237635180
751238915
677389843
546235369
925279244
820033355
628576094
154427564
912033538
714108200
173079685
37860400
7357796
630117503
678469999
748590948
646668110
218017300
227507713
374562437
289940212
971106876
142788594
410997750
856375870
673638293
793918469
723957324
599446785
41034946
508168854
839385696
412623884
848605142
798526519
790380051
228746077
941619063
999229469
340433042
213480960
218655758
887583208
717455837
541033787
501033474
714909797
204149966
490200073
648895648
729900297
414881586
64706134
823107278
275437977
733613232
294562116
212179264
34962248
765169381
649094605
754653337
808899180
580588118
80290246
654418471
931218813
86495244
745433182
361030734
589770737
462709785
299124915
166903138
978118318
447297713
294635662
973180662
911375692
221948934
828627412
911476428
30864879
768832870
285145081
441822676
487502797
561769866
951341316
152121227
536620398
161764901
116207291
524063855
453602892
164463109
657627866
311362292
916528794
906158835
331392086
266711939
223127421
256436062
450891390
565716265
317870087
977106746
316551281
143258584
967396928
774009866
702223754
781490260
48702946
119489043
337352111
401079595
596917698
588061371
702183067
53558489
249693568
142605324
386129027
637136820
736958240
915471421
32411530
786449220
784839473
289746814
382118292
423842461
392705840
641687702
171561152
346069452
913313043
286016140
313064306
135984697
862004758
280073811
866647136
493054776
262382435
749115502
760464836
787472631
467171257
925620897
112631443
249707390
31002215
12131294
989492869
38090482
876378156
488266240
544245915
940824922
911223711
974845253
814542767
519539979
396732158
568270339
458695682
105898083
945002909
471598545
580448819
518725283
897768230
144041072
555337755
173506414
197709296
479061159
232368384
147746199
200988575
13201765
638483062
579200246
678437771
80721717
321579139
606539514
709220465
531500304
377408023
736563661
96336128
73482884
985341560
75925612
299463037
699017282
698636073
66443018
885902799
234279743
32331126
919099937
765114496
318761625
282203638
903991824
297818449
262987976
526399750
840130532
407500611
526716821
639089684
689173593
551258170
810001627
556195470
110681947
51793042
440060067
703777440
448971724
755258544
167023259
93517720
952321198
539268903
120855525
899295627
117400198
67779398
481617420
368252578
18461688
416675688
824424712
567447106
513654121
137270111
373208668
273081842
85633691
817214709
25338257
286255779
827553817
79494568
283732577
224490273
972049640
175357828
251824015
511781806
28101482
310408093
935178057
571914945
850327906
471029980
813791018
157922188
703826865
264482321
466242528
666485362
724373371
348253778
771850043
958435234
87732828
673002466
790223111
204942169
718935402
216657005
436576941
114110220
823454
628396411
791832232
568344487
161655536
100965150
730454947
193702878
979170357
182425567
784217965
237310062
630153854
357966976
276622009
631471677
399281996
370377149
298793962
637147885
605414717
891567797
895415938
186547433
252701004
687690278
920224416
242906319
916247408
194359590
608456526
932560391
562328014
683424329
553163757
195215328
571702205
87456632
913738741
176800622
250501596
288167256
943774343
771084353
547641594
629787092
45760144
623167639
43411458
622177223
727255940
813370605
687660661
484125728
330550999
511553408
853603822
269893765
662989541
892464197
837028829
635624376
972339911
206274709
916934592
788877127
975666978
107705760
559669630
22888548
514911929
306654059
331415519
271981869
841000871
561344369
432133220
685318076
960893843
387298513
604703334
970865508
77749177
392149259
217288817
562943359
304183532
467450456
822678332
599325343
279001833
88408398
115918380
439376703
638282214
89046239
498616493
991341058
849104460
392680400
687954449
54900241
22658272
471096256
701873414
670322305
852088538
250734139
26934062
849303412
976839153
329578507
199636431
148102726
932421161
568894926
174920339
634335283
978877914
881193367
986173211
20808214
298854575
450133509
267243945
109750432
804842718
945480282
817577980
767383676
520687507
662863952
175717758
431280522
238606197
822498470
524259626
351506576
520501390
933043623
106809257
557793317
269840493
35316420
141161256
361018626
231661010
922394671
998320343
755520842
925573681
761698194
348140560
109180280
508383556
320930679
198949887
957384410
587621320
548842838
87517780
393167022
262197865
478604350
918165036
30565523
788880390
133492242
55020383
673707528
676270353
370435431
518811538
923121623
397124633
278697715
955111247
767907215
598236163
84712213
833046579
151342401
193121636
795939900
849406072
886139441
958447230
340342842
640626614
327123524
369534716
544367209
635710259
497328518
701454463
185431323
100606557
436782622
656695828
316406684
733061425
965856644
1014940
857551057
822173787
799752838
290944185
805889431
968853851
174299840
205601904
644118873
534748416
434330836
344530820
960701128
764712126
116908372
872533585
856473935
46815394
777685149
395836824
740157900
475514587
690643782
960087241
983336100
816080015
334185449
85755760
123357692
292767915
235213739
4609447
217325448
807645209
526676987
316085010
234146533
482375028
925909250
73786425
788039690
361850892
924328181
278387842
76281714
505203120
914840841
407836759
125439574
994296121
609817866
95606200
306299790
142179790
945307771
356931727
120139381
130345513
755834535
100308955
753880534
960540442
836443285
995429939
789735132
273348873
491912979
828370322
894601398
778403067
290457811
849627196
927080505
961417353
587857380
527954309
975675312
280964785
245574786
956000999
192681104
42119562
796498622
28425077
815163744
387615953
321751872
505282593
271502368
845276863
416234413
17149555
31889492
294986418
152763395
522507383
646231026
483486549
288953238
559566772
536765443
805601044
640899198
795023089
315890993
149522896
483205488
291634446
70226729
635702888
181019973
454864719
761272967
606886609
413268586
880619878
886123731
225264638
301236852
55639487
744797835
928369948
355828182
865810815
119169616
150905227
830789912
125015260
954037549
698144381
767236913
383618036
835391686
892506136
552857551
129478343
205846597
426362389
696117203
712034758
142579753
913204606
347924417
462158499
969494944
701113829
4790905
109595575
341092889
110691801
894677764
444854625
187409480
554814015
330398673
589885053
808511753
614618205
379171653
262657767
357530832
771146370
7590080
864795041
315372696
435178271
76393129
517277151
681958447
554362674
515852545
714105035
406826416
753750922
136069261
812581496
35366337
558712323
702294381
432026274
398890937
779303525
765696520
728146502
87729553
510681590
250304975
895462456
561447923
774287797
983290023
196667145
258218167
350436440
828284473
891188092
254011351
171261460
310599033
585236284
185941260
53148295
584888706
414757608
220340556
515985767
243260462
368794293
732546826
351969975
177693015
445890189
910812373
17981683
146019556
246578080
412917476
309786880
508168129
541362403
46000045
183338560
173050082
197955451
952482152
436411220
655818025
485025357
559735785
359816857
836507069
506020443
541450926
336766260
809665249
736093508
67024566
222240863
936906439
665506067
126504317
186828100
352679651
29225514
528549266
99466651
869673578
934713926
589472194
677354350
280204024
623982171
81885479
915280302
590818486
245867759
860375255
724128300
354136759
162287963
286483411
984876392
212058498
682148968
916104287
117333921
517558224
324120660
247647982
445111268
14444683
309607822
947614718
621423168
505946412
441428242
178791090
147323573
767570208
42515886
300700744
297237063
130078921
848824253
266638719
403368261
626942281
151940175
797370865
475416739
297605175
549121712
136190628
525667679
320576381
906276899
795080556
990595755
374239469
575103751
56957923
361261778
737000192
524272188
499084400
974169571
330927227
37726427
256395075
410675216
319598275
634613744
161802156
280965495
891358825
140727472
152948619
722122421
492261416
773451824
195205260
893794755
189209209
527007567
249733506
902373044
368527979
489864138
686076728
459585941
871277137
312297009
696602067
389851891
425957015
514687678
929215110
747131782
881714273
930076734
889903325
896613971
872877416
34701651
123825748
129419873
67350254
149292022
303191704
210014781
726876489
263430864
544969363
881479702
351378757
106270937
568936418
934526041
925062182
27721308
780002805
8691432
262329797
668385957
642032382
291050813
720989242
460744202
902279496
961040698
91354428
54344901
36002014
70151143
87985582
920514524
450954464
179860937
303047501
384032972
890618408
588410517
894121955
975876622
639919474
249477198
183013013
414529480
645427327
67653034
907835635
201583267
616476245
931916482
542420429
455238374
627500048
737755962
340257822
908367772
365216434
510649018
379048983
136146484
651280004
641762586
701395167
963728171
579459592
859752838
587116418
852822828
177028307
500049893
43251978
633781893
979126009
509359480
2325187
447590142
298992324
362899195
439260766
486642763
554990828
83002195
199677666
209455596
610756501
738583254
894724313
555911715
198619212
673453138
823983707
259380816
742986407
255825488
395337065
401427683
246731591
840053593
163528336
653786138
408339388
98310784
573939579
966113591
149492019
612906436
756477866
198578699
400492038
192533732
41451196
941781502
751773787
747525859
946686490
698825097
461101413
227565047
123955512
761231292
89483639
741889033
828535542
165597306
933224260
300131818
890189342
737613182
179516011
483355033
988601450
29666036
491026237
346617788
526402423
838247535
637893306
558986043
539985435
633489615
783497419
166505879
720703160
748290394
97466323
489404191
919816058
95123174
833097291
881830194
473154418
771420395
813236392
677026582
602364304
467238531
690063970
446347386
992486871
794366823
106927055
280015431
273134944
476368773
113424470
602835938
595890955
535162333
699279992
930932213
271835656
249736787
743292614
676843615
36908327
15301863
858395166
93459146
611625553
163537312
216065273
782250979
177180789
334749897
525453505
888172497
257648734
998009763
85091203
816542670
477142836
781206430
753537200
28833900
500618857
680898241
365444762
30945413
353176705
333315040
829859856
949528849
502002853
585927812
154468013
416772865
623786893
203027721
783464945
433843861
751921784
313781486
77582694
645045163
598716947
650036391
35994236
401044514
469432820
888503947
499399354
377696218
544845411
502192380
677588157
954207894
444860241
238002168
466709918
664189126
263051510
474777787
490773501
280350548
973785679
753439729
590215861
62854941
27362992
653586030
955268225
361183487
503923577
72588763
649282558
903235765
914496013
191794581
444801212
947691198
854969640
18294906
40432764
455779005
528232106
922197775
462377289
115437948
47555307
325098683
189044241
937666147
938169396
705051701
419099463
23142203
764982026
448309154
238930891
787104022
337267625
742526115
631560446
821560040
171130130
530718303
166343007
498291376
470508880
111109670
875028823
401629267
465804409
739257523
234461234
326603449
305914086
21088284
411788449
710174148
773286267
758452110
882027282
611889626
585670042
556585506
998656118
709680322
889668596
365182717
452943068
340616795
943231061
837112951
638657247
928337521
687981675
240130334
208925092
882570135
904123322
867879099
593679359
363138215
313859316
401667645
357023898
411589863
919691088
208122328
343155834
992578075
382746476
589013887
38851891
19397005
452065699
965635152
935427173
306829425
786793002
658864101
907850051
571426085
951689477
993972331
357076460
509494550
391969820
744615081
309796253
475267332
608478481
361173761
115674640
930987337
663243729
12821184
36248366
333956930
209618696
240780537
730214623
481487026
700997097
286555123
15513880
745328395
129708101
818016
391841423
377070735
966073532
768678317
526750726
626232293
530549263
972865583
46490376
299176699
630693374
203473269
299087143
895407269
612377551
363844180
699412402
263236776
597391380
889609080
898099149
540425306
498991567
526574918
344088428
261653287
286696118
918091324
268934246
351772573
367705431
403541859
713376540
507570040
813690957
292652600
187893583
911244664
847481973
263425280
309728699
943429229
346969910
659470271
478420501
126097879
259844764
367635592
813819588
656832940
370738398
687162915
104636892
603697115
397884598
922483674
70505871
710084945
1522640
183344657
126432536
228644845
159220676
209419408
216673890
560825780
954759611
333944662
25471794
502016099
549911631
422654975
797673019
114431058
222247456
328065242
54045092
710070757
696485815
145269712
319907654
186212348
850522239
533855021
644209470
886339617
405552188
711601291
950161492
461909671
980551746
835879747
832101239
334952066
134645319
783437173
507672231
112096165
276018700
403637588
73950047
953220313
750157757
440210200
263086538
428576991
647798663
708241901
614045865
246799779
523710600
498801509
739690675
30886775
587952754
804511535
623036882
96030361
476348739
774348217
967004508
974436320
902322121
576003755
704305139
129631767
346906200
718517149
909852352
675339401
582522575
821638606
973484391
706930956
29515646
883245944
473744381
913911606
798823513
778020035
220285031
373429523
590298115
575936994
2805820
390663618
563393115
169139720
377006731
214473991
216584167
546649803
711765861
946681368
795170089
421181700
852061124
13338125
160670212
831895173
965927114
435410538
998525661
973448738
330718813
553042715
633117741
120597088
930005560
773103048
218050199
985901663
31213503
66304744
550332414
759744510
722365463
894366153
485150807
16028115
986632768
367596590
191557816
990623726
825499370
64838004
40745092
363564731
459270509
384655198
420296359
941844694
764013547
980716575
726274316
298937837
607104318
73947901
348831085
506637841
383606711
731256629
2339188
787350224
682499834
291442187
221834968
358273315
909784929
401151385
515711209
875844849
974494439
806095192
72116203
475111687
606285613
720016682
325597331
899050937
371462592
423187652
850193627
309061946
179773273
224369
274193006
544792150
289474175
36575087
803670933
422489690
756400367
743461478
202456107
815431878
380194386
15919776
145879849
161897426
744420923
886860627
998929861
154317751
453046249
994191666
81934709
473519303
810966052
972061128
127586883
185653235
695438686
832699022
886065179
301308436
809382296
589780215
640064872
658032055
414916450
167036174
477629852
525146585
401461333
199469289
255388377
907803525
739767764
175128511
875916952
361643307
499731742
721268218
978412332
255124252
697073493
741774799
35002433
773160861
927252417
649417018
170355765
491848905
859886552
688759481
34550373
125879936
80924205
449774354
37129091
271779157
320680181
107262884
565165035
567250491
97507482
140216297
246429120
686011560
395567333
928089025
425430570
433146624
484774942
816433934
402352922
128382556
197343105
277826492
486236606
973905340
59375974
232906654
985966904
344475440
974262489
21533056
849381823
301981488
370582558
27684945
182333220
416141478
985252263
309319202
764517874
810242864
148865096
543809931
861242902
20093244
757494400
714223374
454858010
71418881
473522761
914919140
818401764
385665688
514426167
942127799
501124421
801643941
81916927
393970608
195253368
477607549
992647811
890173337
97715796
16122698
851188232
983038927
684777895
107448007
579125101
254803122
692624298
215291177
533673888
282697285
70907899
509807064
250535183
915405806
212176339
958214748
167951625
560328195
461342248
753422877
637697628
284719423
786738863
788939597
369139002
74145803
593111185
312723750
675605941
671824513
368537704
971734336
594368353
393026288
168279154
240325016
180757861
395610164
773567800
47973216
445578605
415495981
529284426
242533051
699020949
97200711
41377902
79480307
400250682
525641694
833765415
742785248
677313367
822536953
405429587
992201990
116275151
754422336
754810932
475106884
531886453
22893831
413270305
109729566
669065890
776934360
269946051
419404678
473703035
458913673
409099081
907157715
583780080
421268020
22567246
172333051
266124662
251412218
870679400
959332132
920072467
492845528
733203555
136404146
733903519
143123143
342348050
907948565
635138450
472100174
991218154
764894184
492287625
412374051
55153007
768227356
336309123
773462238
181811274
265436711
393571395
539276919
514631751
153917220
136395520
301389046
615367937
419686511
426634386
382624469
551581431
309630311
23763391
630080770
924400792
423467849
656355799
447489373
419504846
443587
705107700
654103570
817998714
534051985
800341628
983591965
213709105
751640557
769816116
92745176
146701038
176161853
579852030
663579449
856613316
694219
875070234
604565822
991294594
552788883
888531467
785545472
501685484
994336386
858933684
475832526
72616164
101326604
584543948
268233349
358010216
87504878
682420867
152595882
15532546
492082321
65154290
198970165
191132266
54028639
665702563
394048644
990621049
383158933
135061033
293929025
235062792
914932022
27875582
96837517
191694092
437871520
877208040
550312414
94424878
922688469
266511832
419781265
545850158
787444883
205954249
181243929
833082858
927593977
801375154
195769479
94743147
414122434
646395444
955888343
50786478
319599667
727202357
530776271
211250152
723635677
985046608
746819687
176304975
516382116
482972606
847985278
70456561
250831722
622668755
142578084
138709602
205630019
879083857
559260397
887285548
19320980
351697173
555645702
808596237
880845788
736011775
319746590
949512523
687598922
322258777
10918690
899597832
273227089
492208842
100354750
821284849
879046194
180551150
816047474
132808874
785983902
57824779
528829860
461521966
591880129
62587816
668508164
493374687
244772270
478751979
959347945
627508048
704984753
440336145
642366843
536820323
363494715
551209664
522261608
615503029
109518296
100069433
698267653
420860109
903705890
242426428
32620520
148953940
149484084
145961807
265491299
48925687
831020782
485427656
396067695
507188446
66893060
439763042
247534784
135235999
903198632
579587962
918882747
728065643
248061137
602560646
368954174
232790473
190287478
656338858
486233510
643633077
238187977
417896568
135704947
424181887
257364140
339546449
297674271
433342003
686657785
863205622
80093081
42654435
979672798
128877703
910014937
241960247
366875847
184072537
579312892
600798732
758961089
771815234
422624103
78307021
333059088
117440854
343339160
859812497
968426677
255030336
703715463
65433506
651319018
110947737
200428781
548615331
707698051
720454261
458436337
218004396
873971283
467271094
791233894
361718782
489837109
337084195
50901326
258175325
514869226
831886127
559947766
841938765
362161581
491855235
905320772
904075196
708358141
185473787
701185914
515046659
825128514
304788558
510720394
301358165
501868537
247879663
347427504
311602959
988956454
968612316
125280139
805870906
920985302
875469763
967100969
167935043
890161508
268110048
142827366
359505709
329056903
829738827
360337534
871485770
773506034
625025305
134604523
973927992
115622014
468748377
221188340
558460177
390779640
542935650
588099982
236826509
519897689
406154439
202463165
443729226
700647463
101382391
693033458
154367475
32710500
414595755
805012109
950462354
946940728
854163421
771331821
161269061
187315336
889042569
990727963
827782544
205607679
849275496
514434938
93773132
477357182
138901156
845344448
306783735
685739065
571320828
458190686
264741585
350273192
922215737
821012583
107854345
351797178
751481602
713038661
37505118
334206118
575933147
836418544
645104692
376587097
773044429
590447087
223832178
217209333
77349889
471387628
685906195
209518818
749398925
48723561
50739441
402057297
617039986
980520186
757735289
718125347
193755602
735633201
27221297
247682651
448476306
506893470
996196717
674103677
587567750
440522693
66468831
407409542
397519228
280499629
837415512
551124201
79917053
745069253
460941049
410130597
993201968
423296176
246475363
90323748
603343453
495155316
443312110
427150027
915161359
584457411
437089534
710911388
565205509
526479363
925929062
36812118
747056011
38958927
308005735
159429224
410162012
224337800
921892097
522100178
456689553
238939552
929988041
600549646
184294003
714388936
107255205
41418732
821956111
250301136
402469622
744822888
115038556
993826240
278093508
498146718
677973182
644032160
57780766
911840470
85933834
97626373
616828421
239872879
706560810
149090988
196404739
636280530
570611953
918639481
283017126
670413802
206506554
705668557
199835864
376839858
648916625
115045689
5271586
338333946
735553648
530064933
283745866
912623021
411804052
809927972
178049801
950345219
351833767
473542686
907226911
81493808
76077205
9582092
562837699
401632791
811148678
434603738
662354893
358962336
473516774
135543989
148920057
428681139
729076402
623411612
161753492
42801760
904744565
294213446
514282953
136832144
379009316
248405052
126788893
167167917
890753065
588036601
179877053
472613645
180220079
672643086
874236730
4302496
720415518
585108536
704794608
206409345
36281048
132445290
678706474
690692781
319027450
887197608
324496573
351401498
234549943
425750291
120424045
985124571
456217022
345800626
790616048
942513048
904035409
198196384
96473410
202260956
701698093
857277853
791787734
621618331
747102458
960542703
83999374
911702892
688713540
539666370
116584812
811299587
271480579
442851222
276509981
295325873
827083816
64994600
44779558
664392758
740487548
351095162
540629048
454763722
418429699
827875486
772261635
919094981
608079923
670743755
256759935
997534442
386653089
921560212
700824586
583378200
761693957
59404138
314738529
743189128
530212330
37493020
730905767
120027575
610533433
638819884
420657500
583588352
141226655
930768747
370894440
225407486
862512939
714390606
789916927
184007174
794138384
728601168
114385845
621382997
38715541
690301126
778167926
842622080
387960587
680246407
154254073
317364080
72772471
314986576
940845114
125726994
667904284
471168256
391509871
321639289
584635917
24874474
535488983
454063081
303336593
242579659
494830085
462962166
771953669
859066491
681948846
545407363
466040783
313171076
983201343
774616363
749975695
205549909
695374848
159164575
706159014
999318888
719607162
958736871
84956299
367699109
40509256
705909220
689136454
504920441
664029994
517131029
982434983
359828931
597066179
346576933
860142897
37888866
508172401
660375641
643993249
337783507
510531801
101959638
378546335
324071392
400489702
674272306
156397806
253092310
564953768
406442564
206126427
666119639
149401313
771198241
846326466
373433916
551787712
149418425
686239990
730987961
29253227
724887926
966182517
756625912
142829365
168681478
201528006
676502770
201908808
95419415
29560246
71432760
89622195
866509503
56114970
648809142
983235461
742038917
465563170
461418749
368655005
350085994
25350548
187028869
432775897
232091385
578908822
48113675
816620967
409922038
869106512
371333090
543494310
480614848
791625184
24292074
772762145
869558610
837400735
699246720
261224334
496117140
841675018
134115904
241902571
209544960
214718027
710280901
122799435
307028413
32982801
264997283
802196274
946660162
167019858
265817625
637266558
938972489
172678283
99229832
377830865
67013768
820910891
381616719
942868043
946342605
776644707
485273769
247052519
425836265
472101261
86973668
229478277
902055972
583957047
472152162
830988001
646561411
719782168
36670959
357375107
884124209
361999778
370476950
928330968
845636714
64128009
175436448
517478871
675142568
776148936
319756569
725950750
558572526
786885911
242964808
739333838
908916844
915459599
610548876
552291213
534934527
830636674
901671597
259496472
737960325
52355503
74555852
49562818
781373514
322565142
617038082
349984336
471404739
670919333
794213480
131957114
611326781
955460490
411134747
601963453
556963642
968795851
815058850
856442234
539977802
541074460
661404374
422884174
977763334
97313842
267192655
596297696
425720846
272489719
562144702
242121816
677388480
390288338
364929123
452030671
454570045
689686531
602330448
507259501
777841525
854153766
122711225
366412755
865472813
201020462
911753806
59416416
722680323
408132973
619236980
796886286
797346142
784807131
672184439
621454573
283195767
904460665
196771134
335110553
591369924
798887506
528302174
815516452
288544592
722276165
454373272
968178178
69448066
195214870
844125514
132213458
854782872
924402363
668781218
504212399
71041130
909812015
624404290
611558420
599366156
735291593
582237901
334678245
125735323
442643254
698274905
674094413
939535482
536025208
679446731
646488542
301546770
421428391
4035674
587832099
710182690
627199408
524964370
887655485
173182413
879908741
868834398
172836275
543901549
660622789
906446788
277535717
322700149
695603623
124348872
611580656
916681987
828531325
156423462
338228756
178112533
162209427
695444995
156322125
430171769
950584938
56588555
8354238
363981346
573902899
351168330
516994909
369073657
722126715
764204856
372300853
417192347
497574479
205164254
404034908
119726777
514422891
749276452
929285144
827017405
852150913
395893141
496086870
108720632
94935890
582619139
905417711
842357885
641901003
733280910
104832337
422077371
46102505
371135014
661603323
830032575
670624035
63830646
708308189
53533744
378085647
838954824
904317197
799060679
768353158
3960552
894337810
450911569
853587215
263000593
869372802
640264188
885969607
997562757
143858170
751913408
453675252
241857961
83630526
192076800
309291954
949349863
447370448
19058524
557723493
515655001
851244834
418251136
283282854
184570736
449367697
980325463
143801486
829667649
236771072
830501167
830860236
634308862
869511389
984021683
627042000
783774159
481336290
860551686
496745253
320373481
277488513
584378277
792806970
639509413
497701296
818641813
211101278
824810840
751573946
285857203
269333565
291361504
973048207
889720306
711489990
149440182
638464633
440949774
17873619
768508450
414353224
324512178
919378867
385980679
82861701
348871532
620819639
633485806
1565837
859287294
33880175
844198813
234507654
531656762
236890466
913217055
119802629
139468061
3327700
541084031
981642688
259034873
493972927
670244092
587739106
497050941
879546106
640205566
879145193
486192920
464266757
371954794
510390443
838830112
675443215
560170819
139217891
340567059
46918596
291158088
624573779
178386407
188506502
418536574
122280347
176181981
469779196
364856974
16054815
148029441
601698324
37880950
274994710
410120566
637972144
248694355
988604017
261746013
73188866
441909998
399429505
697933453
381979088
848900859
329377369
237637807
721034479
633452219
13230325
271303610
113982337
321921837
504961453
91837287
821870516
51822548
742402246
504305819
945240153
251524344
828544248
553698216
380516585
869813159
835079540
949867183
53994880
781724589
132458687
850642896
814451369
241076534
500223173
981309075
385714826
45199691
132684136
346763538
507315607
955467071
806733588
133865973
132580178
756970639
4185430
713255864
971997097
116974255
294525069
565990305
373203089
377922619
118797834
309777720
551820328
657308928
962472468
499951017
884605338
896407333
184783094
679551495
913813116
504495383
794859835
557684088
435292823
689252147
548479043
657343926
529792944
177504225
951954210
351717306
980611594
570431200
749410866
603620433
202356802
149728036
665972222
587165733
527001104
503880588
461182550
171438188
500564208
426706607
335417148
605011781
670484049
44913943
16678228
178045662
262939210
247981303
78039873
111870869
195442557
908544595
439970197
359833518
893827429
893236910
222220633
485328710
425694888
757997960
527009231
486708253
389207848
938383823
375223571
868376735
898524762
716609894
703099998
530308499
431098328
23516556
183588497
591336088
571327822
542499292
480182960
439402196
521656528
567058906
751311858
398345056
79444556
563438861
349331174
469413566
632729086
598704522
923012200
580075434
682317074
92856365
149925061
735324053
722242253
488684767
674960941
472934962
442610260
564028196
851951962
682160055
186734706
813553814
10390271
364874078
135629516
669024363
705571497
812465278
79675292
608429501
874170700
741697911
391965154
976424871
584244214
933169175
969012608
589498087
103996372
280288760
70338288
817387220
424749769
815632537
283535050
727532908
455263770
842839675
685641839
384782586
590204383
44703350
829584838
833322808
749278450
504846589
205963658
90725208
244186025
894489525
597922145
243495711
190164984
56782725
798441724
200449532
111591728
412641604
760175465
36338435
630506516
680456924
267796108
703066180
484835356
864141346
561537517
923317744
97051296
316370845
398233747
50075106
405164862
587255862
879658869
118945062
404636458
866461455
778868906
270377258
439225645
876063792
888775418
400816533
636572898
873532490
489153529
5464881
149393224
720019162
73502699
447930046
909530653
237464066
503220107
786408700
417402726
876765472
384815612
506085979
876340180
795914074
81802734
513871869
503707376
127045975
574296217
902261708
723806664
704269251
659711494
318569182
566011121
924811440
2718684
596604576
321388855
653138832
296129275
733049171
450044660
787558157
739973138
562958524
725416756
788393957
665528088
241947868
173313052
84411847
805328511
455256098
111121393
295175330
552762444
309953457
835022297
653615345
298474174
449262211
898000151
139736010
447330702
297393858
488738709
300633626
120213547
115378742
955990951
605306703
516621473
975682297
288916286
664519065
108354671
92373550
743087605
744247075
961717369
676900399
871904459
796829723
556349269
935215897
986875348
684260505
339684631
286162811
991901307
442502271
45736293
301799145
796056119
642408438
919230462
526839539
75113158
68742603
110964616
910401310
968754689
591896910
47173483
241643885
608343420
732733344
918160045
120525799
195989164
231895561
49248451
374868043
695137217
211831373
721811642
812564208
838619679
817582296
906901385
821069130
987018823
801506788
187742653
980117906
975941168
999900191
979260835
864036751
854191602
34192078
884993948
668187808
473037107
279937982
207647078
465116078
105739674
993387866
571330208
163298765
384531574
252743121
804726551
389056694
369620801
858584924
164740375
271439007
576328876
263310998
707043990
921660985
32290015
89791195
476460403
97687855
216152091
433807305
628387157
873395962
838090703
421891234
943506006
717458455
520579457
619307521
87215034
747316995
942568684
798564605
5187532
892638688
251832928
859689491
550985117
319771752
80785899
134552878
534830091
165529773
347942882
598506436
816057891
29231154
910983136
481377486
457048504
109815057
5674740
450294603
180632333
838475049
809336825
269639009
625603473
633943122
31498394
126648560
990223780
179196377
868700317
563765913
371389625
96515809
154171874
806972349
540090183
853463207
575137016
967045454
239012421
258120174
200816455
920685975
485975609
34026517
713436393
862858105
240552133
217164029
670580461
579294310
447240775
894879879
368399814
6161947
212761565
817393816
132956647
151576556
203756007
347020800
509734131
468608863
748454945
223044947
48471549
847504779
98660733
365522325
139641322
773456654
643414120
696590818
744641031
597689725
969406347
719704271
2782214
367739405
875496033
137970790
462104765
910057145
668829646
93750642
208955091
678337303
550215022
725994672
924397291
80218563
443615825
290217987
298435306
430201497
838430582
765504166
484102487
669367118
531023595
690923363
353966928
331062130
734072604
671029980
138856596
963546508
24640034
696300211
568300472
246640251
322257964
198323520
744053546
470653567
971741170
270266783
523788898
198219140
860289171
252967826
325927364
886047312
658665403
896850557
874407285
951084130
981012897
801736905
609491654
662940746
536834383
877466492
477272059
871662342
574461629
546850606
7748561
904843256
29967576
899068701
901142124
191105536
869440761
745762728
709684491
838454857
279342078
531941872
429100420
697267627
785703348
237886329
780434118
510452244
382950566
73690345
437337918
447408503
243616665
616790892
690890171
405041984
427287990
626200243
639288979
406548203
854293039
117899941
615792087
233528254
603695325
132251092
906516273
671767548
873886343
992826716
278055366
525346522
451872477
475136347
190634618
40765372
569581743
886693534
683013815
747985686
829914810
199079413
925835456
432853709
177670998
183281347
514298635
765655556
162319307
431252210
800353314
593009947
116154446
756239504
992921956
460217464
674394330
853255762
863369542
563801411
353539391
576461949
340127007
648794706
963001747
716929171
806174591
493376247
676579734
537561861
50628488
837836057
310687729
149612839
500297338
356827885
299991129
444570271
350112170
380639350
651653054
257101725
825855517
863208001
287588025
421337907
683629503
290666969
298961554
83882439
669708419
920039095
66492937
872459252
237182230
726406333
231913695
534603140
503508785
927904664
780891518
287257918
227275650
169991020
720216001
379200421
571330338
123607986
725610383
819908091
333486812
135366610
932028752
49647326
891436846
196589731
36081166
335621215
491650515
962807946
416226779
233457348
946829434
430339358
765546030
206767125
178481866
823471
643931310
750902729
200653784
152821373
367137338
911726714
462393154
341901620
821436787
428434769
648254694
891368452
797868925
607765143
641788656
366021732
100297548
717575336
971248611
344631373
925554604
471705041
18130568
715007707
986181690
724053910
327291399
251401559
424594864
6335012
238609137
168569533
818426747
898687997
872207799
901971853
591606064
367200946
665822854
864583294
607431756
580681521
137341416
457137262
740295617
322312468
334896047
302040562
187597290
509030022
538230198
323195608
267475662
868183361
759467009
716709707
271974849
733477311
131364221
61099399
332583772
143087663
554155144
568412384
613350212
848319068
16445131
730815821
788300458
747841825
655838640
965272759
889591885
405146262
800514443
79665180
460296537
810011657
902201095
536579364
31599284
932708344
15404583
207434598
401286023
949670364
821566590
404631225
94345273
297234071
784763937
243825145
188290461
170698855
62913208
753143535
291874889
868439011
683201692
367258962
929828256
281806052
66138833
828034723
941311587
890787043
229689642
154420508
338173112
999349589
356092496
854573173
344575150
994094626
458691566
56660325
701419008
270497735
876505461
109556362
240647108
371997040
405525950
568056048
385089260
883337112
433170557
607887188
449266958
645212086
595748527
173633549
710656343
93561975
39442132
133337913
992719412
476823952
848348672
513338289
340188818
450608672
183703758
410908925
266637120
547910997
470444691
42898324
615110594
574593765
138148796
229721484
316936801
892744242
177796173
735088451
671361741
288790068
159794216
220580647
80138696
570475408
932414290
350259869
463628035
201838340
681017857
93237467
44068839
465730042
277025324
642432756
749768324
17949426
899775777
335569762
334093387
494526494
347843575
934078964
745753970
472105031
199164403
761216817
87681806
682528323
325552516
913196029
58911470
659404480
996667902
71316641
275123895
606088632
565323666
744627443
699373053
243554933
28337225
884251557
194139103
46146793
630675057
145920540
534925947
987112723
77870755
931453497
4733785
584605573
735522347
81917972
405311657
482151625
837834558
933842898
980390797
218793758
875860854
385265286
317061213
91081318
583482119
487617242
194482154
858569454
578332089
479233409
897131728
931066063
556192626
515539060
371942566
109228880
334918325
166834838
594745520
836495622
109696500
314366951
708670095
423614341
835451544
697342606
386064243
694281634
285570481
894164632
317248901
704656764
980540515
542244480
722266626
382979544
205245425
580994597
368662494
703756168
884223071
669293410
886365405
949648668
871359279
875239793
610600973
51583500
221172203
569960857
375208033
388981238
855901959
646393722
219418510
748022298
465144501
243822045
458821619
775586108
446711850
971428197
485169390
721636219
905792645
823267444
428139077
710326642
189000880
951526862
891299950
557451116
665183486
833246878
76440000
792227954
325694555
583006616
466416715
440889739
115648584
510954313
648189599
667849251
950086002
679062188
973063482
708992391
878756442
662717935
697155991
553162638
546818428
128159934
595005093
793601203
446185989
708830132
659623491
693112456
141496308
102759974
734853964
194840362
672958434
961801281
186238161
554720574
608452704
8812738
547984741
351480888
329288872
628928974
550075784
839657196
162756369
394096923
12678182
195161249
352875933
430366231
391289595
756228303
601830873
280570484
961272757
763999281
954157834
368730735
689826642
201010779
606829934
400558246
424758343
187574574
325537957
818802124
946994153
774501257
51968144
905482183
222237988
744655755
149937122
758187104
91093285
792624946
514898153
585659180
490058711
811442472
747139005
39791034
843737556
725009739
662959762
68142891
821254830
214998526
70233525
120167038
852442539
319703349
632781139
101323119
897389872
700330080
442979999
798985244
302073552
941604589
224466600
289327471
387359256
384589768
225278941
56146695
211405828
835376832
365205387
68311437
944572971
607597202
763626010
244616085
977314974
591601495
383597268
701619969
826475445
122569034
737363950
866800849
562785665
699340345
560341358
709130480
155364111
168226575
628479749
811208338
659846677
817007419
299013207
620543611
737865600
910578158
327807144
332251334
841587700
863283554
171004774
516042314
512032331
74809759
730540967
410171846
538237191
634720121
644553771
17551561
297854416
130193775
76956314
982684793
886086826
584908218
661449994
757977688
489595221
498284622
656601247
552076436
216912981
412012335
438779642
51340716
11126227
529213052
443914772
371073556
331590601
13583007
247701437
811698399
97574025
846212482
703215839
239701647
750548541
180207676
716759088
581906193
186125886
712641162
943714998
175493543
649202347
391328748
815419469
285876038
475627209
759402785
152681556
223794994
752293166
163560549
680699366
853963929
255410203
345326486
583619341
411001255
947731586
885071020
571426993
584810320
321393255
961002044
508409972
249585065
306471010
446095764
452355046
177658141
676552547
967856099
579624012
754282495
613505043
974747537
206680959
732405486
54194126
236689828
489209793
760628523
142556473
95978111
890264957
324519181
930830650
25666542
708945501
368071365
716778504
72026004
927098754
681552682
895487148
421665170
63581040
674760198
446240415
245045150
450424027
51857391
533452377
603620158
422297000
13363011
140291491
425528100
789882976
415332252
581521606
828300867
635337729
600928701
284531506
309416931
45412543
809850999
883993134
449654041
35064920
138729977
547361528
752190287
211254003
673527598
739678863
724509141
689031469
121638839
850524602
938200067
60930571
390611639
385551681
588536426
127343943
112154420
479074100
567774859
999200749
317613834
200256
161759675
935116476
557192366
914079415
901086817
453906078
263413916
655232079
41740246
562458393
468341833
58670094
977676649
725957700
917304076
652413571
74577473
482457083
4896883
290797016
152169987
627018977
419340695
798706524
838807805
147383589
835202283
41598510
829138832
962631782
311144167
103436879
881633156
418492467
780133912
398754028
528080733
495566269
512015864
752871732
179407140
456614618
44779619
311765259
296259898
382603977
873176309
78310697
399355173
620371525
648364059
927545875
282898957
422883348
762189028
815666762
703000927
68014154
605074679
905958132
596809431
517470167
304522526
321500339
649574313
532421386
348049886
406545249
625548900
341593625
620695423
662061839
780441573
790655209
309824974
424751812
398678853
641671347
110296276
274608774
708419563
511278658
546552349
140044988
475671672
941498303
227498951
131383013
405319293
972509127
336028912
626618661
943751933
699382137
199734979
210314269
662727793
958030393
686178726
435799147
59273941
891735720
917698716
531651127
388138728
184140504
873036876
901221045
303808671
579712660
150439585
453895620
753732154
955081066
536980430
812985269
36310708
108020423
417175449
382980965
640591370
648230074
36983765
610982911
812980476
759914870
601195864
214832209
520400658
435392680
427967562
465255119
113903327
522295985
151756943
29825073
903530648
978895608
864220167
873352717
317441729
934648960
791997455
978190750
100326630
85411289
286795079
796038348
515240801
719468590
146605598
802558362
569234889
33189115
92160437
669298731
140620913
640891770
435716841
27304292
168932240
540918743
6201672
126792417
655738707
772857305
855076880
330706563
920840233
945086729
70768907
924234895
977519328
532330702
16023103
749055289
781445832
52122444
333657552
584432961
904262180
67327520
691678863
363949421
708056110
381517348
392293961
969647091
514651388
819485567
930540827
393463092
917971782
875920579
683176678
765658535
329701058
371384089
602763254
11226722
930572819
503368442
36382350
449029661
123666187
692020481
926346681
275767275
495497505
120528507
647052987
784469582
315674728
110737064
418674437
445485116
385737736
214621878
252848332
853210979
568762926
487359207
167874059
149977001
994465200
70408643
260681397
651042732
210601166
426001555
636505262
577529832
529717189
756518861
441189736
21267097
834556788
585598189
797404819
753379032
801195792
117376892
462832485
982340021
387388189
317516900
51816240
667893828
25986655
465480170
417261418
257232490
925310982
842520268
940138800
617918733
794352937
502120543
111532242
46989489
810469491
727405835
34105360
885266359
150777181
478064905
127363158
433126311
390763165
795475647
180214851
609814093
95311317
599613984
432640366
347313732
420023102
816915456
147966635
49424878
155938987
620344564
419454398
28435146
928480393
600726178
223247928
773258363
72793469
89166760
303250247
136118438
96398263
616061324
930918759
751019878
393513601
670351068
374637340
331342107
541768913
503582195
685912258
678992406
208720268
766679347
584546220
354526502
520323179
794560999
577702212
867047189
512824996
349465716
982365280
779084198
115515395
508198593
545988850
604587693
358401136
404209608
783289451
671507201
143062197
590127767
473000106
29714900
340343971
456422290
865414389
369560376
997396115
409016992
276953149
767934523
909131676
642246382
967053724
631802773
428744870
691625399
985137129
702568444
315617144
938937430
221266120
497629883
180801800
345653284
347952198
770362522
982363112
827577708
81557276
592294034
681032672
921338738
909102220
960354795
656482452
380228075
514874439
153044704
598217384
52182093
378036094
862440243
249179684
870761163
751093449
677567205
66913020
772520873
191039756
28062392
751732866
131546003
172833472
387135104
272694376
572468184
608604904
884530777
293084436
553861031
898330643
895524994
770121577
364811217
663060019
289573767
754418325
739742338
176463677
625822330
567265558
261708200
673907669
361490489
210278565
126180694
208244704
291154425
728949514
28427890
889691680
368409484
334533614
684550924
47962155
712294194
7551691
787409111
657783820
880534874
530709394
649383513
591955928
104318298
573432226
17073540
317358225
859355290
47870461
259888883
809389983
498306171
692141808
495681181
278451003
160180893
694000416
839441529
9836467
887604609
893215082
62365160
3179133
490121121
153763721
499620424
748914624
23571553
485631778
270358631
391647415
404252596
961418586
431312509
560946985
390255435
776501754
684913695
223112421
480542715
804960412
442283964
285380147
956845936
916851644
719547579
568536842
91196795
222163452
48100023
359652641
940729736
30694327
131016057
86924360
20875512
888978797
390304749
338751367
839853744
931742153
135274919
726261152
959538366
247621246
909463512
159714005
892043140
817692120
237492850
139806315
428087743
841828062
970873644
992044900
904729419
938314117
780852184
964992950
713699884
574232184
82520980
680002865
216080549
701250537
531380544
121543096
846552971
955120694
995293303
29051044
140640316
984413959
452468131
655011870
145448954
952410570
308831473
295110927
679078568
475863561
395755733
992354308
465413138
786972943
294503874
569141787
18978355
856468921
328426625
853725857
397810294
772244927
737100592
389695714
317264904
713801278
177285135
716267749
824558157
830421605
252672998
270737263
897749416
700935865
621861063
452619238
889651504
182886611
525085781
132515061
504635984
293593712
497025924
507824357
385194163
698741612
848775450
589316652
352260155
982133220
522085543
658604517
685002491
39090347
788856049
807757114
33559878
787599761
899018731
265611868
52162705
412146491
124649683
17720641
636599434
253089351
871258440
388223256
200937406
689990329
767473336
255600333
862959059
644083796
293810871
636666617
356046563
203044088
732864854
411949217
425011473
254581065
838855324
980385619
851342314
186282794
797305730
410864112
654331773
809695529
330740085
584745798
757425186
38380152
815431824
227117180
866218649
356351352
34777421
550690661
70547911
581632829
713389138
34206133
83781275
953710453
193950264
422515329
925077473
658248330
115154675
457211819
11792073
457241402
454335534
283617452
829013819
617201521
388509663
750679396
328542896
903925318
412405441
439765239
833842433
573424454
608340659
449483210
511934728
985471936
642599949
263771159
581957954
964979284
318430894
989096694
752877797
811476564
63958613
358041143
654827029
75082208
284584667
418181508
686380391
431741001
823350221
213101229
823793698
692526630
394850829
219571077
7663519
483235754
860446940
701478333
559727713
162378157
584395613
549945254
861877934
884669986
530635612
773234046
476456123
